[0m[2023-04-27 11:04:32,071][go-cqhttp/WARNING] PyCqBot: go-cqhttp ¾¯¸æ Protocol -> device lock is disable. http api may fail.[0m
[0m[2023-04-27 11:04:34,466][MainThread/INFO] PyCqBot: ÕıÔÚÁ¬½Ó go-cqhttp websocket ·şÎñ[0m
[0m[2023-04-27 11:04:34,580][run_meta_event_lifecycle_connect_0/INFO] PyCqBot: ³É¹¦Á¬½Ó websocket ·şÎñ! bot qq:1330141479[0m
[0m[2023-04-27 11:04:51,576][command/INFO] PyCqBot: ¼×ÑõÂÈÆÕ°· (qq=2822075626,ÈººÅ=679872429) Ê¹ÓÃÖ¸Áî: #help[0m
[0m[2023-04-27 11:04:51,577][command/WARNING] PyCqBot: Ö¸Áî save Î´Ìí¼Ó°ïÖúÎÄ±¾[0m
[0m[2023-04-27 11:04:51,578][command/WARNING] PyCqBot: Ö¸Áî search Î´Ìí¼Ó°ïÖúÎÄ±¾[0m
[0m[2023-04-27 11:05:04,960][command/INFO] PyCqBot: ¼×ÑõÂÈÆÕ°· (qq=2822075626,ÈººÅ=679872429) Ê¹ÓÃÖ¸Áî: #echo ¿ÉÒÔÔËĞĞÂğ£¿[0m
[0m[2023-04-27 11:05:24,770][command/INFO] PyCqBot: ¼×ÑõÂÈÆÕ°· (qq=2822075626,ÈººÅ=679872429) Ê¹ÓÃÖ¸Áî: #save[0m
[0m[2023-04-27 11:05:53,647][command/INFO] PyCqBot: Ö¸Áî #get ²»´æÔÚ...[0m
[0m[2023-04-27 11:06:05,226][command/INFO] PyCqBot: ¼×ÑõÂÈÆÕ°· (qq=2822075626,ÈººÅ=679872429) Ê¹ÓÃÖ¸Áî: #search[0m
[0m[2023-04-27 11:07:59,096][go-cqhttp/WARNING] PyCqBot: go-cqhttp ¾¯¸æ Protocol -> device lock is disable. http api may fail.[0m
[0m[2023-04-27 11:08:01,905][MainThread/INFO] PyCqBot: ÕıÔÚÁ¬½Ó go-cqhttp websocket ·şÎñ[0m
[0m[2023-04-27 11:08:02,034][run_meta_event_lifecycle_connect_0/INFO] PyCqBot: ³É¹¦Á¬½Ó websocket ·şÎñ! bot qq:1330141479[0m
[0m[2023-04-27 11:08:09,431][command/INFO] PyCqBot: ¼×ÑõÂÈÆÕ°· (qq=2822075626,ÈººÅ=679872429) Ê¹ÓÃÖ¸Áî: #save[0m
[0m[2023-04-27 11:08:16,433][go-cqhttp/WARNING] PyCqBot: go-cqhttp ¾¯¸æ ¼ì²é¸üĞÂÊ§°Ü: Get "https://api.github.com/repos/Mrs4s/go-cqhttp/releases/latest": context deadline exceeded (Client.Timeout exceeded while awaiting headers)[0m
[0m[2023-04-27 11:08:27,647][command/INFO] PyCqBot: ¼×ÑõÂÈÆÕ°· (qq=2822075626,ÈººÅ=679872429) Ê¹ÓÃÖ¸Áî: #search[0m
[0m[2023-04-27 11:24:54,533][command/INFO] PyCqBot: ¼×ÑõÂÈÆÕ°· (qq=2822075626,ÈººÅ=679872429) Ê¹ÓÃÖ¸Áî: #search[0m
[0m[2023-04-27 11:26:56,566][go-cqhttp/WARNING] PyCqBot: go-cqhttp ¾¯¸æ Protocol -> device lock is disable. http api may fail.[0m
[0m[2023-04-27 11:26:59,320][MainThread/INFO] PyCqBot: ÕıÔÚÁ¬½Ó go-cqhttp websocket ·şÎñ[0m
[0m[2023-04-27 11:26:59,439][run_meta_event_lifecycle_connect_0/INFO] PyCqBot: ³É¹¦Á¬½Ó websocket ·şÎñ! bot qq:1330141479[0m
[0m[2023-04-27 11:27:06,950][command/INFO] PyCqBot: ¼×ÑõÂÈÆÕ°· (qq=2822075626,ÈººÅ=679872429) Ê¹ÓÃÖ¸Áî: #save[0m
[0m[2023-04-27 11:27:14,812][command/INFO] PyCqBot: ¼×ÑõÂÈÆÕ°· (qq=2822075626,ÈººÅ=679872429) Ê¹ÓÃÖ¸Áî: #save[0m
[0m[2023-04-27 11:27:21,856][command/INFO] PyCqBot: ¼×ÑõÂÈÆÕ°· (qq=2822075626,ÈººÅ=679872429) Ê¹ÓÃÖ¸Áî: #save[0m
[0m[2023-04-27 11:27:29,774][command/INFO] PyCqBot: ¼×ÑõÂÈÆÕ°· (qq=2822075626,ÈººÅ=679872429) Ê¹ÓÃÖ¸Áî: #search[0m
[0m[2023-04-27 11:29:55,295][go-cqhttp/WARNING] PyCqBot: go-cqhttp ¾¯¸æ Protocol -> device lock is disable. http api may fail.[0m
[0m[2023-04-27 11:29:57,972][MainThread/INFO] PyCqBot: ÕıÔÚÁ¬½Ó go-cqhttp websocket ·şÎñ[0m
[0m[2023-04-27 11:29:58,088][run_meta_event_lifecycle_connect_0/INFO] PyCqBot: ³É¹¦Á¬½Ó websocket ·şÎñ! bot qq:1330141479[0m
[0m[2023-04-27 11:30:02,001][command/INFO] PyCqBot: ¼×ÑõÂÈÆÕ°· (qq=2822075626,ÈººÅ=679872429) Ê¹ÓÃÖ¸Áî: #save[0m
[0m[2023-04-27 11:30:06,150][command/INFO] PyCqBot: ¼×ÑõÂÈÆÕ°· (qq=2822075626,ÈººÅ=679872429) Ê¹ÓÃÖ¸Áî: #save[0m
[0m[2023-04-27 11:30:13,786][command/INFO] PyCqBot: ¼×ÑõÂÈÆÕ°· (qq=2822075626,ÈººÅ=679872429) Ê¹ÓÃÖ¸Áî: #search[0m
