[2023-05-08 10:24:24] [INFO]: 当前版本:v1.0.0 
[2023-05-08 10:24:24] [INFO]: 将使用 device.json 内的设备信息运行Bot. 
[2023-05-08 10:24:24] [INFO]: 开始尝试登录并同步消息... 
[2023-05-08 10:24:24] [INFO]: 使用协议: Android Watch 2.0.8 
[2023-05-08 10:24:24] [INFO]: Protocol -> connect to server: 111.31.205.168:8080 
[2023-05-08 10:24:25] [WARNING]: Protocol -> device lock is disable. http api may fail. 
[2023-05-08 10:24:26] [INFO]: 登录成功 欢迎使用: 兔子的兔子 
[2023-05-08 10:24:26] [INFO]: 开始加载好友列表... 
[2023-05-08 10:24:27] [INFO]: 共加载 3 个好友. 
[2023-05-08 10:24:27] [INFO]: 开始加载群列表... 
[2023-05-08 10:24:27] [INFO]: 共加载 1 个群. 
[2023-05-08 10:24:27] [INFO]: 资源初始化完成, 开始处理信息. 
[2023-05-08 10:24:27] [INFO]: CQ HTTP 服务器已启动: 127.0.0.1:5700 
[2023-05-08 10:24:27] [INFO]: CQ WebSocket 服务器已启动: 127.0.0.1:8000 
[2023-05-08 10:24:27] [INFO]: アトリは、高性能ですから! 
[2023-05-08 10:24:27] [INFO]: 正在检查更新. 
[2023-05-08 10:24:27] [INFO]: 接受 WebSocket 连接: 127.0.0.1:49530 (/) 
[2023-05-08 10:24:28] [INFO]: 收到服务器地址更新通知, 将在下一次重连时应用.  
[2023-05-08 10:24:28] [INFO]: 当前有更新的 go-cqhttp 可供更新, 请前往 https://github.com/Mrs4s/go-cqhttp/releases 下载. 
[2023-05-08 10:24:28] [INFO]: 当前版本: v1.0.0 最新版本: v1.0.1 
[2023-05-08 10:24:28] [INFO]: 开始诊断网络情况 
[2023-05-08 10:24:30] [INFO]: 网络诊断完成. 未发现问题 
[2023-05-08 10:26:37] [INFO]: 收到群 兔子的兔子开发群(679872429) 内 甲氧氯普胺(2822075626) 的消息: 1 (451020094) 
[2023-05-08 10:26:42] [INFO]: 收到群 兔子的兔子开发群(679872429) 内 甲氧氯普胺(2822075626) 的消息:  (-2081729404) 
[2023-05-08 10:26:43] [INFO]: 发送群 兔子的兔子开发群(679872429) 的消息: 指令  运行时错误. ... (-185834478) 
[2023-05-08 10:27:24] [INFO]: 收到群 兔子的兔子开发群(679872429) 内 甲氧氯普胺(2822075626) 的消息: 😌 (1683192195) 
[2023-05-08 10:50:13] [INFO]: 收到群 兔子的兔子开发群(679872429) 内 甲氧氯普胺(2822075626) 的消息: [CQ:image,file=ff894ac4c7575173122ad316942ba903.image,subType=1,url=https://gchat.qpic.cn/gchatpic_new/2822075626/679872429-2489531252-FF894AC4C7575173122AD316942BA903/0?term=2&amp;is_origin=0] (324290837) 
[2023-05-08 10:50:24] [INFO]: 收到群 兔子的兔子开发群(679872429) 内 甲氧氯普胺(2822075626) 的消息:  (1101374066) 
[2023-05-08 10:50:24] [INFO]: 发送群 兔子的兔子开发群(679872429) 的消息: 指令  运行时错误. ... (916624100) 
[2023-05-08 10:55:11] [INFO]: 收到群 兔子的兔子开发群(679872429) 内 甲氧氯普胺(2822075626) 的消息: #a (-1347697826) 
[2023-05-08 10:55:12] [INFO]: 发送群 兔子的兔子开发群(679872429) 的消息: 指令 #a 不存在. ... (-659754040) 
[2023-05-08 11:18:18] [INFO]: 收到群 兔子的兔子开发群(679872429) 内 甲氧氯普胺(2822075626) 的消息:     (1187538539) 
[2023-05-08 11:18:21] [INFO]: 收到群 兔子的兔子开发群(679872429) 内 甲氧氯普胺(2822075626) 的消息:   (835671805) 
[2023-05-08 11:18:29] [INFO]: 收到群 兔子的兔子开发群(679872429) 内 甲氧氯普胺(2822075626) 的消息:   (-1463417017) 
[2023-05-08 11:29:58] [INFO]: 当前版本:v1.0.0 
[2023-05-08 11:29:58] [INFO]: 将使用 device.json 内的设备信息运行Bot. 
[2023-05-08 11:29:58] [INFO]: 开始尝试登录并同步消息... 
[2023-05-08 11:29:58] [INFO]: 使用协议: Android Watch 2.0.8 
[2023-05-08 11:29:59] [INFO]: Protocol -> connect to server: 111.30.170.211:8080 
[2023-05-08 11:29:59] [WARNING]: Protocol -> device lock is disable. http api may fail. 
[2023-05-08 11:30:01] [INFO]: 登录成功 欢迎使用: 兔子的兔子 
[2023-05-08 11:30:01] [INFO]: 开始加载好友列表... 
[2023-05-08 11:30:01] [INFO]: 共加载 3 个好友. 
[2023-05-08 11:30:01] [INFO]: 开始加载群列表... 
[2023-05-08 11:30:01] [INFO]: 共加载 1 个群. 
[2023-05-08 11:30:01] [INFO]: 资源初始化完成, 开始处理信息. 
[2023-05-08 11:30:01] [INFO]: CQ WebSocket 服务器已启动: 127.0.0.1:8000 
[2023-05-08 11:30:01] [INFO]: CQ HTTP 服务器已启动: 127.0.0.1:5700 
[2023-05-08 11:30:01] [INFO]: アトリは、高性能ですから! 
[2023-05-08 11:30:01] [INFO]: 正在检查更新. 
[2023-05-08 11:30:02] [INFO]: 接受 WebSocket 连接: 127.0.0.1:50071 (/) 
[2023-05-08 11:30:02] [INFO]: 收到服务器地址更新通知, 将在下一次重连时应用.  
[2023-05-08 11:30:02] [INFO]: 当前有更新的 go-cqhttp 可供更新, 请前往 https://github.com/Mrs4s/go-cqhttp/releases 下载. 
[2023-05-08 11:30:02] [INFO]: 当前版本: v1.0.0 最新版本: v1.0.1 
[2023-05-08 11:30:02] [INFO]: 开始诊断网络情况 
[2023-05-08 11:30:05] [INFO]: 网络诊断完成. 未发现问题 
[2023-05-08 11:30:16] [INFO]: 收到群 兔子的兔子开发群(679872429) 内 甲氧氯普胺(2822075626) 的消息: #echo 1 (-540985391) 
[2023-05-08 11:30:17] [INFO]: 发送群 兔子的兔子开发群(679872429) 的消息: [CQ:reply, ... (1333668416) 
[2023-05-08 11:31:58] [INFO]: 收到群 兔子的兔子开发群(679872429) 内 甲氧氯普胺(2822075626) 的消息: # echo (947460822) 
[2023-05-08 11:31:58] [INFO]: 发送群 兔子的兔子开发群(679872429) 的消息: 指令 # echo  ... (1488884531) 
[2023-05-08 11:32:04] [INFO]: 收到群 兔子的兔子开发群(679872429) 内 甲氧氯普胺(2822075626) 的消息: #echo (800695205) 
[2023-05-08 11:32:05] [INFO]: 发送群 兔子的兔子开发群(679872429) 的消息: [CQ:reply, ... (-1229917665) 
[2023-05-08 11:34:21] [INFO]: 收到群 兔子的兔子开发群(679872429) 内 甲氧氯普胺(2822075626) 的消息: 111 (-1044921719) 
