[2023-05-19 16:02:23] [INFO]: 当前版本:v1.0.0 
[2023-05-19 16:02:23] [INFO]: 将使用 device.json 内的设备信息运行Bot. 
[2023-05-19 16:02:23] [INFO]: 开始尝试登录并同步消息... 
[2023-05-19 16:02:23] [INFO]: 使用协议: Android Watch 2.0.8 
[2023-05-19 16:02:23] [INFO]: Protocol -> connect to server: 42.81.184.206:8080 
[2023-05-19 16:02:23] [WARNING]: Protocol -> device lock is disable. http api may fail. 
[2023-05-19 16:02:25] [INFO]: 登录成功 欢迎使用: 兔子的兔子 
[2023-05-19 16:02:25] [INFO]: 开始加载好友列表... 
[2023-05-19 16:02:26] [INFO]: 共加载 3 个好友. 
[2023-05-19 16:02:26] [INFO]: 开始加载群列表... 
[2023-05-19 16:02:26] [INFO]: 共加载 1 个群. 
[2023-05-19 16:02:26] [INFO]: 资源初始化完成, 开始处理信息. 
[2023-05-19 16:02:26] [INFO]: アトリは、高性能ですから! 
[2023-05-19 16:02:26] [INFO]: CQ WebSocket 服务器已启动: 127.0.0.1:8000 
[2023-05-19 16:02:26] [INFO]: CQ HTTP 服务器已启动: 127.0.0.1:5700 
[2023-05-19 16:02:26] [INFO]: 正在检查更新. 
[2023-05-19 16:02:26] [INFO]: 接受 WebSocket 连接: 127.0.0.1:2657 (/) 
[2023-05-19 16:02:26] [INFO]: 当前有更新的 go-cqhttp 可供更新, 请前往 https://github.com/Mrs4s/go-cqhttp/releases 下载. 
[2023-05-19 16:02:26] [INFO]: 当前版本: v1.0.0 最新版本: v1.0.1 
[2023-05-19 16:02:26] [INFO]: 开始诊断网络情况 
[2023-05-19 16:02:29] [INFO]: 网络诊断完成. 未发现问题 
[2023-05-19 16:02:31] [INFO]: 收到服务器地址更新通知, 将在下一次重连时应用.  
[2023-05-19 16:02:42] [INFO]: 收到群 兔子的兔子开发群(679872429) 内 甲氧氯普胺(2822075626) 的消息: # help (1607685930) 
[2023-05-19 16:02:43] [INFO]: 发送群 兔子的兔子开发群(679872429) 的消息: 指令 # help  ... (685008828) 
[2023-05-19 16:02:48] [INFO]: 收到群 兔子的兔子开发群(679872429) 内 甲氧氯普胺(2822075626) 的消息: help (-1310902778) 
[2023-05-19 16:02:57] [INFO]: 收到群 兔子的兔子开发群(679872429) 内 甲氧氯普胺(2822075626) 的消息: #help (-958790000) 
[2023-05-19 16:02:57] [INFO]: 发送群 兔子的兔子开发群(679872429) 的消息: [CQ:reply, ... (1449466625) 
[2023-05-19 16:03:24] [INFO]: 收到群 兔子的兔子开发群(679872429) 内 甲氧氯普胺(2822075626) 的消息: #save (560081815) 
[2023-05-19 16:03:25] [INFO]: 发送群 兔子的兔子开发群(679872429) 的消息: [CQ:reply, ... (402589172) 
[2023-05-19 16:03:33] [INFO]: 收到群 兔子的兔子开发群(679872429) 内 甲氧氯普胺(2822075626) 的消息: 哈哈哈 (1626879330) 
[2023-05-19 16:03:43] [INFO]: 发送群 兔子的兔子开发群(679872429) 的消息: [CQ:reply, ... (-101620520) 
[2023-05-19 16:25:21] [INFO]: 收到群 兔子的兔子开发群(679872429) 内 甲氧氯普胺(2822075626) 的消息: #help (-1896459186) 
[2023-05-19 16:25:22] [INFO]: 发送群 兔子的兔子开发群(679872429) 的消息: [CQ:reply, ... (278053357) 
[2023-05-19 16:59:33] [INFO]: 当前版本:v1.0.0 
[2023-05-19 16:59:33] [INFO]: 将使用 device.json 内的设备信息运行Bot. 
[2023-05-19 16:59:33] [INFO]: 开始尝试登录并同步消息... 
[2023-05-19 16:59:33] [INFO]: 使用协议: Android Watch 2.0.8 
[2023-05-19 16:59:33] [INFO]: Protocol -> connect to server: 42.81.194.99:8080 
[2023-05-19 16:59:33] [WARNING]: Protocol -> device lock is disable. http api may fail. 
[2023-05-19 16:59:35] [INFO]: 登录成功 欢迎使用: 兔子的兔子 
[2023-05-19 16:59:35] [INFO]: 开始加载好友列表... 
[2023-05-19 16:59:35] [INFO]: 共加载 3 个好友. 
[2023-05-19 16:59:35] [INFO]: 开始加载群列表... 
[2023-05-19 16:59:36] [INFO]: 共加载 1 个群. 
[2023-05-19 16:59:36] [INFO]: 资源初始化完成, 开始处理信息. 
[2023-05-19 16:59:36] [INFO]: アトリは、高性能ですから! 
[2023-05-19 16:59:36] [INFO]: CQ WebSocket 服务器已启动: 127.0.0.1:8000 
[2023-05-19 16:59:36] [INFO]: CQ HTTP 服务器已启动: 127.0.0.1:5700 
[2023-05-19 16:59:36] [INFO]: 正在检查更新. 
[2023-05-19 16:59:36] [INFO]: 接受 WebSocket 连接: 127.0.0.1:4283 (/) 
[2023-05-19 16:59:36] [INFO]: 当前有更新的 go-cqhttp 可供更新, 请前往 https://github.com/Mrs4s/go-cqhttp/releases 下载. 
[2023-05-19 16:59:36] [INFO]: 当前版本: v1.0.0 最新版本: v1.0.1 
[2023-05-19 16:59:36] [INFO]: 开始诊断网络情况 
[2023-05-19 16:59:36] [INFO]: 收到服务器地址更新通知, 将在下一次重连时应用.  
[2023-05-19 16:59:39] [INFO]: 网络诊断完成. 未发现问题 
[2023-05-19 17:03:34] [INFO]: 当前版本:v1.0.0 
[2023-05-19 17:03:34] [INFO]: 将使用 device.json 内的设备信息运行Bot. 
[2023-05-19 17:03:34] [INFO]: 开始尝试登录并同步消息... 
[2023-05-19 17:03:34] [INFO]: 使用协议: Android Watch 2.0.8 
[2023-05-19 17:03:34] [INFO]: Protocol -> connect to server: 42.81.194.99:8080 
[2023-05-19 17:03:34] [WARNING]: Protocol -> device lock is disable. http api may fail. 
[2023-05-19 17:03:36] [INFO]: 登录成功 欢迎使用: 兔子的兔子 
[2023-05-19 17:03:36] [INFO]: 开始加载好友列表... 
[2023-05-19 17:03:36] [INFO]: 共加载 3 个好友. 
[2023-05-19 17:03:36] [INFO]: 开始加载群列表... 
[2023-05-19 17:03:37] [INFO]: 共加载 1 个群. 
[2023-05-19 17:03:37] [INFO]: 资源初始化完成, 开始处理信息. 
[2023-05-19 17:03:37] [INFO]: CQ HTTP 服务器已启动: 127.0.0.1:5700 
[2023-05-19 17:03:37] [INFO]: CQ WebSocket 服务器已启动: 127.0.0.1:8000 
[2023-05-19 17:03:37] [INFO]: アトリは、高性能ですから! 
[2023-05-19 17:03:37] [INFO]: 正在检查更新. 
[2023-05-19 17:03:37] [INFO]: 接受 WebSocket 连接: 127.0.0.1:4393 (/) 
[2023-05-19 17:03:37] [INFO]: 当前有更新的 go-cqhttp 可供更新, 请前往 https://github.com/Mrs4s/go-cqhttp/releases 下载. 
[2023-05-19 17:03:37] [INFO]: 当前版本: v1.0.0 最新版本: v1.0.1 
[2023-05-19 17:03:37] [INFO]: 开始诊断网络情况 
[2023-05-19 17:03:38] [INFO]: 收到服务器地址更新通知, 将在下一次重连时应用.  
[2023-05-19 17:03:40] [INFO]: 网络诊断完成. 未发现问题 
[2023-05-19 17:04:05] [INFO]: 当前版本:v1.0.0 
[2023-05-19 17:04:05] [INFO]: 将使用 device.json 内的设备信息运行Bot. 
[2023-05-19 17:04:05] [INFO]: 开始尝试登录并同步消息... 
[2023-05-19 17:04:05] [INFO]: 使用协议: Android Watch 2.0.8 
[2023-05-19 17:04:06] [INFO]: Protocol -> connect to server: 42.81.194.99:8080 
[2023-05-19 17:04:06] [WARNING]: Protocol -> device lock is disable. http api may fail. 
[2023-05-19 17:04:08] [INFO]: 登录成功 欢迎使用: 兔子的兔子 
[2023-05-19 17:04:08] [INFO]: 开始加载好友列表... 
[2023-05-19 17:04:08] [INFO]: 共加载 3 个好友. 
[2023-05-19 17:04:08] [INFO]: 开始加载群列表... 
[2023-05-19 17:04:08] [INFO]: 共加载 1 个群. 
[2023-05-19 17:04:08] [INFO]: 资源初始化完成, 开始处理信息. 
[2023-05-19 17:04:08] [INFO]: CQ WebSocket 服务器已启动: 127.0.0.1:8000 
[2023-05-19 17:04:08] [INFO]: CQ HTTP 服务器已启动: 127.0.0.1:5700 
[2023-05-19 17:04:08] [INFO]: アトリは、高性能ですから! 
[2023-05-19 17:04:08] [INFO]: 正在检查更新. 
[2023-05-19 17:04:08] [INFO]: 接受 WebSocket 连接: 127.0.0.1:4452 (/) 
[2023-05-19 17:04:09] [INFO]: 收到服务器地址更新通知, 将在下一次重连时应用.  
[2023-05-19 17:04:09] [INFO]: 当前有更新的 go-cqhttp 可供更新, 请前往 https://github.com/Mrs4s/go-cqhttp/releases 下载. 
[2023-05-19 17:04:09] [INFO]: 当前版本: v1.0.0 最新版本: v1.0.1 
[2023-05-19 17:04:09] [INFO]: 开始诊断网络情况 
[2023-05-19 17:04:12] [INFO]: 网络诊断完成. 未发现问题 
[2023-05-19 17:04:26] [INFO]: 当前版本:v1.0.0 
[2023-05-19 17:04:26] [INFO]: 将使用 device.json 内的设备信息运行Bot. 
[2023-05-19 17:04:26] [INFO]: 开始尝试登录并同步消息... 
[2023-05-19 17:04:26] [INFO]: 使用协议: Android Watch 2.0.8 
[2023-05-19 17:04:31] [INFO]: Protocol -> connect to server: 221.238.41.89:8080 
[2023-05-19 17:04:32] [WARNING]: Protocol -> device lock is disable. http api may fail. 
[2023-05-19 17:04:33] [INFO]: 登录成功 欢迎使用: 兔子的兔子 
[2023-05-19 17:04:33] [INFO]: 开始加载好友列表... 
[2023-05-19 17:04:34] [INFO]: 共加载 3 个好友. 
[2023-05-19 17:04:34] [INFO]: 开始加载群列表... 
[2023-05-19 17:04:34] [INFO]: 共加载 1 个群. 
[2023-05-19 17:04:34] [INFO]: 资源初始化完成, 开始处理信息. 
[2023-05-19 17:04:34] [INFO]: CQ WebSocket 服务器已启动: 127.0.0.1:8000 
[2023-05-19 17:04:34] [INFO]: CQ HTTP 服务器已启动: 127.0.0.1:5700 
[2023-05-19 17:04:34] [INFO]: アトリは、高性能ですから! 
[2023-05-19 17:04:34] [INFO]: 正在检查更新. 
[2023-05-19 17:04:34] [INFO]: 接受 WebSocket 连接: 127.0.0.1:4510 (/) 
[2023-05-19 17:04:34] [INFO]: 当前有更新的 go-cqhttp 可供更新, 请前往 https://github.com/Mrs4s/go-cqhttp/releases 下载. 
[2023-05-19 17:04:34] [INFO]: 当前版本: v1.0.0 最新版本: v1.0.1 
[2023-05-19 17:04:34] [INFO]: 开始诊断网络情况 
[2023-05-19 17:04:35] [INFO]: 收到服务器地址更新通知, 将在下一次重连时应用.  
[2023-05-19 17:04:47] [WARNING]: 警告: 本地连接聊天服务器丢包率为 10%, 可能出现消息丢失/延迟或频繁掉线等情况, 请检查本地网络状态. 
[2023-05-19 17:04:47] [INFO]: 网络诊断完成. 发现问题, 请检查日志. 
[2023-05-19 17:14:28] [INFO]: 当前版本:v1.0.0 
[2023-05-19 17:14:28] [INFO]: 将使用 device.json 内的设备信息运行Bot. 
[2023-05-19 17:14:28] [INFO]: 开始尝试登录并同步消息... 
[2023-05-19 17:14:28] [INFO]: 使用协议: Android Watch 2.0.8 
[2023-05-19 17:14:29] [INFO]: Protocol -> connect to server: 123.151.54.38:8080 
[2023-05-19 17:14:29] [WARNING]: Protocol -> device lock is disable. http api may fail. 
[2023-05-19 17:14:31] [INFO]: 登录成功 欢迎使用: 兔子的兔子 
[2023-05-19 17:14:31] [INFO]: 开始加载好友列表... 
[2023-05-19 17:14:31] [INFO]: 共加载 3 个好友. 
[2023-05-19 17:14:31] [INFO]: 开始加载群列表... 
[2023-05-19 17:14:31] [INFO]: 共加载 1 个群. 
[2023-05-19 17:14:31] [INFO]: 资源初始化完成, 开始处理信息. 
[2023-05-19 17:14:31] [INFO]: CQ WebSocket 服务器已启动: 127.0.0.1:8000 
[2023-05-19 17:14:31] [INFO]: CQ HTTP 服务器已启动: 127.0.0.1:5700 
[2023-05-19 17:14:31] [INFO]: アトリは、高性能ですから! 
[2023-05-19 17:14:31] [INFO]: 正在检查更新. 
[2023-05-19 17:14:31] [INFO]: 接受 WebSocket 连接: 127.0.0.1:4638 (/) 
[2023-05-19 17:14:32] [INFO]: 当前有更新的 go-cqhttp 可供更新, 请前往 https://github.com/Mrs4s/go-cqhttp/releases 下载. 
[2023-05-19 17:14:32] [INFO]: 当前版本: v1.0.0 最新版本: v1.0.1 
[2023-05-19 17:14:32] [INFO]: 开始诊断网络情况 
[2023-05-19 17:14:34] [INFO]: 网络诊断完成. 未发现问题 
[2023-05-19 17:14:37] [INFO]: 收到服务器地址更新通知, 将在下一次重连时应用.  
[2023-05-19 17:15:28] [INFO]: 当前版本:v1.0.0 
[2023-05-19 17:15:28] [INFO]: 将使用 device.json 内的设备信息运行Bot. 
[2023-05-19 17:15:28] [INFO]: 开始尝试登录并同步消息... 
[2023-05-19 17:15:28] [INFO]: 使用协议: Android Watch 2.0.8 
[2023-05-19 17:15:28] [INFO]: Protocol -> connect to server: 42.81.184.206:8080 
[2023-05-19 17:15:29] [WARNING]: Protocol -> device lock is disable. http api may fail. 
[2023-05-19 17:15:30] [INFO]: 登录成功 欢迎使用: 兔子的兔子 
[2023-05-19 17:15:30] [INFO]: 开始加载好友列表... 
[2023-05-19 17:15:31] [INFO]: 共加载 3 个好友. 
[2023-05-19 17:15:31] [INFO]: 开始加载群列表... 
[2023-05-19 17:15:31] [INFO]: 共加载 1 个群. 
[2023-05-19 17:15:31] [INFO]: 资源初始化完成, 开始处理信息. 
[2023-05-19 17:15:31] [INFO]: CQ HTTP 服务器已启动: 127.0.0.1:5700 
[2023-05-19 17:15:31] [INFO]: CQ WebSocket 服务器已启动: 127.0.0.1:8000 
[2023-05-19 17:15:31] [INFO]: アトリは、高性能ですから! 
[2023-05-19 17:15:31] [INFO]: 正在检查更新. 
[2023-05-19 17:15:31] [INFO]: 接受 WebSocket 连接: 127.0.0.1:4728 (/) 
[2023-05-19 17:15:32] [INFO]: 当前有更新的 go-cqhttp 可供更新, 请前往 https://github.com/Mrs4s/go-cqhttp/releases 下载. 
[2023-05-19 17:15:32] [INFO]: 当前版本: v1.0.0 最新版本: v1.0.1 
[2023-05-19 17:15:32] [INFO]: 开始诊断网络情况 
[2023-05-19 17:15:32] [INFO]: 收到服务器地址更新通知, 将在下一次重连时应用.  
[2023-05-19 17:15:34] [INFO]: 网络诊断完成. 未发现问题 
[2023-05-19 17:19:52] [INFO]: 当前版本:v1.0.0 
[2023-05-19 17:19:52] [INFO]: 将使用 device.json 内的设备信息运行Bot. 
[2023-05-19 17:19:52] [INFO]: 开始尝试登录并同步消息... 
[2023-05-19 17:19:52] [INFO]: 使用协议: Android Watch 2.0.8 
[2023-05-19 17:19:58] [INFO]: Protocol -> connect to server: 221.238.41.89:8080 
[2023-05-19 17:19:58] [WARNING]: Protocol -> device lock is disable. http api may fail. 
[2023-05-19 17:20:00] [INFO]: 登录成功 欢迎使用: 兔子的兔子 
[2023-05-19 17:20:00] [INFO]: 开始加载好友列表... 
[2023-05-19 17:20:00] [INFO]: 共加载 3 个好友. 
[2023-05-19 17:20:00] [INFO]: 开始加载群列表... 
[2023-05-19 17:20:00] [INFO]: 共加载 1 个群. 
[2023-05-19 17:20:00] [INFO]: 资源初始化完成, 开始处理信息. 
[2023-05-19 17:20:00] [INFO]: CQ WebSocket 服务器已启动: 127.0.0.1:8000 
[2023-05-19 17:20:00] [INFO]: CQ HTTP 服务器已启动: 127.0.0.1:5700 
[2023-05-19 17:20:00] [INFO]: アトリは、高性能ですから! 
[2023-05-19 17:20:00] [INFO]: 正在检查更新. 
[2023-05-19 17:20:00] [INFO]: 接受 WebSocket 连接: 127.0.0.1:4878 (/) 
[2023-05-19 17:20:00] [INFO]: 当前有更新的 go-cqhttp 可供更新, 请前往 https://github.com/Mrs4s/go-cqhttp/releases 下载. 
[2023-05-19 17:20:00] [INFO]: 当前版本: v1.0.0 最新版本: v1.0.1 
[2023-05-19 17:20:00] [INFO]: 开始诊断网络情况 
[2023-05-19 17:20:01] [INFO]: 收到服务器地址更新通知, 将在下一次重连时应用.  
[2023-05-19 17:20:03] [INFO]: 网络诊断完成. 未发现问题 
[2023-05-19 17:22:57] [INFO]: 当前版本:v1.0.0 
[2023-05-19 17:22:57] [INFO]: 将使用 device.json 内的设备信息运行Bot. 
[2023-05-19 17:22:57] [INFO]: 开始尝试登录并同步消息... 
[2023-05-19 17:22:57] [INFO]: 使用协议: Android Watch 2.0.8 
[2023-05-19 17:22:58] [INFO]: Protocol -> connect to server: 123.151.54.194:8080 
[2023-05-19 17:22:58] [WARNING]: Protocol -> device lock is disable. http api may fail. 
[2023-05-19 17:23:00] [INFO]: 登录成功 欢迎使用: 兔子的兔子 
[2023-05-19 17:23:00] [INFO]: 开始加载好友列表... 
[2023-05-19 17:23:00] [INFO]: 共加载 3 个好友. 
[2023-05-19 17:23:00] [INFO]: 开始加载群列表... 
[2023-05-19 17:23:00] [INFO]: 共加载 1 个群. 
[2023-05-19 17:23:01] [INFO]: 资源初始化完成, 开始处理信息. 
[2023-05-19 17:23:01] [INFO]: CQ WebSocket 服务器已启动: 127.0.0.1:8000 
[2023-05-19 17:23:01] [INFO]: CQ HTTP 服务器已启动: 127.0.0.1:5700 
[2023-05-19 17:23:01] [INFO]: アトリは、高性能ですから! 
[2023-05-19 17:23:01] [INFO]: 正在检查更新. 
[2023-05-19 17:23:01] [INFO]: 当前有更新的 go-cqhttp 可供更新, 请前往 https://github.com/Mrs4s/go-cqhttp/releases 下载. 
[2023-05-19 17:23:01] [INFO]: 当前版本: v1.0.0 最新版本: v1.0.1 
[2023-05-19 17:23:01] [INFO]: 开始诊断网络情况 
[2023-05-19 17:23:01] [INFO]: 收到服务器地址更新通知, 将在下一次重连时应用.  
[2023-05-19 17:23:04] [INFO]: 网络诊断完成. 未发现问题 
[2023-05-19 17:23:22] [INFO]: 当前版本:v1.0.0 
[2023-05-19 17:23:22] [INFO]: 将使用 device.json 内的设备信息运行Bot. 
[2023-05-19 17:23:22] [INFO]: 开始尝试登录并同步消息... 
[2023-05-19 17:23:22] [INFO]: 使用协议: Android Watch 2.0.8 
[2023-05-19 17:23:22] [INFO]: Protocol -> connect to server: 123.151.54.194:8080 
[2023-05-19 17:23:22] [WARNING]: Protocol -> device lock is disable. http api may fail. 
[2023-05-19 17:23:24] [INFO]: 登录成功 欢迎使用: 兔子的兔子 
[2023-05-19 17:23:24] [INFO]: 开始加载好友列表... 
[2023-05-19 17:23:24] [INFO]: 共加载 3 个好友. 
[2023-05-19 17:23:24] [INFO]: 开始加载群列表... 
[2023-05-19 17:23:25] [INFO]: 共加载 1 个群. 
[2023-05-19 17:23:25] [INFO]: 资源初始化完成, 开始处理信息. 
[2023-05-19 17:23:25] [INFO]: CQ WebSocket 服务器已启动: 127.0.0.1:8000 
[2023-05-19 17:23:25] [INFO]: CQ HTTP 服务器已启动: 127.0.0.1:5700 
[2023-05-19 17:23:25] [INFO]: アトリは、高性能ですから! 
[2023-05-19 17:23:25] [INFO]: 正在检查更新. 
[2023-05-19 17:23:25] [INFO]: 接受 WebSocket 连接: 127.0.0.1:5007 (/) 
[2023-05-19 17:23:25] [INFO]: 当前有更新的 go-cqhttp 可供更新, 请前往 https://github.com/Mrs4s/go-cqhttp/releases 下载. 
[2023-05-19 17:23:25] [INFO]: 当前版本: v1.0.0 最新版本: v1.0.1 
[2023-05-19 17:23:25] [INFO]: 开始诊断网络情况 
[2023-05-19 17:23:25] [INFO]: 收到服务器地址更新通知, 将在下一次重连时应用.  
[2023-05-19 17:23:28] [INFO]: 网络诊断完成. 未发现问题 
[2023-05-19 17:25:13] [INFO]: 当前版本:v1.0.0 
[2023-05-19 17:25:13] [INFO]: 将使用 device.json 内的设备信息运行Bot. 
[2023-05-19 17:25:13] [INFO]: 开始尝试登录并同步消息... 
[2023-05-19 17:25:13] [INFO]: 使用协议: Android Watch 2.0.8 
[2023-05-19 17:25:13] [INFO]: Protocol -> connect to server: 42.81.183.253:8080 
[2023-05-19 17:25:14] [WARNING]: Protocol -> device lock is disable. http api may fail. 
[2023-05-19 17:25:15] [INFO]: 登录成功 欢迎使用: 兔子的兔子 
[2023-05-19 17:25:15] [INFO]: 开始加载好友列表... 
[2023-05-19 17:25:16] [INFO]: 共加载 3 个好友. 
[2023-05-19 17:25:16] [INFO]: 开始加载群列表... 
[2023-05-19 17:25:16] [INFO]: 共加载 1 个群. 
[2023-05-19 17:25:16] [INFO]: 资源初始化完成, 开始处理信息. 
[2023-05-19 17:25:16] [INFO]: アトリは、高性能ですから! 
[2023-05-19 17:25:16] [INFO]: CQ HTTP 服务器已启动: 127.0.0.1:5700 
[2023-05-19 17:25:16] [INFO]: CQ WebSocket 服务器已启动: 127.0.0.1:8000 
[2023-05-19 17:25:16] [INFO]: 正在检查更新. 
[2023-05-19 17:25:16] [INFO]: 接受 WebSocket 连接: 127.0.0.1:5069 (/) 
[2023-05-19 17:25:16] [INFO]: 当前有更新的 go-cqhttp 可供更新, 请前往 https://github.com/Mrs4s/go-cqhttp/releases 下载. 
[2023-05-19 17:25:16] [INFO]: 当前版本: v1.0.0 最新版本: v1.0.1 
[2023-05-19 17:25:16] [INFO]: 开始诊断网络情况 
[2023-05-19 17:25:17] [INFO]: 收到服务器地址更新通知, 将在下一次重连时应用.  
[2023-05-19 17:25:19] [INFO]: 网络诊断完成. 未发现问题 
[2023-05-19 17:36:58] [INFO]: 当前版本:v1.0.0 
[2023-05-19 17:36:58] [INFO]: 将使用 device.json 内的设备信息运行Bot. 
[2023-05-19 17:36:58] [INFO]: 开始尝试登录并同步消息... 
[2023-05-19 17:36:58] [INFO]: 使用协议: Android Watch 2.0.8 
[2023-05-19 17:36:58] [INFO]: Protocol -> connect to server: 123.151.54.57:8080 
[2023-05-19 17:36:58] [WARNING]: Protocol -> device lock is disable. http api may fail. 
[2023-05-19 17:37:00] [INFO]: 登录成功 欢迎使用: 兔子的兔子 
[2023-05-19 17:37:00] [INFO]: 开始加载好友列表... 
[2023-05-19 17:37:00] [INFO]: 共加载 3 个好友. 
[2023-05-19 17:37:00] [INFO]: 开始加载群列表... 
[2023-05-19 17:37:01] [INFO]: 共加载 1 个群. 
[2023-05-19 17:37:01] [INFO]: 资源初始化完成, 开始处理信息. 
[2023-05-19 17:37:01] [INFO]: CQ WebSocket 服务器已启动: 127.0.0.1:8000 
[2023-05-19 17:37:01] [INFO]: CQ HTTP 服务器已启动: 127.0.0.1:5700 
[2023-05-19 17:37:01] [INFO]: アトリは、高性能ですから! 
[2023-05-19 17:37:01] [INFO]: 正在检查更新. 
[2023-05-19 17:37:01] [INFO]: 接受 WebSocket 连接: 127.0.0.1:5223 (/) 
[2023-05-19 17:37:01] [INFO]: 当前有更新的 go-cqhttp 可供更新, 请前往 https://github.com/Mrs4s/go-cqhttp/releases 下载. 
[2023-05-19 17:37:01] [INFO]: 当前版本: v1.0.0 最新版本: v1.0.1 
[2023-05-19 17:37:01] [INFO]: 开始诊断网络情况 
[2023-05-19 17:37:01] [INFO]: 收到服务器地址更新通知, 将在下一次重连时应用.  
[2023-05-19 17:37:04] [INFO]: 网络诊断完成. 未发现问题 
[2023-05-19 17:37:30] [INFO]: 当前版本:v1.0.0 
[2023-05-19 17:37:30] [INFO]: 将使用 device.json 内的设备信息运行Bot. 
[2023-05-19 17:37:30] [INFO]: 开始尝试登录并同步消息... 
[2023-05-19 17:37:30] [INFO]: 使用协议: Android Watch 2.0.8 
[2023-05-19 17:37:35] [INFO]: Protocol -> connect to server: 123.151.54.38:8080 
[2023-05-19 17:37:35] [WARNING]: Protocol -> device lock is disable. http api may fail. 
[2023-05-19 17:37:37] [INFO]: 登录成功 欢迎使用: 兔子的兔子 
[2023-05-19 17:37:37] [INFO]: 开始加载好友列表... 
[2023-05-19 17:37:37] [INFO]: 共加载 3 个好友. 
[2023-05-19 17:37:37] [INFO]: 开始加载群列表... 
[2023-05-19 17:37:37] [INFO]: 共加载 1 个群. 
[2023-05-19 17:37:38] [INFO]: 资源初始化完成, 开始处理信息. 
[2023-05-19 17:37:38] [INFO]: CQ HTTP 服务器已启动: 127.0.0.1:5700 
[2023-05-19 17:37:38] [INFO]: CQ WebSocket 服务器已启动: 127.0.0.1:8000 
[2023-05-19 17:37:38] [INFO]: アトリは、高性能ですから! 
[2023-05-19 17:37:38] [INFO]: 正在检查更新. 
[2023-05-19 17:37:38] [INFO]: 当前有更新的 go-cqhttp 可供更新, 请前往 https://github.com/Mrs4s/go-cqhttp/releases 下载. 
[2023-05-19 17:37:38] [INFO]: 当前版本: v1.0.0 最新版本: v1.0.1 
[2023-05-19 17:37:38] [INFO]: 开始诊断网络情况 
[2023-05-19 17:37:38] [INFO]: 接受 WebSocket 连接: 127.0.0.1:5291 (/) 
[2023-05-19 17:37:38] [INFO]: 收到服务器地址更新通知, 将在下一次重连时应用.  
[2023-05-19 17:37:41] [INFO]: 网络诊断完成. 未发现问题 
[2023-05-19 17:38:21] [INFO]: 当前版本:v1.0.0 
[2023-05-19 17:38:21] [INFO]: 将使用 device.json 内的设备信息运行Bot. 
[2023-05-19 17:38:21] [INFO]: 开始尝试登录并同步消息... 
[2023-05-19 17:38:21] [INFO]: 使用协议: Android Watch 2.0.8 
[2023-05-19 17:38:27] [INFO]: Protocol -> connect to server: 123.151.54.38:8080 
[2023-05-19 17:38:32] [WARNING]: Protocol -> device lock is disable. http api may fail. 
[2023-05-19 17:38:33] [INFO]: 登录成功 欢迎使用: 兔子的兔子 
[2023-05-19 17:38:33] [INFO]: 开始加载好友列表... 
[2023-05-19 17:38:33] [INFO]: 共加载 3 个好友. 
[2023-05-19 17:38:33] [INFO]: 开始加载群列表... 
[2023-05-19 17:38:34] [INFO]: 共加载 1 个群. 
[2023-05-19 17:38:34] [INFO]: 资源初始化完成, 开始处理信息. 
[2023-05-19 17:38:34] [INFO]: アトリは、高性能ですから! 
[2023-05-19 17:38:34] [INFO]: CQ WebSocket 服务器已启动: 127.0.0.1:8000 
[2023-05-19 17:38:34] [INFO]: CQ HTTP 服务器已启动: 127.0.0.1:5700 
[2023-05-19 17:38:34] [INFO]: 正在检查更新. 
[2023-05-19 17:38:34] [INFO]: 接受 WebSocket 连接: 127.0.0.1:5359 (/) 
[2023-05-19 17:38:34] [INFO]: 当前有更新的 go-cqhttp 可供更新, 请前往 https://github.com/Mrs4s/go-cqhttp/releases 下载. 
[2023-05-19 17:38:34] [INFO]: 当前版本: v1.0.0 最新版本: v1.0.1 
[2023-05-19 17:38:34] [INFO]: 开始诊断网络情况 
[2023-05-19 17:38:35] [INFO]: 收到服务器地址更新通知, 将在下一次重连时应用.  
[2023-05-19 17:38:37] [INFO]: 网络诊断完成. 未发现问题 
[2023-05-19 17:42:21] [INFO]: 当前版本:v1.0.0 
[2023-05-19 17:42:21] [INFO]: 将使用 device.json 内的设备信息运行Bot. 
[2023-05-19 17:42:21] [INFO]: 开始尝试登录并同步消息... 
[2023-05-19 17:42:21] [INFO]: 使用协议: Android Watch 2.0.8 
[2023-05-19 17:42:22] [INFO]: Protocol -> connect to server: 123.151.54.194:8080 
[2023-05-19 17:42:22] [WARNING]: Protocol -> device lock is disable. http api may fail. 
[2023-05-19 17:42:24] [INFO]: 登录成功 欢迎使用: 兔子的兔子 
[2023-05-19 17:42:24] [INFO]: 开始加载好友列表... 
[2023-05-19 17:42:24] [INFO]: 共加载 3 个好友. 
[2023-05-19 17:42:24] [INFO]: 开始加载群列表... 
[2023-05-19 17:42:24] [INFO]: 共加载 1 个群. 
[2023-05-19 17:42:24] [INFO]: 资源初始化完成, 开始处理信息. 
[2023-05-19 17:42:24] [INFO]: CQ HTTP 服务器已启动: 127.0.0.1:5700 
[2023-05-19 17:42:24] [INFO]: CQ WebSocket 服务器已启动: 127.0.0.1:8000 
[2023-05-19 17:42:24] [INFO]: アトリは、高性能ですから! 
[2023-05-19 17:42:24] [INFO]: 正在检查更新. 
[2023-05-19 17:42:25] [INFO]: 接受 WebSocket 连接: 127.0.0.1:5460 (/) 
[2023-05-19 17:42:25] [INFO]: 当前有更新的 go-cqhttp 可供更新, 请前往 https://github.com/Mrs4s/go-cqhttp/releases 下载. 
[2023-05-19 17:42:25] [INFO]: 当前版本: v1.0.0 最新版本: v1.0.1 
[2023-05-19 17:42:25] [INFO]: 开始诊断网络情况 
[2023-05-19 17:42:25] [INFO]: 收到服务器地址更新通知, 将在下一次重连时应用.  
[2023-05-19 17:42:28] [INFO]: 网络诊断完成. 未发现问题 
[2023-05-19 17:43:25] [INFO]: 当前版本:v1.0.0 
[2023-05-19 17:43:25] [INFO]: 将使用 device.json 内的设备信息运行Bot. 
[2023-05-19 17:43:25] [INFO]: 开始尝试登录并同步消息... 
[2023-05-19 17:43:25] [INFO]: 使用协议: Android Watch 2.0.8 
[2023-05-19 17:43:26] [INFO]: Protocol -> connect to server: 123.151.54.38:8080 
[2023-05-19 17:43:26] [WARNING]: Protocol -> device lock is disable. http api may fail. 
[2023-05-19 17:43:28] [INFO]: 登录成功 欢迎使用: 兔子的兔子 
[2023-05-19 17:43:28] [INFO]: 开始加载好友列表... 
[2023-05-19 17:43:28] [INFO]: 共加载 3 个好友. 
[2023-05-19 17:43:28] [INFO]: 开始加载群列表... 
[2023-05-19 17:43:28] [INFO]: 共加载 1 个群. 
[2023-05-19 17:43:28] [INFO]: 资源初始化完成, 开始处理信息. 
[2023-05-19 17:43:28] [INFO]: CQ HTTP 服务器已启动: 127.0.0.1:5700 
[2023-05-19 17:43:28] [INFO]: CQ WebSocket 服务器已启动: 127.0.0.1:8000 
[2023-05-19 17:43:28] [INFO]: アトリは、高性能ですから! 
[2023-05-19 17:43:28] [INFO]: 正在检查更新. 
[2023-05-19 17:43:28] [INFO]: 接受 WebSocket 连接: 127.0.0.1:5524 (/) 
[2023-05-19 17:43:29] [INFO]: 当前有更新的 go-cqhttp 可供更新, 请前往 https://github.com/Mrs4s/go-cqhttp/releases 下载. 
[2023-05-19 17:43:29] [INFO]: 当前版本: v1.0.0 最新版本: v1.0.1 
[2023-05-19 17:43:29] [INFO]: 开始诊断网络情况 
[2023-05-19 17:43:29] [INFO]: 收到服务器地址更新通知, 将在下一次重连时应用.  
[2023-05-19 17:43:32] [INFO]: 网络诊断完成. 未发现问题 
[2023-05-19 17:43:53] [INFO]: 当前版本:v1.0.0 
[2023-05-19 17:43:53] [INFO]: 将使用 device.json 内的设备信息运行Bot. 
[2023-05-19 17:43:53] [INFO]: 开始尝试登录并同步消息... 
[2023-05-19 17:43:53] [INFO]: 使用协议: Android Watch 2.0.8 
[2023-05-19 17:43:58] [INFO]: Protocol -> connect to server: 123.151.54.57:8080 
[2023-05-19 17:43:58] [WARNING]: Protocol -> device lock is disable. http api may fail. 
[2023-05-19 17:44:00] [INFO]: 登录成功 欢迎使用: 兔子的兔子 
[2023-05-19 17:44:00] [INFO]: 开始加载好友列表... 
[2023-05-19 17:44:00] [INFO]: 共加载 3 个好友. 
[2023-05-19 17:44:00] [INFO]: 开始加载群列表... 
[2023-05-19 17:44:00] [INFO]: 共加载 1 个群. 
[2023-05-19 17:44:00] [INFO]: 资源初始化完成, 开始处理信息. 
[2023-05-19 17:44:00] [INFO]: CQ WebSocket 服务器已启动: 127.0.0.1:8000 
[2023-05-19 17:44:00] [INFO]: CQ HTTP 服务器已启动: 127.0.0.1:5700 
[2023-05-19 17:44:00] [INFO]: アトリは、高性能ですから! 
[2023-05-19 17:44:00] [INFO]: 正在检查更新. 
[2023-05-19 17:44:01] [INFO]: 接受 WebSocket 连接: 127.0.0.1:5579 (/) 
[2023-05-19 17:44:01] [INFO]: 当前有更新的 go-cqhttp 可供更新, 请前往 https://github.com/Mrs4s/go-cqhttp/releases 下载. 
[2023-05-19 17:44:01] [INFO]: 当前版本: v1.0.0 最新版本: v1.0.1 
[2023-05-19 17:44:01] [INFO]: 开始诊断网络情况 
[2023-05-19 17:44:04] [INFO]: 网络诊断完成. 未发现问题 
[2023-05-19 17:44:06] [INFO]: 收到服务器地址更新通知, 将在下一次重连时应用.  
[2023-05-19 17:52:53] [FATAL]: open cache image db failed: The process cannot access the file because it is being used by another process. 
[2023-05-19 17:53:51] [INFO]: 当前版本:v1.0.0 
[2023-05-19 17:53:51] [INFO]: 将使用 device.json 内的设备信息运行Bot. 
[2023-05-19 17:53:51] [INFO]: 开始尝试登录并同步消息... 
[2023-05-19 17:53:52] [INFO]: 使用协议: Android Watch 2.0.8 
[2023-05-19 17:53:52] [INFO]: Protocol -> connect to server: 42.81.183.253:8080 
[2023-05-19 17:53:52] [WARNING]: Protocol -> device lock is disable. http api may fail. 
[2023-05-19 17:53:54] [INFO]: 登录成功 欢迎使用: 兔子的兔子 
[2023-05-19 17:53:54] [INFO]: 开始加载好友列表... 
[2023-05-19 17:53:54] [INFO]: 共加载 3 个好友. 
[2023-05-19 17:53:54] [INFO]: 开始加载群列表... 
[2023-05-19 17:53:54] [INFO]: 共加载 1 个群. 
[2023-05-19 17:53:54] [INFO]: 资源初始化完成, 开始处理信息. 
[2023-05-19 17:53:54] [INFO]: アトリは、高性能ですから! 
[2023-05-19 17:53:54] [INFO]: CQ WebSocket 服务器已启动: 127.0.0.1:8000 
[2023-05-19 17:53:54] [INFO]: CQ HTTP 服务器已启动: 127.0.0.1:5700 
[2023-05-19 17:53:54] [INFO]: 正在检查更新. 
[2023-05-19 17:53:55] [INFO]: 接受 WebSocket 连接: 127.0.0.1:5920 (/) 
[2023-05-19 17:53:55] [INFO]: 接受 WebSocket 连接: 127.0.0.1:5924 (/) 
[2023-05-19 17:53:55] [INFO]: 当前有更新的 go-cqhttp 可供更新, 请前往 https://github.com/Mrs4s/go-cqhttp/releases 下载. 
[2023-05-19 17:53:55] [INFO]: 当前版本: v1.0.0 最新版本: v1.0.1 
[2023-05-19 17:53:55] [INFO]: 开始诊断网络情况 
[2023-05-19 17:53:55] [INFO]: 收到服务器地址更新通知, 将在下一次重连时应用.  
[2023-05-19 17:53:58] [INFO]: 网络诊断完成. 未发现问题 
[2023-05-19 17:55:26] [INFO]: 当前版本:v1.0.0 
[2023-05-19 17:55:26] [INFO]: 将使用 device.json 内的设备信息运行Bot. 
[2023-05-19 17:55:26] [INFO]: 开始尝试登录并同步消息... 
[2023-05-19 17:55:26] [INFO]: 使用协议: Android Watch 2.0.8 
[2023-05-19 17:55:27] [INFO]: Protocol -> connect to server: 221.238.41.89:8080 
[2023-05-19 17:55:27] [WARNING]: Protocol -> device lock is disable. http api may fail. 
[2023-05-19 17:55:29] [INFO]: 登录成功 欢迎使用: 兔子的兔子 
[2023-05-19 17:55:29] [INFO]: 开始加载好友列表... 
[2023-05-19 17:55:29] [INFO]: 共加载 3 个好友. 
[2023-05-19 17:55:29] [INFO]: 开始加载群列表... 
[2023-05-19 17:55:29] [INFO]: 共加载 1 个群. 
[2023-05-19 17:55:29] [INFO]: 资源初始化完成, 开始处理信息. 
[2023-05-19 17:55:29] [INFO]: CQ HTTP 服务器已启动: 127.0.0.1:5700 
[2023-05-19 17:55:29] [INFO]: CQ WebSocket 服务器已启动: 127.0.0.1:8000 
[2023-05-19 17:55:29] [INFO]: アトリは、高性能ですから! 
[2023-05-19 17:55:29] [INFO]: 正在检查更新. 
[2023-05-19 17:55:29] [INFO]: 接受 WebSocket 连接: 127.0.0.1:5997 (/) 
[2023-05-19 17:55:30] [INFO]: 当前有更新的 go-cqhttp 可供更新, 请前往 https://github.com/Mrs4s/go-cqhttp/releases 下载. 
[2023-05-19 17:55:30] [INFO]: 当前版本: v1.0.0 最新版本: v1.0.1 
[2023-05-19 17:55:30] [INFO]: 收到服务器地址更新通知, 将在下一次重连时应用.  
[2023-05-19 17:55:30] [INFO]: 开始诊断网络情况 
[2023-05-19 17:55:33] [INFO]: 网络诊断完成. 未发现问题 
[2023-05-19 20:25:11] [INFO]: 当前版本:v1.0.0 
[2023-05-19 20:25:11] [INFO]: 将使用 device.json 内的设备信息运行Bot. 
[2023-05-19 20:25:11] [INFO]: 开始尝试登录并同步消息... 
[2023-05-19 20:25:11] [INFO]: 使用协议: Android Watch 2.0.8 
[2023-05-19 20:25:11] [INFO]: Protocol -> connect to server: 42.81.194.99:8080 
[2023-05-19 20:25:11] [WARNING]: Protocol -> device lock is disable. http api may fail. 
[2023-05-19 20:25:13] [INFO]: 登录成功 欢迎使用: 兔子的兔子 
[2023-05-19 20:25:13] [INFO]: 开始加载好友列表... 
[2023-05-19 20:25:14] [INFO]: 共加载 3 个好友. 
[2023-05-19 20:25:14] [INFO]: 开始加载群列表... 
[2023-05-19 20:25:14] [INFO]: 共加载 1 个群. 
[2023-05-19 20:25:14] [INFO]: 资源初始化完成, 开始处理信息. 
[2023-05-19 20:25:14] [INFO]: アトリは、高性能ですから! 
[2023-05-19 20:25:14] [INFO]: CQ HTTP 服务器已启动: 127.0.0.1:5700 
[2023-05-19 20:25:14] [INFO]: CQ WebSocket 服务器已启动: 127.0.0.1:8000 
[2023-05-19 20:25:14] [INFO]: 正在检查更新. 
[2023-05-19 20:25:14] [INFO]: 接受 WebSocket 连接: 127.0.0.1:5659 (/) 
[2023-05-19 20:25:14] [INFO]: 收到服务器地址更新通知, 将在下一次重连时应用.  
[2023-05-19 20:25:15] [INFO]: 当前有更新的 go-cqhttp 可供更新, 请前往 https://github.com/Mrs4s/go-cqhttp/releases 下载. 
[2023-05-19 20:25:15] [INFO]: 当前版本: v1.0.0 最新版本: v1.0.1 
[2023-05-19 20:25:15] [INFO]: 开始诊断网络情况 
[2023-05-19 20:25:17] [INFO]: 网络诊断完成. 未发现问题 
[2023-05-19 20:28:34] [INFO]: 当前版本:v1.0.0 
[2023-05-19 20:28:34] [INFO]: 将使用 device.json 内的设备信息运行Bot. 
[2023-05-19 20:28:34] [INFO]: 开始尝试登录并同步消息... 
[2023-05-19 20:28:34] [INFO]: 使用协议: Android Watch 2.0.8 
[2023-05-19 20:28:34] [INFO]: Protocol -> connect to server: 42.81.176.211:8080 
[2023-05-19 20:28:34] [WARNING]: Protocol -> device lock is disable. http api may fail. 
[2023-05-19 20:28:36] [INFO]: 登录成功 欢迎使用: 兔子的兔子 
[2023-05-19 20:28:36] [INFO]: 开始加载好友列表... 
[2023-05-19 20:28:37] [INFO]: 共加载 3 个好友. 
[2023-05-19 20:28:37] [INFO]: 开始加载群列表... 
[2023-05-19 20:28:37] [INFO]: 共加载 1 个群. 
[2023-05-19 20:28:37] [INFO]: 资源初始化完成, 开始处理信息. 
[2023-05-19 20:28:37] [INFO]: アトリは、高性能ですから! 
[2023-05-19 20:28:37] [INFO]: CQ WebSocket 服务器已启动: 127.0.0.1:8000 
[2023-05-19 20:28:37] [INFO]: CQ HTTP 服务器已启动: 127.0.0.1:5700 
[2023-05-19 20:28:37] [INFO]: 正在检查更新. 
[2023-05-19 20:28:37] [INFO]: 接受 WebSocket 连接: 127.0.0.1:5874 (/) 
[2023-05-19 20:28:37] [INFO]: 收到服务器地址更新通知, 将在下一次重连时应用.  
[2023-05-19 20:28:38] [INFO]: 当前有更新的 go-cqhttp 可供更新, 请前往 https://github.com/Mrs4s/go-cqhttp/releases 下载. 
[2023-05-19 20:28:38] [INFO]: 当前版本: v1.0.0 最新版本: v1.0.1 
[2023-05-19 20:28:38] [INFO]: 开始诊断网络情况 
[2023-05-19 20:28:40] [INFO]: 网络诊断完成. 未发现问题 
[2023-05-19 20:31:22] [INFO]: 当前版本:v1.0.0 
[2023-05-19 20:31:22] [INFO]: 将使用 device.json 内的设备信息运行Bot. 
[2023-05-19 20:31:22] [INFO]: 开始尝试登录并同步消息... 
[2023-05-19 20:31:22] [INFO]: 使用协议: Android Watch 2.0.8 
[2023-05-19 20:31:22] [INFO]: Protocol -> connect to server: 123.151.54.57:8080 
[2023-05-19 20:31:22] [WARNING]: Protocol -> device lock is disable. http api may fail. 
[2023-05-19 20:31:24] [INFO]: 登录成功 欢迎使用: 兔子的兔子 
[2023-05-19 20:31:24] [INFO]: 开始加载好友列表... 
[2023-05-19 20:31:24] [INFO]: 共加载 3 个好友. 
[2023-05-19 20:31:24] [INFO]: 开始加载群列表... 
[2023-05-19 20:31:24] [INFO]: 共加载 1 个群. 
[2023-05-19 20:31:24] [INFO]: 资源初始化完成, 开始处理信息. 
[2023-05-19 20:31:24] [INFO]: アトリは、高性能ですから! 
[2023-05-19 20:31:24] [INFO]: CQ WebSocket 服务器已启动: 127.0.0.1:8000 
[2023-05-19 20:31:24] [INFO]: CQ HTTP 服务器已启动: 127.0.0.1:5700 
[2023-05-19 20:31:24] [INFO]: 正在检查更新. 
[2023-05-19 20:31:25] [INFO]: 接受 WebSocket 连接: 127.0.0.1:6085 (/) 
[2023-05-19 20:31:25] [INFO]: 当前有更新的 go-cqhttp 可供更新, 请前往 https://github.com/Mrs4s/go-cqhttp/releases 下载. 
[2023-05-19 20:31:25] [INFO]: 当前版本: v1.0.0 最新版本: v1.0.1 
[2023-05-19 20:31:25] [INFO]: 开始诊断网络情况 
[2023-05-19 20:31:25] [INFO]: 收到服务器地址更新通知, 将在下一次重连时应用.  
[2023-05-19 20:31:28] [INFO]: 网络诊断完成. 未发现问题 
[2023-05-19 21:10:44] [INFO]: 当前版本:v1.0.0 
[2023-05-19 21:10:44] [INFO]: 将使用 device.json 内的设备信息运行Bot. 
[2023-05-19 21:10:44] [INFO]: 开始尝试登录并同步消息... 
[2023-05-19 21:10:44] [INFO]: 使用协议: Android Watch 2.0.8 
[2023-05-19 21:10:44] [INFO]: Protocol -> connect to server: 42.81.184.206:8080 
[2023-05-19 21:10:44] [WARNING]: Protocol -> device lock is disable. http api may fail. 
[2023-05-19 21:10:47] [INFO]: 收到服务器地址更新通知, 将在下一次重连时应用.  
[2023-05-19 21:10:51] [INFO]: 登录成功 欢迎使用: 兔子的兔子 
[2023-05-19 21:10:51] [INFO]: 开始加载好友列表... 
[2023-05-19 21:10:51] [INFO]: 共加载 3 个好友. 
[2023-05-19 21:10:51] [INFO]: 开始加载群列表... 
[2023-05-19 21:10:51] [INFO]: 共加载 1 个群. 
[2023-05-19 21:10:51] [INFO]: 资源初始化完成, 开始处理信息. 
[2023-05-19 21:10:51] [INFO]: CQ HTTP 服务器已启动: 127.0.0.1:5700 
[2023-05-19 21:10:51] [INFO]: CQ WebSocket 服务器已启动: 127.0.0.1:8000 
[2023-05-19 21:10:51] [INFO]: アトリは、高性能ですから! 
[2023-05-19 21:10:51] [INFO]: 正在检查更新. 
[2023-05-19 21:10:51] [INFO]: 接受 WebSocket 连接: 127.0.0.1:6822 (/) 
[2023-05-19 21:10:52] [INFO]: 当前有更新的 go-cqhttp 可供更新, 请前往 https://github.com/Mrs4s/go-cqhttp/releases 下载. 
[2023-05-19 21:10:52] [INFO]: 当前版本: v1.0.0 最新版本: v1.0.1 
[2023-05-19 21:10:52] [INFO]: 开始诊断网络情况 
[2023-05-19 21:10:55] [INFO]: 网络诊断完成. 未发现问题 
[2023-05-19 21:14:01] [INFO]: 当前版本:v1.0.0 
[2023-05-19 21:14:01] [INFO]: 将使用 device.json 内的设备信息运行Bot. 
[2023-05-19 21:14:01] [INFO]: 开始尝试登录并同步消息... 
[2023-05-19 21:14:01] [INFO]: 使用协议: Android Watch 2.0.8 
[2023-05-19 21:14:02] [INFO]: Protocol -> connect to server: 221.238.41.89:8080 
[2023-05-19 21:14:02] [WARNING]: Protocol -> device lock is disable. http api may fail. 
[2023-05-19 21:14:04] [INFO]: 登录成功 欢迎使用: 兔子的兔子 
[2023-05-19 21:14:04] [INFO]: 开始加载好友列表... 
[2023-05-19 21:14:04] [INFO]: 共加载 3 个好友. 
[2023-05-19 21:14:04] [INFO]: 开始加载群列表... 
[2023-05-19 21:14:05] [INFO]: 共加载 1 个群. 
[2023-05-19 21:14:05] [INFO]: 资源初始化完成, 开始处理信息. 
[2023-05-19 21:14:05] [INFO]: CQ WebSocket 服务器已启动: 127.0.0.1:8000 
[2023-05-19 21:14:05] [INFO]: CQ HTTP 服务器已启动: 127.0.0.1:5700 
[2023-05-19 21:14:05] [INFO]: アトリは、高性能ですから! 
[2023-05-19 21:14:05] [INFO]: 正在检查更新. 
[2023-05-19 21:14:05] [INFO]: 接受 WebSocket 连接: 127.0.0.1:6939 (/) 
[2023-05-19 21:14:05] [INFO]: 收到服务器地址更新通知, 将在下一次重连时应用.  
[2023-05-19 21:14:05] [INFO]: 当前有更新的 go-cqhttp 可供更新, 请前往 https://github.com/Mrs4s/go-cqhttp/releases 下载. 
[2023-05-19 21:14:05] [INFO]: 当前版本: v1.0.0 最新版本: v1.0.1 
[2023-05-19 21:14:05] [INFO]: 开始诊断网络情况 
[2023-05-19 21:14:08] [INFO]: 网络诊断完成. 未发现问题 
[2023-05-19 21:15:15] [INFO]: 收到群 兔子的兔子开发群(679872429) 内 甲氧氯普胺(2822075626) 的消息: /help (1737879931) 
[2023-05-19 21:15:15] [INFO]: 发送群 兔子的兔子开发群(679872429) 的消息: [CQ:reply, ... (-23289663) 
[2023-05-19 21:15:55] [INFO]: 收到群 兔子的兔子开发群(679872429) 内 甲氧氯普胺(2822075626) 的消息: /列出所有关键字 (-1986293673) 
[2023-05-19 21:15:56] [INFO]: 发送群 兔子的兔子开发群(679872429) 的消息: 指令 /列出所有关键 ... (421825990) 
[2023-05-19 21:16:19] [INFO]: 收到群 兔子的兔子开发群(679872429) 内 甲氧氯普胺(2822075626) 的消息:  /列出所有关键字 Notice (1847835984) 
[2023-05-19 21:17:06] [INFO]: 收到群 兔子的兔子开发群(679872429) 内 甲氧氯普胺(2822075626) 的消息: /存储 (249836725) 
[2023-05-19 21:17:07] [INFO]: 发送群 兔子的兔子开发群(679872429) 的消息: [CQ:reply, ... (2044920867) 
[2023-05-19 21:17:26] [INFO]: 收到群 兔子的兔子开发群(679872429) 内 甲氧氯普胺(2822075626) 的消息: Notice-吃饭-明天别忘了吃饭 (-1746049777) 
[2023-05-19 21:17:26] [INFO]: 发送群 兔子的兔子开发群(679872429) 的消息: [CQ:reply, ... (-521513575) 
[2023-05-19 21:17:41] [INFO]: 收到群 兔子的兔子开发群(679872429) 内 甲氧氯普胺(2822075626) 的消息: /存储 (160034988) 
[2023-05-19 21:17:42] [INFO]: 发送群 兔子的兔子开发群(679872429) 的消息: [CQ:reply, ... (2123284538) 
[2023-05-19 21:17:48] [INFO]: 收到群 兔子的兔子开发群(679872429) 内 甲氧氯普胺(2822075626) 的消息: Notice-吃饭-明天别忘了吃饭 (-410545792) 
[2023-05-19 21:17:49] [INFO]: 发送群 兔子的兔子开发群(679872429) 的消息: [CQ:reply, ... (-1870618346) 
[2023-05-19 21:26:05] [INFO]: 当前版本:v1.0.0 
[2023-05-19 21:26:05] [INFO]: 将使用 device.json 内的设备信息运行Bot. 
[2023-05-19 21:26:05] [INFO]: 开始尝试登录并同步消息... 
[2023-05-19 21:26:05] [INFO]: 使用协议: Android Watch 2.0.8 
[2023-05-19 21:26:30] [INFO]: Protocol -> connect to server: 42.81.176.211:8080 
[2023-05-19 21:26:30] [WARNING]: Protocol -> device lock is disable. http api may fail. 
[2023-05-19 21:26:32] [INFO]: 登录成功 欢迎使用: 兔子的兔子 
[2023-05-19 21:26:32] [INFO]: 开始加载好友列表... 
[2023-05-19 21:26:32] [INFO]: 共加载 3 个好友. 
[2023-05-19 21:26:32] [INFO]: 开始加载群列表... 
[2023-05-19 21:26:32] [INFO]: 共加载 1 个群. 
[2023-05-19 21:26:32] [INFO]: 资源初始化完成, 开始处理信息. 
[2023-05-19 21:26:32] [INFO]: CQ WebSocket 服务器已启动: 127.0.0.1:8000 
[2023-05-19 21:26:32] [INFO]: CQ HTTP 服务器已启动: 127.0.0.1:5700 
[2023-05-19 21:26:32] [INFO]: アトリは、高性能ですから! 
[2023-05-19 21:26:32] [INFO]: 正在检查更新. 
[2023-05-19 21:26:33] [INFO]: 接受 WebSocket 连接: 127.0.0.1:8397 (/) 
[2023-05-19 21:26:33] [INFO]: 当前有更新的 go-cqhttp 可供更新, 请前往 https://github.com/Mrs4s/go-cqhttp/releases 下载. 
[2023-05-19 21:26:33] [INFO]: 当前版本: v1.0.0 最新版本: v1.0.1 
[2023-05-19 21:26:33] [INFO]: 开始诊断网络情况 
[2023-05-19 21:26:33] [INFO]: 收到服务器地址更新通知, 将在下一次重连时应用.  
[2023-05-19 21:26:36] [INFO]: 网络诊断完成. 未发现问题 
[2023-05-19 21:26:52] [INFO]: 收到群 兔子的兔子开发群(679872429) 内 甲氧氯普胺(2822075626) 的消息: /存储 (4177031) 
[2023-05-19 21:26:53] [INFO]: 发送群 兔子的兔子开发群(679872429) 的消息: [CQ:reply, ... (2000194577) 
[2023-05-19 21:27:01] [INFO]: 收到群 兔子的兔子开发群(679872429) 内 甲氧氯普胺(2822075626) 的消息: Notice-吃饭-明天别忘了吃饭 (633956214) 
[2023-05-19 21:27:02] [INFO]: 发送群 兔子的兔子开发群(679872429) 的消息: [CQ:reply, ... (1389254624) 
[2023-05-19 21:34:20] [INFO]: 当前版本:v1.0.0 
[2023-05-19 21:34:20] [INFO]: 将使用 device.json 内的设备信息运行Bot. 
[2023-05-19 21:34:20] [INFO]: 开始尝试登录并同步消息... 
[2023-05-19 21:34:20] [INFO]: 使用协议: Android Watch 2.0.8 
[2023-05-19 21:34:20] [INFO]: Protocol -> connect to server: 221.238.41.89:8080 
[2023-05-19 21:34:20] [WARNING]: Protocol -> device lock is disable. http api may fail. 
[2023-05-19 21:34:22] [INFO]: 登录成功 欢迎使用: 兔子的兔子 
[2023-05-19 21:34:22] [INFO]: 开始加载好友列表... 
[2023-05-19 21:34:23] [INFO]: 共加载 3 个好友. 
[2023-05-19 21:34:23] [INFO]: 开始加载群列表... 
[2023-05-19 21:34:23] [INFO]: 共加载 1 个群. 
[2023-05-19 21:34:23] [INFO]: 资源初始化完成, 开始处理信息. 
[2023-05-19 21:34:23] [INFO]: CQ HTTP 服务器已启动: 127.0.0.1:5700 
[2023-05-19 21:34:23] [INFO]: CQ WebSocket 服务器已启动: 127.0.0.1:8000 
[2023-05-19 21:34:23] [INFO]: アトリは、高性能ですから! 
[2023-05-19 21:34:23] [INFO]: 正在检查更新. 
[2023-05-19 21:34:23] [INFO]: 接受 WebSocket 连接: 127.0.0.1:7011 (/) 
[2023-05-19 21:34:23] [INFO]: 当前有更新的 go-cqhttp 可供更新, 请前往 https://github.com/Mrs4s/go-cqhttp/releases 下载. 
[2023-05-19 21:34:23] [INFO]: 当前版本: v1.0.0 最新版本: v1.0.1 
[2023-05-19 21:34:23] [INFO]: 开始诊断网络情况 
[2023-05-19 21:34:23] [INFO]: 收到服务器地址更新通知, 将在下一次重连时应用.  
[2023-05-19 21:34:26] [INFO]: 网络诊断完成. 未发现问题 
[2023-05-19 21:34:58] [INFO]: 收到群 兔子的兔子开发群(679872429) 内 甲氧氯普胺(2822075626) 的消息: /help (-876149158) 
[2023-05-19 21:34:58] [INFO]: 发送群 兔子的兔子开发群(679872429) 的消息: [CQ:reply, ... (-1128253748) 
[2023-05-19 21:35:07] [INFO]: 收到群 兔子的兔子开发群(679872429) 内 甲氧氯普胺(2822075626) 的消息: /存储 (581215087) 
[2023-05-19 21:35:07] [INFO]: 发送群 兔子的兔子开发群(679872429) 的消息: [CQ:reply, ... (1436783609) 
[2023-05-19 21:35:15] [INFO]: 收到群 兔子的兔子开发群(679872429) 内 甲氧氯普胺(2822075626) 的消息: Notice-吃饭-明天别忘了吃饭 (-861224381) 
[2023-05-19 21:35:16] [INFO]: 发送群 兔子的兔子开发群(679872429) 的消息: [CQ:reply, ... (-1146228011) 
[2023-05-19 21:38:54] [INFO]: 当前版本:v1.0.0 
[2023-05-19 21:38:54] [INFO]: 将使用 device.json 内的设备信息运行Bot. 
[2023-05-19 21:38:54] [INFO]: 开始尝试登录并同步消息... 
[2023-05-19 21:38:54] [INFO]: 使用协议: Android Watch 2.0.8 
[2023-05-19 21:38:54] [INFO]: Protocol -> connect to server: [::ffff:42.81.179.212]:443 
[2023-05-19 21:38:55] [WARNING]: Protocol -> device lock is disable. http api may fail. 
[2023-05-19 21:38:57] [INFO]: 登录成功 欢迎使用: 兔子的兔子 
[2023-05-19 21:38:57] [INFO]: 开始加载好友列表... 
[2023-05-19 21:38:57] [INFO]: 共加载 3 个好友. 
[2023-05-19 21:38:57] [INFO]: 开始加载群列表... 
[2023-05-19 21:38:57] [INFO]: 共加载 1 个群. 
[2023-05-19 21:38:57] [INFO]: 资源初始化完成, 开始处理信息. 
[2023-05-19 21:38:57] [INFO]: CQ HTTP 服务器已启动: 127.0.0.1:5700 
[2023-05-19 21:38:57] [INFO]: CQ WebSocket 服务器已启动: 127.0.0.1:8000 
[2023-05-19 21:38:57] [INFO]: アトリは、高性能ですから! 
[2023-05-19 21:38:57] [INFO]: 正在检查更新. 
[2023-05-19 21:38:57] [INFO]: 接受 WebSocket 连接: 127.0.0.1:7291 (/) 
[2023-05-19 21:38:58] [INFO]: 收到服务器地址更新通知, 将在下一次重连时应用.  
[2023-05-19 21:38:58] [INFO]: 当前有更新的 go-cqhttp 可供更新, 请前往 https://github.com/Mrs4s/go-cqhttp/releases 下载. 
[2023-05-19 21:38:58] [INFO]: 当前版本: v1.0.0 最新版本: v1.0.1 
[2023-05-19 21:38:58] [INFO]: 开始诊断网络情况 
[2023-05-19 21:39:01] [INFO]: 网络诊断完成. 未发现问题 
[2023-05-19 21:39:44] [INFO]: 收到群 兔子的兔子开发群(679872429) 内 甲氧氯普胺(2822075626) 的消息: /存储 (722661188) 
[2023-05-19 21:39:44] [INFO]: 发送群 兔子的兔子开发群(679872429) 的消息: [CQ:reply, ... (1544937426) 
[2023-05-19 21:39:53] [INFO]: 收到群 兔子的兔子开发群(679872429) 内 甲氧氯普胺(2822075626) 的消息: Notice-吃饭-明天别忘了吃饭 (1020417591) 
[2023-05-19 21:39:54] [INFO]: 发送群 兔子的兔子开发群(679872429) 的消息: [CQ:reply, ... (1272276641) 
[2023-05-19 21:42:32] [INFO]: 当前版本:v1.0.0 
[2023-05-19 21:42:32] [INFO]: 将使用 device.json 内的设备信息运行Bot. 
[2023-05-19 21:42:32] [INFO]: 开始尝试登录并同步消息... 
[2023-05-19 21:42:32] [INFO]: 使用协议: Android Watch 2.0.8 
[2023-05-19 21:42:37] [INFO]: Protocol -> connect to server: 221.238.41.89:8080 
[2023-05-19 21:42:37] [WARNING]: Protocol -> device lock is disable. http api may fail. 
[2023-05-19 21:42:39] [INFO]: 登录成功 欢迎使用: 兔子的兔子 
[2023-05-19 21:42:39] [INFO]: 开始加载好友列表... 
[2023-05-19 21:42:39] [INFO]: 共加载 3 个好友. 
[2023-05-19 21:42:39] [INFO]: 开始加载群列表... 
[2023-05-19 21:42:40] [INFO]: 共加载 1 个群. 
[2023-05-19 21:42:40] [INFO]: 资源初始化完成, 开始处理信息. 
[2023-05-19 21:42:40] [INFO]: アトリは、高性能ですから! 
[2023-05-19 21:42:40] [INFO]: CQ WebSocket 服务器已启动: 127.0.0.1:8000 
[2023-05-19 21:42:40] [INFO]: CQ HTTP 服务器已启动: 127.0.0.1:5700 
[2023-05-19 21:42:40] [INFO]: 正在检查更新. 
[2023-05-19 21:42:40] [INFO]: 接受 WebSocket 连接: 127.0.0.1:7366 (/) 
[2023-05-19 21:42:40] [INFO]: 当前有更新的 go-cqhttp 可供更新, 请前往 https://github.com/Mrs4s/go-cqhttp/releases 下载. 
[2023-05-19 21:42:40] [INFO]: 当前版本: v1.0.0 最新版本: v1.0.1 
[2023-05-19 21:42:40] [INFO]: 开始诊断网络情况 
[2023-05-19 21:42:40] [INFO]: 收到服务器地址更新通知, 将在下一次重连时应用.  
[2023-05-19 21:42:43] [INFO]: 网络诊断完成. 未发现问题 
[2023-05-19 21:42:58] [INFO]: 收到群 兔子的兔子开发群(679872429) 内 甲氧氯普胺(2822075626) 的消息: /存储 (-757319909) 
[2023-05-19 21:42:59] [INFO]: 发送群 兔子的兔子开发群(679872429) 的消息: [CQ:reply, ... (-1512372339) 
[2023-05-19 21:43:05] [INFO]: 收到群 兔子的兔子开发群(679872429) 内 甲氧氯普胺(2822075626) 的消息: Notice-吃饭-明天别忘了吃饭 (1002410542) 
[2023-05-19 21:43:05] [INFO]: 发送群 兔子的兔子开发群(679872429) 的消息: [CQ:reply, ... (1287168696) 
[2023-05-19 21:44:01] [INFO]: 当前版本:v1.0.0 
[2023-05-19 21:44:01] [INFO]: 将使用 device.json 内的设备信息运行Bot. 
[2023-05-19 21:44:01] [INFO]: 开始尝试登录并同步消息... 
[2023-05-19 21:44:01] [INFO]: 使用协议: Android Watch 2.0.8 
[2023-05-19 21:44:02] [INFO]: Protocol -> connect to server: 221.238.41.89:8080 
[2023-05-19 21:44:02] [WARNING]: Protocol -> device lock is disable. http api may fail. 
[2023-05-19 21:44:04] [INFO]: 登录成功 欢迎使用: 兔子的兔子 
[2023-05-19 21:44:04] [INFO]: 开始加载好友列表... 
[2023-05-19 21:44:04] [INFO]: 共加载 3 个好友. 
[2023-05-19 21:44:04] [INFO]: 开始加载群列表... 
[2023-05-19 21:44:04] [INFO]: 共加载 1 个群. 
[2023-05-19 21:44:04] [INFO]: 资源初始化完成, 开始处理信息. 
[2023-05-19 21:44:04] [INFO]: CQ HTTP 服务器已启动: 127.0.0.1:5700 
[2023-05-19 21:44:04] [INFO]: CQ WebSocket 服务器已启动: 127.0.0.1:8000 
[2023-05-19 21:44:04] [INFO]: アトリは、高性能ですから! 
[2023-05-19 21:44:04] [INFO]: 正在检查更新. 
[2023-05-19 21:44:04] [INFO]: 接受 WebSocket 连接: 127.0.0.1:7428 (/) 
[2023-05-19 21:44:05] [INFO]: 当前有更新的 go-cqhttp 可供更新, 请前往 https://github.com/Mrs4s/go-cqhttp/releases 下载. 
[2023-05-19 21:44:05] [INFO]: 当前版本: v1.0.0 最新版本: v1.0.1 
[2023-05-19 21:44:05] [INFO]: 开始诊断网络情况 
[2023-05-19 21:44:05] [INFO]: 收到服务器地址更新通知, 将在下一次重连时应用.  
[2023-05-19 21:44:08] [INFO]: 网络诊断完成. 未发现问题 
[2023-05-19 21:44:12] [INFO]: 收到群 兔子的兔子开发群(679872429) 内 甲氧氯普胺(2822075626) 的消息: /存储 (-709758206) 
[2023-05-19 21:44:12] [INFO]: 发送群 兔子的兔子开发群(679872429) 的消息: [CQ:reply, ... (-1565080684) 
[2023-05-19 21:44:21] [INFO]: 收到群 兔子的兔子开发群(679872429) 内 甲氧氯普胺(2822075626) 的消息: Notice-吃饭-明天别忘了吃饭 (839507461) 
[2023-05-19 21:52:45] [INFO]: 当前版本:v1.0.0 
[2023-05-19 21:52:45] [INFO]: 将使用 device.json 内的设备信息运行Bot. 
[2023-05-19 21:52:45] [INFO]: 开始尝试登录并同步消息... 
[2023-05-19 21:52:45] [INFO]: 使用协议: Android Watch 2.0.8 
[2023-05-19 21:52:46] [INFO]: Protocol -> connect to server: [::ffff:42.81.194.28]:443 
[2023-05-19 21:52:46] [WARNING]: Protocol -> device lock is disable. http api may fail. 
[2023-05-19 21:52:48] [INFO]: 登录成功 欢迎使用: 兔子的兔子 
[2023-05-19 21:52:48] [INFO]: 开始加载好友列表... 
[2023-05-19 21:52:48] [INFO]: 共加载 3 个好友. 
[2023-05-19 21:52:48] [INFO]: 开始加载群列表... 
[2023-05-19 21:52:48] [INFO]: 共加载 1 个群. 
[2023-05-19 21:52:48] [INFO]: 资源初始化完成, 开始处理信息. 
[2023-05-19 21:52:48] [INFO]: CQ HTTP 服务器已启动: 127.0.0.1:5700 
[2023-05-19 21:52:48] [INFO]: CQ WebSocket 服务器已启动: 127.0.0.1:8000 
[2023-05-19 21:52:48] [INFO]: アトリは、高性能ですから! 
[2023-05-19 21:52:48] [INFO]: 正在检查更新. 
[2023-05-19 21:52:48] [INFO]: 接受 WebSocket 连接: 127.0.0.1:3495 (/) 
[2023-05-19 21:52:49] [INFO]: 收到服务器地址更新通知, 将在下一次重连时应用.  
[2023-05-19 21:52:49] [INFO]: 当前有更新的 go-cqhttp 可供更新, 请前往 https://github.com/Mrs4s/go-cqhttp/releases 下载. 
[2023-05-19 21:52:49] [INFO]: 当前版本: v1.0.0 最新版本: v1.0.1 
[2023-05-19 21:52:49] [INFO]: 开始诊断网络情况 
[2023-05-19 21:52:52] [INFO]: 网络诊断完成. 未发现问题 
[2023-05-19 21:53:02] [INFO]: 收到群 兔子的兔子开发群(679872429) 内 甲氧氯普胺(2822075626) 的消息: /存储 (1158606483) 
[2023-05-19 21:53:02] [INFO]: 发送群 兔子的兔子开发群(679872429) 的消息: [CQ:reply, ... (-1152759048) 
[2023-05-19 21:53:08] [INFO]: 收到群 兔子的兔子开发群(679872429) 内 甲氧氯普胺(2822075626) 的消息: Notice-吃饭-明天别忘了吃饭 (-867337618) 
[2023-05-19 21:53:53] [INFO]: 当前版本:v1.0.0 
[2023-05-19 21:53:53] [INFO]: 将使用 device.json 内的设备信息运行Bot. 
[2023-05-19 21:53:53] [INFO]: 开始尝试登录并同步消息... 
[2023-05-19 21:53:53] [INFO]: 使用协议: Android Watch 2.0.8 
[2023-05-19 21:53:53] [INFO]: Protocol -> connect to server: 42.81.183.253:8080 
[2023-05-19 21:53:53] [WARNING]: Protocol -> device lock is disable. http api may fail. 
[2023-05-19 21:53:55] [INFO]: 登录成功 欢迎使用: 兔子的兔子 
[2023-05-19 21:53:55] [INFO]: 开始加载好友列表... 
[2023-05-19 21:53:55] [INFO]: 共加载 3 个好友. 
[2023-05-19 21:53:55] [INFO]: 开始加载群列表... 
[2023-05-19 21:53:56] [INFO]: 共加载 1 个群. 
[2023-05-19 21:53:56] [INFO]: 资源初始化完成, 开始处理信息. 
[2023-05-19 21:53:56] [INFO]: CQ WebSocket 服务器已启动: 127.0.0.1:8000 
[2023-05-19 21:53:56] [INFO]: CQ HTTP 服务器已启动: 127.0.0.1:5700 
[2023-05-19 21:53:56] [INFO]: アトリは、高性能ですから! 
[2023-05-19 21:53:56] [INFO]: 正在检查更新. 
[2023-05-19 21:53:56] [INFO]: 接受 WebSocket 连接: 127.0.0.1:3554 (/) 
[2023-05-19 21:53:56] [INFO]: 当前有更新的 go-cqhttp 可供更新, 请前往 https://github.com/Mrs4s/go-cqhttp/releases 下载. 
[2023-05-19 21:53:56] [INFO]: 当前版本: v1.0.0 最新版本: v1.0.1 
[2023-05-19 21:53:56] [INFO]: 开始诊断网络情况 
[2023-05-19 21:53:56] [INFO]: 收到服务器地址更新通知, 将在下一次重连时应用.  
[2023-05-19 21:53:59] [INFO]: 网络诊断完成. 未发现问题 
[2023-05-19 21:54:02] [INFO]: 收到群 兔子的兔子开发群(679872429) 内 甲氧氯普胺(2822075626) 的消息: /存储 (1430531028) 
[2023-05-19 21:54:03] [INFO]: 发送群 兔子的兔子开发群(679872429) 的消息: [CQ:reply, ... (574823234) 
[2023-05-19 21:54:07] [INFO]: 收到群 兔子的兔子开发群(679872429) 内 甲氧氯普胺(2822075626) 的消息: Notice-吃饭-明天别忘了吃饭 (-1138258207) 
[2023-05-19 22:07:12] [INFO]: 当前版本:v1.0.0 
[2023-05-19 22:07:12] [INFO]: 将使用 device.json 内的设备信息运行Bot. 
[2023-05-19 22:07:12] [INFO]: 开始尝试登录并同步消息... 
[2023-05-19 22:07:12] [INFO]: 使用协议: Android Watch 2.0.8 
[2023-05-19 22:07:12] [INFO]: Protocol -> connect to server: 42.81.183.253:8080 
[2023-05-19 22:07:12] [WARNING]: Protocol -> device lock is disable. http api may fail. 
[2023-05-19 22:07:14] [INFO]: 登录成功 欢迎使用: 兔子的兔子 
[2023-05-19 22:07:14] [INFO]: 开始加载好友列表... 
[2023-05-19 22:07:15] [INFO]: 共加载 3 个好友. 
[2023-05-19 22:07:15] [INFO]: 开始加载群列表... 
[2023-05-19 22:07:15] [INFO]: 共加载 1 个群. 
[2023-05-19 22:07:15] [INFO]: 资源初始化完成, 开始处理信息. 
[2023-05-19 22:07:15] [INFO]: アトリは、高性能ですから! 
[2023-05-19 22:07:15] [INFO]: CQ WebSocket 服务器已启动: 127.0.0.1:8000 
[2023-05-19 22:07:15] [INFO]: CQ HTTP 服务器已启动: 127.0.0.1:5700 
[2023-05-19 22:07:15] [INFO]: 正在检查更新. 
[2023-05-19 22:07:15] [INFO]: 接受 WebSocket 连接: 127.0.0.1:4714 (/) 
[2023-05-19 22:07:16] [INFO]: 当前有更新的 go-cqhttp 可供更新, 请前往 https://github.com/Mrs4s/go-cqhttp/releases 下载. 
[2023-05-19 22:07:16] [INFO]: 当前版本: v1.0.0 最新版本: v1.0.1 
[2023-05-19 22:07:16] [INFO]: 开始诊断网络情况 
[2023-05-19 22:07:16] [INFO]: 收到服务器地址更新通知, 将在下一次重连时应用.  
[2023-05-19 22:07:18] [INFO]: 网络诊断完成. 未发现问题 
[2023-05-19 22:07:24] [INFO]: 收到群 兔子的兔子开发群(679872429) 内 甲氧氯普胺(2822075626) 的消息: /存储 (-887046537) 
[2023-05-19 22:07:24] [INFO]: 发送群 兔子的兔子开发群(679872429) 的消息: [CQ:reply, ... (1378480077) 
[2023-05-19 22:07:29] [INFO]: 收到群 兔子的兔子开发群(679872429) 内 甲氧氯普胺(2822075626) 的消息: Notice-吃饭-明天别忘了吃饭 (623828827) 
[2023-05-19 22:09:23] [INFO]: 收到群 兔子的兔子开发群(679872429) 内 甲氧氯普胺(2822075626) 的消息: /help (-1248738614) 
[2023-05-19 22:09:24] [INFO]: 发送群 兔子的兔子开发群(679872429) 的消息: [CQ:reply, ... (-1030294948) 
[2023-05-19 22:41:12] [INFO]: 当前版本:v1.0.0 
[2023-05-19 22:41:12] [INFO]: 将使用 device.json 内的设备信息运行Bot. 
[2023-05-19 22:41:12] [INFO]: 开始尝试登录并同步消息... 
[2023-05-19 22:41:12] [INFO]: 使用协议: Android Watch 2.0.8 
[2023-05-19 22:41:22] [INFO]: Protocol -> connect to server: 42.81.194.99:8080 
[2023-05-19 22:41:22] [WARNING]: Protocol -> device lock is disable. http api may fail. 
[2023-05-19 22:41:23] [INFO]: 登录成功 欢迎使用: 兔子的兔子 
[2023-05-19 22:41:23] [INFO]: 开始加载好友列表... 
[2023-05-19 22:41:24] [INFO]: 共加载 3 个好友. 
[2023-05-19 22:41:24] [INFO]: 开始加载群列表... 
[2023-05-19 22:41:24] [INFO]: 共加载 1 个群. 
[2023-05-19 22:41:24] [INFO]: 资源初始化完成, 开始处理信息. 
[2023-05-19 22:41:24] [INFO]: アトリは、高性能ですから! 
[2023-05-19 22:41:24] [INFO]: CQ HTTP 服务器已启动: 127.0.0.1:5700 
[2023-05-19 22:41:24] [INFO]: CQ WebSocket 服务器已启动: 127.0.0.1:8000 
[2023-05-19 22:41:24] [INFO]: 正在检查更新. 
[2023-05-19 22:41:24] [INFO]: 接受 WebSocket 连接: 127.0.0.1:8151 (/) 
[2023-05-19 22:41:24] [INFO]: 当前有更新的 go-cqhttp 可供更新, 请前往 https://github.com/Mrs4s/go-cqhttp/releases 下载. 
[2023-05-19 22:41:24] [INFO]: 当前版本: v1.0.0 最新版本: v1.0.1 
[2023-05-19 22:41:24] [INFO]: 开始诊断网络情况 
[2023-05-19 22:41:25] [INFO]: 收到服务器地址更新通知, 将在下一次重连时应用.  
[2023-05-19 22:41:27] [INFO]: 网络诊断完成. 未发现问题 
[2023-05-19 22:42:21] [INFO]: 收到群 兔子的兔子开发群(679872429) 内 甲氧氯普胺(2822075626) 的消息: /help (-1571718215) 
[2023-05-19 22:42:21] [INFO]: 发送群 兔子的兔子开发群(679872429) 的消息: [CQ:reply, ... (-715764945) 
[2023-05-19 22:42:42] [INFO]: 收到群 兔子的兔子开发群(679872429) 内 甲氧氯普胺(2822075626) 的消息: /存储 (1281301141) 
[2023-05-19 22:42:43] [INFO]: 发送群 兔子的兔子开发群(679872429) 的消息: [CQ:reply, ... (995633667) 
[2023-05-19 22:42:54] [INFO]: 收到群 兔子的兔子开发群(679872429) 内 甲氧氯普胺(2822075626) 的消息: Notice-吃饭-明天别忘了吃饭 (-1522745440) 
[2023-05-19 23:14:45] [INFO]: 当前版本:v1.0.0 
[2023-05-19 23:14:45] [INFO]: 将使用 device.json 内的设备信息运行Bot. 
[2023-05-19 23:14:45] [INFO]: 开始尝试登录并同步消息... 
[2023-05-19 23:14:45] [INFO]: 使用协议: Android Watch 2.0.8 
[2023-05-19 23:14:45] [INFO]: Protocol -> connect to server: 42.81.183.253:8080 
[2023-05-19 23:14:45] [WARNING]: Protocol -> device lock is disable. http api may fail. 
[2023-05-19 23:14:47] [INFO]: 登录成功 欢迎使用: 兔子的兔子 
[2023-05-19 23:14:47] [INFO]: 开始加载好友列表... 
[2023-05-19 23:14:47] [INFO]: 共加载 3 个好友. 
[2023-05-19 23:14:47] [INFO]: 开始加载群列表... 
[2023-05-19 23:14:48] [INFO]: 共加载 1 个群. 
[2023-05-19 23:14:48] [INFO]: 资源初始化完成, 开始处理信息. 
[2023-05-19 23:14:48] [INFO]: アトリは、高性能ですから! 
[2023-05-19 23:14:48] [INFO]: CQ WebSocket 服务器已启动: 127.0.0.1:8000 
[2023-05-19 23:14:48] [INFO]: CQ HTTP 服务器已启动: 127.0.0.1:5700 
[2023-05-19 23:14:48] [INFO]: 正在检查更新. 
[2023-05-19 23:14:48] [INFO]: 接受 WebSocket 连接: 127.0.0.1:1816 (/) 
[2023-05-19 23:14:48] [INFO]: 收到服务器地址更新通知, 将在下一次重连时应用.  
[2023-05-19 23:14:48] [INFO]: 当前有更新的 go-cqhttp 可供更新, 请前往 https://github.com/Mrs4s/go-cqhttp/releases 下载. 
[2023-05-19 23:14:48] [INFO]: 当前版本: v1.0.0 最新版本: v1.0.1 
[2023-05-19 23:14:48] [INFO]: 开始诊断网络情况 
[2023-05-19 23:14:51] [INFO]: 网络诊断完成. 未发现问题 
[2023-05-19 23:15:27] [INFO]: 当前版本:v1.0.0 
[2023-05-19 23:15:27] [INFO]: 将使用 device.json 内的设备信息运行Bot. 
[2023-05-19 23:15:27] [INFO]: 开始尝试登录并同步消息... 
[2023-05-19 23:15:27] [INFO]: 使用协议: Android Watch 2.0.8 
[2023-05-19 23:15:33] [INFO]: Protocol -> connect to server: 221.238.41.89:8080 
[2023-05-19 23:15:33] [WARNING]: Protocol -> device lock is disable. http api may fail. 
[2023-05-19 23:15:35] [INFO]: 登录成功 欢迎使用: 兔子的兔子 
[2023-05-19 23:15:35] [INFO]: 开始加载好友列表... 
[2023-05-19 23:15:35] [INFO]: 共加载 3 个好友. 
[2023-05-19 23:15:35] [INFO]: 开始加载群列表... 
[2023-05-19 23:15:35] [INFO]: 共加载 1 个群. 
[2023-05-19 23:15:35] [INFO]: 资源初始化完成, 开始处理信息. 
[2023-05-19 23:15:35] [INFO]: アトリは、高性能ですから! 
[2023-05-19 23:15:35] [INFO]: CQ WebSocket 服务器已启动: 127.0.0.1:8000 
[2023-05-19 23:15:35] [INFO]: CQ HTTP 服务器已启动: 127.0.0.1:5700 
[2023-05-19 23:15:35] [INFO]: 正在检查更新. 
[2023-05-19 23:15:36] [INFO]: 接受 WebSocket 连接: 127.0.0.1:1882 (/) 
[2023-05-19 23:15:37] [INFO]: 当前有更新的 go-cqhttp 可供更新, 请前往 https://github.com/Mrs4s/go-cqhttp/releases 下载. 
[2023-05-19 23:15:37] [INFO]: 当前版本: v1.0.0 最新版本: v1.0.1 
[2023-05-19 23:15:37] [INFO]: 开始诊断网络情况 
[2023-05-19 23:15:38] [INFO]: 收到群 兔子的兔子开发群(679872429) 内 甲氧氯普胺(2822075626) 的消息: /存储 (-767848650) 
[2023-05-19 23:15:39] [INFO]: 发送群 兔子的兔子开发群(679872429) 的消息: [CQ:reply, ... (1261624972) 
[2023-05-19 23:15:39] [INFO]: 网络诊断完成. 未发现问题 
[2023-05-19 23:15:41] [INFO]: 收到服务器地址更新通知, 将在下一次重连时应用.  
[2023-05-19 23:15:45] [INFO]: 收到群 兔子的兔子开发群(679872429) 内 甲氧氯普胺(2822075626) 的消息: Notice-吃饭-明天别忘了吃饭 (1010167322) 
[2023-05-19 23:17:03] [INFO]: 当前版本:v1.0.0 
[2023-05-19 23:17:04] [INFO]: 将使用 device.json 内的设备信息运行Bot. 
[2023-05-19 23:17:04] [INFO]: 开始尝试登录并同步消息... 
[2023-05-19 23:17:04] [INFO]: 使用协议: Android Watch 2.0.8 
[2023-05-19 23:17:04] [INFO]: Protocol -> connect to server: [::ffff:42.81.183.253]:8080 
[2023-05-19 23:17:04] [WARNING]: Protocol -> device lock is disable. http api may fail. 
[2023-05-19 23:17:06] [INFO]: 登录成功 欢迎使用: 兔子的兔子 
[2023-05-19 23:17:06] [INFO]: 开始加载好友列表... 
[2023-05-19 23:17:06] [INFO]: 共加载 3 个好友. 
[2023-05-19 23:17:06] [INFO]: 开始加载群列表... 
[2023-05-19 23:17:06] [INFO]: 共加载 1 个群. 
[2023-05-19 23:17:06] [INFO]: 资源初始化完成, 开始处理信息. 
[2023-05-19 23:17:06] [INFO]: アトリは、高性能ですから! 
[2023-05-19 23:17:06] [INFO]: CQ HTTP 服务器已启动: 127.0.0.1:5700 
[2023-05-19 23:17:06] [INFO]: CQ WebSocket 服务器已启动: 127.0.0.1:8000 
[2023-05-19 23:17:06] [INFO]: 正在检查更新. 
[2023-05-19 23:17:07] [INFO]: 接受 WebSocket 连接: 127.0.0.1:1976 (/) 
[2023-05-19 23:17:07] [INFO]: 当前有更新的 go-cqhttp 可供更新, 请前往 https://github.com/Mrs4s/go-cqhttp/releases 下载. 
[2023-05-19 23:17:07] [INFO]: 当前版本: v1.0.0 最新版本: v1.0.1 
[2023-05-19 23:17:07] [INFO]: 开始诊断网络情况 
[2023-05-19 23:17:07] [INFO]: 收到服务器地址更新通知, 将在下一次重连时应用.  
[2023-05-19 23:17:10] [INFO]: 网络诊断完成. 未发现问题 
[2023-05-19 23:17:12] [INFO]: 收到群 兔子的兔子开发群(679872429) 内 甲氧氯普胺(2822075626) 的消息: /存储 (-1400179829) 
[2023-05-19 23:17:12] [INFO]: 发送群 兔子的兔子开发群(679872429) 的消息: [CQ:reply, ... (-611466467) 
[2023-05-19 23:17:18] [INFO]: 收到群 兔子的兔子开发群(679872429) 内 甲氧氯普胺(2822075626) 的消息: Notice-吃饭-明天别忘了吃饭 (1909817001) 
[2023-05-19 23:19:45] [INFO]: 当前版本:v1.0.0 
[2023-05-19 23:19:45] [INFO]: 将使用 device.json 内的设备信息运行Bot. 
[2023-05-19 23:19:45] [INFO]: 开始尝试登录并同步消息... 
[2023-05-19 23:19:45] [INFO]: 使用协议: Android Watch 2.0.8 
[2023-05-19 23:19:50] [INFO]: Protocol -> connect to server: 221.238.41.89:8080 
[2023-05-19 23:19:50] [WARNING]: Protocol -> device lock is disable. http api may fail. 
[2023-05-19 23:19:52] [INFO]: 登录成功 欢迎使用: 兔子的兔子 
[2023-05-19 23:19:52] [INFO]: 开始加载好友列表... 
[2023-05-19 23:19:52] [INFO]: 共加载 3 个好友. 
[2023-05-19 23:19:52] [INFO]: 开始加载群列表... 
[2023-05-19 23:19:52] [INFO]: 共加载 1 个群. 
[2023-05-19 23:19:53] [INFO]: 资源初始化完成, 开始处理信息. 
[2023-05-19 23:19:53] [INFO]: アトリは、高性能ですから! 
[2023-05-19 23:19:53] [INFO]: CQ WebSocket 服务器已启动: 127.0.0.1:8000 
[2023-05-19 23:19:53] [INFO]: CQ HTTP 服务器已启动: 127.0.0.1:5700 
[2023-05-19 23:19:53] [INFO]: 正在检查更新. 
[2023-05-19 23:19:53] [INFO]: 接受 WebSocket 连接: 127.0.0.1:2043 (/) 
[2023-05-19 23:19:53] [INFO]: 收到服务器地址更新通知, 将在下一次重连时应用.  
[2023-05-19 23:19:54] [INFO]: 当前有更新的 go-cqhttp 可供更新, 请前往 https://github.com/Mrs4s/go-cqhttp/releases 下载. 
[2023-05-19 23:19:54] [INFO]: 当前版本: v1.0.0 最新版本: v1.0.1 
[2023-05-19 23:19:54] [INFO]: 开始诊断网络情况 
[2023-05-19 23:19:56] [INFO]: 网络诊断完成. 未发现问题 
[2023-05-19 23:19:57] [INFO]: 收到群 兔子的兔子开发群(679872429) 内 甲氧氯普胺(2822075626) 的消息: /存储 (114445887) 
[2023-05-19 23:19:58] [INFO]: 发送群 兔子的兔子开发群(679872429) 的消息: [CQ:reply, ... (-1613029499) 
[2023-05-19 23:20:06] [INFO]: 收到群 兔子的兔子开发群(679872429) 内 甲氧氯普胺(2822075626) 的消息: Notice-吃饭-明天别忘了吃饭 (-388223213) 
[2023-05-19 23:20:07] [INFO]: 发送群 兔子的兔子开发群(679872429) 的消息: [CQ:reply, ... (1991817904) 
[2023-05-19 23:20:26] [INFO]: 收到群 兔子的兔子开发群(679872429) 内 甲氧氯普胺(2822075626) 的消息: /help (29329958) 
[2023-05-19 23:20:26] [INFO]: 发送群 兔子的兔子开发群(679872429) 的消息: [CQ:reply, ... (-1732846692) 
[2023-05-19 23:22:14] [INFO]: 当前版本:v1.0.0 
[2023-05-19 23:22:43] [INFO]: 将使用 device.json 内的设备信息运行Bot. 
[2023-05-19 23:22:43] [INFO]: 开始尝试登录并同步消息... 
[2023-05-19 23:22:43] [INFO]: 使用协议: Android Watch 2.0.8 
[2023-05-19 23:22:43] [INFO]: Protocol -> connect to server: 42.81.184.206:8080 
[2023-05-19 23:22:43] [WARNING]: Protocol -> device lock is disable. http api may fail. 
[2023-05-19 23:22:45] [INFO]: 登录成功 欢迎使用: 兔子的兔子 
[2023-05-19 23:22:45] [INFO]: 开始加载好友列表... 
[2023-05-19 23:22:45] [INFO]: 共加载 3 个好友. 
[2023-05-19 23:22:45] [INFO]: 开始加载群列表... 
[2023-05-19 23:22:46] [INFO]: 共加载 1 个群. 
[2023-05-19 23:22:46] [INFO]: 资源初始化完成, 开始处理信息. 
[2023-05-19 23:22:46] [INFO]: CQ WebSocket 服务器已启动: 127.0.0.1:8000 
[2023-05-19 23:22:46] [INFO]: CQ HTTP 服务器已启动: 127.0.0.1:5700 
[2023-05-19 23:22:46] [INFO]: アトリは、高性能ですから! 
[2023-05-19 23:22:46] [INFO]: 正在检查更新. 
[2023-05-19 23:22:46] [INFO]: 接受 WebSocket 连接: 127.0.0.1:2141 (/) 
[2023-05-19 23:22:46] [INFO]: 当前有更新的 go-cqhttp 可供更新, 请前往 https://github.com/Mrs4s/go-cqhttp/releases 下载. 
[2023-05-19 23:22:46] [INFO]: 当前版本: v1.0.0 最新版本: v1.0.1 
[2023-05-19 23:22:46] [INFO]: 开始诊断网络情况 
[2023-05-19 23:22:46] [INFO]: 收到服务器地址更新通知, 将在下一次重连时应用.  
[2023-05-19 23:22:49] [INFO]: 网络诊断完成. 未发现问题 
[2023-05-19 23:22:53] [INFO]: 收到群 兔子的兔子开发群(679872429) 内 甲氧氯普胺(2822075626) 的消息: /存储 (-273552630) 
[2023-05-19 23:22:53] [INFO]: 发送群 兔子的兔子开发群(679872429) 的消息: [CQ:reply, ... (2131687067) 
[2023-05-19 23:23:13] [INFO]: 发送群 兔子的兔子开发群(679872429) 的消息: [CQ:reply, ... (134858253) 
[2023-05-19 23:23:16] [INFO]: 收到群 兔子的兔子开发群(679872429) 内 甲氧氯普胺(2822075626) 的消息: Notice-喝水-明天别忘了喝水 (1758351336) 
[2023-05-19 23:23:21] [INFO]: 收到群 兔子的兔子开发群(679872429) 内 甲氧氯普胺(2822075626) 的消息: /存储 (533299070) 
[2023-05-19 23:23:22] [INFO]: 发送群 兔子的兔子开发群(679872429) 的消息: [CQ:reply, ... (-2034225468) 
[2023-05-19 23:23:26] [INFO]: 收到群 兔子的兔子开发群(679872429) 内 甲氧氯普胺(2822075626) 的消息: Notice-喝水-明天别忘了喝水 (-238608814) 
[2023-05-19 23:23:47] [INFO]: 发送群 兔子的兔子开发群(679872429) 的消息: [CQ:reply, ... (1872989169) 
[2023-05-19 23:24:16] [INFO]: 收到群 兔子的兔子开发群(679872429) 内 甲氧氯普胺(2822075626) 的消息: /列出所有关键字-Notice (413449063) 
[2023-05-19 23:24:16] [INFO]: 发送群 兔子的兔子开发群(679872429) 的消息: 指令 /列出所有关键 ... (-2119308579) 
[2023-05-19 23:24:38] [INFO]: 收到群 兔子的兔子开发群(679872429) 内 甲氧氯普胺(2822075626) 的消息: /列出所有关键字 -Notice (-156575157) 
[2023-05-19 23:24:38] [INFO]: 发送群 兔子的兔子开发群(679872429) 的消息: [CQ:reply, ... (1712703450) 
[2023-05-19 23:24:38] [INFO]: 发送群 兔子的兔子开发群(679872429) 的消息: [CQ:reply, ... (286455628) 
[2023-05-19 23:25:02] [INFO]: 收到群 兔子的兔子开发群(679872429) 内 甲氧氯普胺(2822075626) 的消息: /存储 (1138957355) 
[2023-05-19 23:25:03] [INFO]: 发送群 兔子的兔子开发群(679872429) 的消息: [CQ:reply, ... (887368893) 
[2023-05-19 23:25:13] [INFO]: 收到群 兔子的兔子开发群(679872429) 内 甲氧氯普胺(2822075626) 的消息: Notice-吃饭-明天别忘了吃饭 (-1376944889) 
[2023-05-19 23:25:14] [INFO]: 发送群 兔子的兔子开发群(679872429) 的消息: [CQ:reply, ... (-622178927) 
[2023-05-19 23:25:27] [INFO]: 收到群 兔子的兔子开发群(679872429) 内 甲氧氯普胺(2822075626) 的消息: /列出所有关键字 -Notice (1150212146) 
[2023-05-19 23:25:28] [INFO]: 发送群 兔子的兔子开发群(679872429) 的消息: [CQ:reply, ... (-1434404578) 
[2023-05-19 23:25:28] [INFO]: 发送群 兔子的兔子开发群(679872429) 的消息: [CQ:reply, ... (864676004) 
[2023-05-19 23:25:28] [INFO]: 发送群 兔子的兔子开发群(679872429) 的消息: [CQ:reply, ... (-578319992) 
[2023-05-19 23:25:58] [INFO]: 当前版本:v1.0.0 
[2023-05-19 23:25:58] [INFO]: 将使用 device.json 内的设备信息运行Bot. 
[2023-05-19 23:25:58] [INFO]: 开始尝试登录并同步消息... 
[2023-05-19 23:25:58] [INFO]: 使用协议: Android Watch 2.0.8 
[2023-05-19 23:25:58] [INFO]: Protocol -> connect to server: 42.81.176.211:8080 
[2023-05-19 23:25:58] [WARNING]: Protocol -> device lock is disable. http api may fail. 
[2023-05-19 23:26:00] [INFO]: 登录成功 欢迎使用: 兔子的兔子 
[2023-05-19 23:26:00] [INFO]: 开始加载好友列表... 
[2023-05-19 23:26:00] [INFO]: 共加载 3 个好友. 
[2023-05-19 23:26:00] [INFO]: 开始加载群列表... 
[2023-05-19 23:26:01] [INFO]: 共加载 1 个群. 
[2023-05-19 23:26:01] [INFO]: 资源初始化完成, 开始处理信息. 
[2023-05-19 23:26:01] [INFO]: アトリは、高性能ですから! 
[2023-05-19 23:26:01] [INFO]: CQ WebSocket 服务器已启动: 127.0.0.1:8000 
[2023-05-19 23:26:01] [INFO]: CQ HTTP 服务器已启动: 127.0.0.1:5700 
[2023-05-19 23:26:01] [INFO]: 正在检查更新. 
[2023-05-19 23:26:01] [INFO]: 接受 WebSocket 连接: 127.0.0.1:2226 (/) 
[2023-05-19 23:26:01] [INFO]: 收到服务器地址更新通知, 将在下一次重连时应用.  
[2023-05-19 23:26:01] [INFO]: 当前有更新的 go-cqhttp 可供更新, 请前往 https://github.com/Mrs4s/go-cqhttp/releases 下载. 
[2023-05-19 23:26:01] [INFO]: 当前版本: v1.0.0 最新版本: v1.0.1 
[2023-05-19 23:26:01] [INFO]: 开始诊断网络情况 
[2023-05-19 23:26:14] [WARNING]: 警告: 本地连接聊天服务器丢包率为 10%, 可能出现消息丢失/延迟或频繁掉线等情况, 请检查本地网络状态. 
[2023-05-19 23:26:14] [INFO]: 网络诊断完成. 发现问题, 请检查日志. 
[2023-05-19 23:26:21] [INFO]: 收到群 兔子的兔子开发群(679872429) 内 甲氧氯普胺(2822075626) 的消息: /列出所有关键字 -Notice (1295553561) 
[2023-05-19 23:26:21] [INFO]: 发送群 兔子的兔子开发群(679872429) 的消息: [CQ:reply, ... (977249423) 
[2023-05-19 23:26:21] [INFO]: 发送群 兔子的兔子开发群(679872429) 的消息: [CQ:reply, ... (1526213994) 
[2023-05-19 23:26:21] [INFO]: 发送群 兔子的兔子开发群(679872429) 的消息: [CQ:reply, ... (771694076) 
[2023-05-19 23:29:55] [INFO]: 当前版本:v1.0.0 
[2023-05-19 23:29:55] [INFO]: 将使用 device.json 内的设备信息运行Bot. 
[2023-05-19 23:29:55] [INFO]: 开始尝试登录并同步消息... 
[2023-05-19 23:29:55] [INFO]: 使用协议: Android Watch 2.0.8 
[2023-05-19 23:29:55] [INFO]: Protocol -> connect to server: 42.81.176.211:8080 
[2023-05-19 23:29:55] [WARNING]: Protocol -> device lock is disable. http api may fail. 
[2023-05-19 23:29:57] [INFO]: 登录成功 欢迎使用: 兔子的兔子 
[2023-05-19 23:29:57] [INFO]: 开始加载好友列表... 
[2023-05-19 23:29:57] [INFO]: 共加载 3 个好友. 
[2023-05-19 23:29:57] [INFO]: 开始加载群列表... 
[2023-05-19 23:29:58] [INFO]: 共加载 1 个群. 
[2023-05-19 23:29:58] [INFO]: 资源初始化完成, 开始处理信息. 
[2023-05-19 23:29:58] [INFO]: CQ HTTP 服务器已启动: 127.0.0.1:5700 
[2023-05-19 23:29:58] [INFO]: CQ WebSocket 服务器已启动: 127.0.0.1:8000 
[2023-05-19 23:29:58] [INFO]: アトリは、高性能ですから! 
[2023-05-19 23:29:58] [INFO]: 正在检查更新. 
[2023-05-19 23:29:58] [INFO]: 接受 WebSocket 连接: 127.0.0.1:2303 (/) 
[2023-05-19 23:29:58] [INFO]: 当前有更新的 go-cqhttp 可供更新, 请前往 https://github.com/Mrs4s/go-cqhttp/releases 下载. 
[2023-05-19 23:29:58] [INFO]: 当前版本: v1.0.0 最新版本: v1.0.1 
[2023-05-19 23:29:58] [INFO]: 开始诊断网络情况 
[2023-05-19 23:29:58] [INFO]: 收到服务器地址更新通知, 将在下一次重连时应用.  
[2023-05-19 23:30:01] [INFO]: 网络诊断完成. 未发现问题 
[2023-05-19 23:30:07] [INFO]: 收到好友 甲氧氯普胺(2822075626) 的消息: /help (-861950087) 
[2023-05-19 23:30:07] [INFO]: 发送好友 2822075626(2822075626)  的消息: [CQ:reply, ... (-264364786) 
[2023-05-19 23:30:24] [INFO]: 收到好友 甲氧氯普胺(2822075626) 的消息: /列出所有关键字 Notice (-100499174) 
[2023-05-19 23:30:24] [INFO]: 发送好友 2822075626(2822075626)  的消息: [CQ:reply, ... (-2026295912) 
[2023-05-19 23:30:24] [INFO]: 发送好友 2822075626(2822075626)  的消息: [CQ:reply, ... (425572411) 
[2023-05-19 23:30:24] [INFO]: 发送好友 2822075626(2822075626)  的消息: [CQ:reply, ... (1851426989) 
