[2023-05-20 10:26:40] [INFO]: 当前版本:v1.0.0 
[2023-05-20 10:26:40] [INFO]: 将使用 device.json 内的设备信息运行Bot. 
[2023-05-20 10:26:40] [INFO]: 开始尝试登录并同步消息... 
[2023-05-20 10:26:40] [INFO]: 使用协议: Android Watch 2.0.8 
[2023-05-20 10:26:46] [INFO]: Protocol -> connect to server: 221.238.41.89:8080 
[2023-05-20 10:26:46] [WARNING]: Protocol -> device lock is disable. http api may fail. 
[2023-05-20 10:26:48] [INFO]: 登录成功 欢迎使用: 兔子的兔子 
[2023-05-20 10:26:48] [INFO]: 开始加载好友列表... 
[2023-05-20 10:26:48] [INFO]: 共加载 3 个好友. 
[2023-05-20 10:26:48] [INFO]: 开始加载群列表... 
[2023-05-20 10:26:48] [INFO]: 共加载 1 个群. 
[2023-05-20 10:26:48] [INFO]: 资源初始化完成, 开始处理信息. 
[2023-05-20 10:26:48] [INFO]: アトリは、高性能ですから! 
[2023-05-20 10:26:48] [INFO]: 正在检查更新. 
[2023-05-20 10:26:48] [INFO]: CQ WebSocket 服务器已启动: 127.0.0.1:8000 
[2023-05-20 10:26:48] [INFO]: CQ HTTP 服务器已启动: 127.0.0.1:5700 
[2023-05-20 10:26:49] [INFO]: 当前有更新的 go-cqhttp 可供更新, 请前往 https://github.com/Mrs4s/go-cqhttp/releases 下载. 
[2023-05-20 10:26:49] [INFO]: 当前版本: v1.0.0 最新版本: v1.0.1 
[2023-05-20 10:26:49] [INFO]: 开始诊断网络情况 
[2023-05-20 10:26:49] [INFO]: 接受 WebSocket 连接: 127.0.0.1:7441 (/) 
[2023-05-20 10:26:49] [INFO]: 收到服务器地址更新通知, 将在下一次重连时应用.  
[2023-05-20 10:26:51] [INFO]: 网络诊断完成. 未发现问题 
[2023-05-20 10:27:03] [INFO]: 收到群 兔子的兔子开发群(679872429) 内 甲氧氯普胺(2822075626) 的消息: /列出所有关键字 Notice (-1258927034) 
[2023-05-20 10:27:04] [INFO]: 发送群 兔子的兔子开发群(679872429) 的消息: 指令 /列出所有关键 ... (-1007584048) 
[2023-05-20 10:28:15] [INFO]: 当前版本:v1.0.0 
[2023-05-20 10:28:15] [INFO]: 将使用 device.json 内的设备信息运行Bot. 
[2023-05-20 10:28:15] [INFO]: 开始尝试登录并同步消息... 
[2023-05-20 10:28:15] [INFO]: 使用协议: Android Watch 2.0.8 
[2023-05-20 10:28:16] [INFO]: Protocol -> connect to server: 221.238.41.89:8080 
[2023-05-20 10:28:16] [WARNING]: Protocol -> device lock is disable. http api may fail. 
[2023-05-20 10:28:18] [INFO]: 登录成功 欢迎使用: 兔子的兔子 
[2023-05-20 10:28:18] [INFO]: 开始加载好友列表... 
[2023-05-20 10:28:18] [INFO]: 共加载 3 个好友. 
[2023-05-20 10:28:18] [INFO]: 开始加载群列表... 
[2023-05-20 10:28:18] [INFO]: 共加载 1 个群. 
[2023-05-20 10:28:18] [INFO]: 资源初始化完成, 开始处理信息. 
[2023-05-20 10:28:18] [INFO]: アトリは、高性能ですから! 
[2023-05-20 10:28:18] [INFO]: 正在检查更新. 
[2023-05-20 10:28:18] [INFO]: CQ WebSocket 服务器已启动: 127.0.0.1:8000 
[2023-05-20 10:28:18] [INFO]: CQ HTTP 服务器已启动: 127.0.0.1:5700 
[2023-05-20 10:28:18] [INFO]: 接受 WebSocket 连接: 127.0.0.1:7519 (/) 
[2023-05-20 10:28:19] [INFO]: 当前有更新的 go-cqhttp 可供更新, 请前往 https://github.com/Mrs4s/go-cqhttp/releases 下载. 
[2023-05-20 10:28:19] [INFO]: 当前版本: v1.0.0 最新版本: v1.0.1 
[2023-05-20 10:28:19] [INFO]: 开始诊断网络情况 
[2023-05-20 10:28:19] [INFO]: 收到服务器地址更新通知, 将在下一次重连时应用.  
[2023-05-20 10:28:22] [INFO]: 网络诊断完成. 未发现问题 
[2023-05-20 10:28:23] [INFO]: 收到群 兔子的兔子开发群(679872429) 内 甲氧氯普胺(2822075626) 的消息: /列出所有关键字 Notice (1570105715) 
[2023-05-20 10:29:01] [INFO]: 当前版本:v1.0.0 
[2023-05-20 10:29:01] [INFO]: 将使用 device.json 内的设备信息运行Bot. 
[2023-05-20 10:29:01] [INFO]: 开始尝试登录并同步消息... 
[2023-05-20 10:29:01] [INFO]: 使用协议: Android Watch 2.0.8 
[2023-05-20 10:29:01] [INFO]: Protocol -> connect to server: 123.151.54.38:8080 
[2023-05-20 10:29:02] [WARNING]: Protocol -> device lock is disable. http api may fail. 
[2023-05-20 10:29:03] [INFO]: 登录成功 欢迎使用: 兔子的兔子 
[2023-05-20 10:29:03] [INFO]: 开始加载好友列表... 
[2023-05-20 10:29:04] [INFO]: 共加载 3 个好友. 
[2023-05-20 10:29:04] [INFO]: 开始加载群列表... 
[2023-05-20 10:29:04] [INFO]: 共加载 1 个群. 
[2023-05-20 10:29:04] [INFO]: 资源初始化完成, 开始处理信息. 
[2023-05-20 10:29:04] [INFO]: アトリは、高性能ですから! 
[2023-05-20 10:29:04] [INFO]: 正在检查更新. 
[2023-05-20 10:29:04] [INFO]: CQ WebSocket 服务器已启动: 127.0.0.1:8000 
[2023-05-20 10:29:04] [INFO]: CQ HTTP 服务器已启动: 127.0.0.1:5700 
[2023-05-20 10:29:04] [INFO]: 接受 WebSocket 连接: 127.0.0.1:7574 (/) 
[2023-05-20 10:29:04] [INFO]: 当前有更新的 go-cqhttp 可供更新, 请前往 https://github.com/Mrs4s/go-cqhttp/releases 下载. 
[2023-05-20 10:29:04] [INFO]: 当前版本: v1.0.0 最新版本: v1.0.1 
[2023-05-20 10:29:04] [INFO]: 开始诊断网络情况 
[2023-05-20 10:29:07] [INFO]: 网络诊断完成. 未发现问题 
[2023-05-20 10:29:10] [INFO]: 收到服务器地址更新通知, 将在下一次重连时应用.  
[2023-05-20 10:29:13] [INFO]: 收到群 兔子的兔子开发群(679872429) 内 甲氧氯普胺(2822075626) 的消息: /列出所有关键字 Notice (714267109) 
[2023-05-20 10:29:13] [INFO]: 发送群 兔子的兔子开发群(679872429) 的消息: 吃饭 (-1281652641) 
[2023-05-20 10:31:15] [INFO]: 当前版本:v1.0.0 
[2023-05-20 10:31:15] [INFO]: 将使用 device.json 内的设备信息运行Bot. 
[2023-05-20 10:31:15] [INFO]: 开始尝试登录并同步消息... 
[2023-05-20 10:31:15] [INFO]: 使用协议: Android Watch 2.0.8 
[2023-05-20 10:31:15] [INFO]: Protocol -> connect to server: [::ffff:42.81.179.212]:8080 
[2023-05-20 10:31:15] [WARNING]: Protocol -> device lock is disable. http api may fail. 
[2023-05-20 10:31:17] [INFO]: 登录成功 欢迎使用: 兔子的兔子 
[2023-05-20 10:31:17] [INFO]: 开始加载好友列表... 
[2023-05-20 10:31:17] [INFO]: 共加载 3 个好友. 
[2023-05-20 10:31:17] [INFO]: 开始加载群列表... 
[2023-05-20 10:31:18] [INFO]: 共加载 1 个群. 
[2023-05-20 10:31:18] [INFO]: 资源初始化完成, 开始处理信息. 
[2023-05-20 10:31:18] [INFO]: アトリは、高性能ですから! 
[2023-05-20 10:31:18] [INFO]: 正在检查更新. 
[2023-05-20 10:31:18] [INFO]: CQ WebSocket 服务器已启动: 127.0.0.1:8000 
[2023-05-20 10:31:18] [INFO]: CQ HTTP 服务器已启动: 127.0.0.1:5700 
[2023-05-20 10:31:18] [INFO]: 接受 WebSocket 连接: 127.0.0.1:7641 (/) 
[2023-05-20 10:31:18] [INFO]: 当前有更新的 go-cqhttp 可供更新, 请前往 https://github.com/Mrs4s/go-cqhttp/releases 下载. 
[2023-05-20 10:31:18] [INFO]: 当前版本: v1.0.0 最新版本: v1.0.1 
[2023-05-20 10:31:18] [INFO]: 开始诊断网络情况 
[2023-05-20 10:31:18] [INFO]: 收到服务器地址更新通知, 将在下一次重连时应用.  
[2023-05-20 10:31:21] [INFO]: 网络诊断完成. 未发现问题 
[2023-05-20 10:31:32] [INFO]: 收到群 兔子的兔子开发群(679872429) 内 甲氧氯普胺(2822075626) 的消息: /列出所有关键字 Notice (-996362039) 
[2023-05-20 10:31:32] [INFO]: 发送群 兔子的兔子开发群(679872429) 的消息: 吃饭、喝水、吃饭、 (1411622232) 
[2023-05-20 10:44:50] [INFO]: 当前版本:v1.0.0 
[2023-05-20 10:44:50] [INFO]: 将使用 device.json 内的设备信息运行Bot. 
[2023-05-20 10:44:50] [INFO]: 开始尝试登录并同步消息... 
[2023-05-20 10:44:50] [INFO]: 使用协议: Android Watch 2.0.8 
[2023-05-20 10:44:56] [INFO]: Protocol -> connect to server: [::ffff:123.151.54.91]:8080 
[2023-05-20 10:44:56] [WARNING]: Protocol -> device lock is disable. http api may fail. 
[2023-05-20 10:44:58] [INFO]: 登录成功 欢迎使用: 兔子的兔子 
[2023-05-20 10:44:58] [INFO]: 开始加载好友列表... 
[2023-05-20 10:44:58] [INFO]: 共加载 3 个好友. 
[2023-05-20 10:44:58] [INFO]: 开始加载群列表... 
[2023-05-20 10:44:58] [INFO]: 共加载 1 个群. 
[2023-05-20 10:44:58] [INFO]: 资源初始化完成, 开始处理信息. 
[2023-05-20 10:44:58] [INFO]: アトリは、高性能ですから! 
[2023-05-20 10:44:58] [INFO]: CQ HTTP 服务器已启动: 127.0.0.1:5700 
[2023-05-20 10:44:58] [INFO]: CQ WebSocket 服务器已启动: 127.0.0.1:8000 
[2023-05-20 10:44:58] [INFO]: 正在检查更新. 
[2023-05-20 10:44:58] [INFO]: 接受 WebSocket 连接: 127.0.0.1:7856 (/) 
[2023-05-20 10:44:59] [INFO]: 当前有更新的 go-cqhttp 可供更新, 请前往 https://github.com/Mrs4s/go-cqhttp/releases 下载. 
[2023-05-20 10:44:59] [INFO]: 当前版本: v1.0.0 最新版本: v1.0.1 
[2023-05-20 10:44:59] [INFO]: 开始诊断网络情况 
[2023-05-20 10:44:59] [INFO]: 收到服务器地址更新通知, 将在下一次重连时应用.  
[2023-05-20 10:45:01] [INFO]: 网络诊断完成. 未发现问题 
[2023-05-20 10:45:15] [INFO]: 收到群 兔子的兔子开发群(679872429) 内 甲氧氯普胺(2822075626) 的消息: /测试 (589600206) 
[2023-05-20 10:45:26] [INFO]: 收到群 兔子的兔子开发群(679872429) 内 甲氧氯普胺(2822075626) 的消息: /测试 啊啊啊 (364493741) 
[2023-05-20 10:45:40] [INFO]: 收到群 兔子的兔子开发群(679872429) 内 甲氧氯普胺(2822075626) 的消息: /测试 啊啊啊 我我我 鱼鱼鱼 (1656654651) 
[2023-05-20 10:49:02] [INFO]: 当前版本:v1.0.0 
[2023-05-20 10:49:02] [INFO]: 将使用 device.json 内的设备信息运行Bot. 
[2023-05-20 10:49:02] [INFO]: 开始尝试登录并同步消息... 
[2023-05-20 10:49:02] [INFO]: 使用协议: Android Watch 2.0.8 
[2023-05-20 10:49:02] [INFO]: Protocol -> connect to server: 42.81.192.181:8080 
[2023-05-20 10:49:02] [WARNING]: Protocol -> device lock is disable. http api may fail. 
[2023-05-20 10:49:04] [INFO]: 登录成功 欢迎使用: 兔子的兔子 
[2023-05-20 10:49:04] [INFO]: 开始加载好友列表... 
[2023-05-20 10:49:04] [INFO]: 共加载 3 个好友. 
[2023-05-20 10:49:04] [INFO]: 开始加载群列表... 
[2023-05-20 10:49:05] [INFO]: 共加载 1 个群. 
[2023-05-20 10:49:05] [INFO]: 资源初始化完成, 开始处理信息. 
[2023-05-20 10:49:05] [INFO]: アトリは、高性能ですから! 
[2023-05-20 10:49:05] [INFO]: 正在检查更新. 
[2023-05-20 10:49:05] [INFO]: CQ WebSocket 服务器已启动: 127.0.0.1:8000 
[2023-05-20 10:49:05] [INFO]: CQ HTTP 服务器已启动: 127.0.0.1:5700 
[2023-05-20 10:49:05] [INFO]: 接受 WebSocket 连接: 127.0.0.1:7929 (/) 
[2023-05-20 10:49:05] [INFO]: 收到服务器地址更新通知, 将在下一次重连时应用.  
[2023-05-20 10:49:05] [INFO]: 当前有更新的 go-cqhttp 可供更新, 请前往 https://github.com/Mrs4s/go-cqhttp/releases 下载. 
[2023-05-20 10:49:05] [INFO]: 当前版本: v1.0.0 最新版本: v1.0.1 
[2023-05-20 10:49:05] [INFO]: 开始诊断网络情况 
[2023-05-20 10:49:08] [INFO]: 网络诊断完成. 未发现问题 
[2023-05-20 10:49:16] [INFO]: 收到群 兔子的兔子开发群(679872429) 内 甲氧氯普胺(2822075626) 的消息: /测试 Notice 吃饭 (-71837055) 
[2023-05-20 10:50:03] [INFO]: 收到群 兔子的兔子开发群(679872429) 内 甲氧氯普胺(2822075626) 的消息: /测试 吃饭 Notice (-1934562793) 
[2023-05-20 10:56:57] [INFO]: 当前版本:v1.0.0 
[2023-05-20 10:56:57] [INFO]: 将使用 device.json 内的设备信息运行Bot. 
[2023-05-20 10:56:57] [INFO]: 开始尝试登录并同步消息... 
[2023-05-20 10:56:57] [INFO]: 使用协议: Android Watch 2.0.8 
[2023-05-20 10:56:57] [INFO]: Protocol -> connect to server: 221.238.41.89:8080 
[2023-05-20 10:56:57] [WARNING]: Protocol -> device lock is disable. http api may fail. 
[2023-05-20 10:56:59] [INFO]: 登录成功 欢迎使用: 兔子的兔子 
[2023-05-20 10:56:59] [INFO]: 开始加载好友列表... 
[2023-05-20 10:56:59] [INFO]: 共加载 3 个好友. 
[2023-05-20 10:56:59] [INFO]: 开始加载群列表... 
[2023-05-20 10:57:00] [INFO]: 共加载 1 个群. 
[2023-05-20 10:57:00] [INFO]: 资源初始化完成, 开始处理信息. 
[2023-05-20 10:57:00] [INFO]: アトリは、高性能ですから! 
[2023-05-20 10:57:00] [INFO]: 正在检查更新. 
[2023-05-20 10:57:00] [INFO]: CQ HTTP 服务器已启动: 127.0.0.1:5700 
[2023-05-20 10:57:00] [INFO]: CQ WebSocket 服务器已启动: 127.0.0.1:8000 
[2023-05-20 10:57:00] [INFO]: 接受 WebSocket 连接: 127.0.0.1:8070 (/) 
[2023-05-20 10:57:00] [INFO]: 当前有更新的 go-cqhttp 可供更新, 请前往 https://github.com/Mrs4s/go-cqhttp/releases 下载. 
[2023-05-20 10:57:00] [INFO]: 当前版本: v1.0.0 最新版本: v1.0.1 
[2023-05-20 10:57:00] [INFO]: 开始诊断网络情况 
[2023-05-20 10:57:03] [INFO]: 网络诊断完成. 未发现问题 
[2023-05-20 10:57:05] [INFO]: 收到服务器地址更新通知, 将在下一次重连时应用.  
[2023-05-20 10:57:12] [INFO]: 收到群 兔子的兔子开发群(679872429) 内 甲氧氯普胺(2822075626) 的消息: /help (315916212) 
[2023-05-20 10:57:12] [INFO]: 发送群 兔子的兔子开发群(679872429) 的消息: [CQ:reply, ... (1708347170) 
[2023-05-20 10:57:28] [INFO]: 收到群 兔子的兔子开发群(679872429) 内 甲氧氯普胺(2822075626) 的消息: /键查询  Notice 吃饭 (-52814184) 
[2023-05-20 10:57:28] [INFO]: 发送群 兔子的兔子开发群(679872429) 的消息: 指令 /键查询  N ... (-1948439026) 
[2023-05-20 10:57:44] [INFO]: 收到群 兔子的兔子开发群(679872429) 内 甲氧氯普胺(2822075626) 的消息: /键查询 Notice 吃饭 (459420575) 
[2023-05-20 10:57:44] [INFO]: 发送群 兔子的兔子开发群(679872429) 的消息: 指令 /键查询 No ... (1818559241) 
[2023-05-20 11:02:36] [INFO]: 当前版本:v1.0.0 
[2023-05-20 11:02:36] [INFO]: 将使用 device.json 内的设备信息运行Bot. 
[2023-05-20 11:02:36] [INFO]: 开始尝试登录并同步消息... 
[2023-05-20 11:02:36] [INFO]: 使用协议: Android Watch 2.0.8 
[2023-05-20 11:02:37] [INFO]: Protocol -> connect to server: 42.81.183.253:8080 
[2023-05-20 11:02:37] [WARNING]: Protocol -> device lock is disable. http api may fail. 
[2023-05-20 11:02:39] [INFO]: 登录成功 欢迎使用: 兔子的兔子 
[2023-05-20 11:02:39] [INFO]: 开始加载好友列表... 
[2023-05-20 11:02:39] [INFO]: 共加载 3 个好友. 
[2023-05-20 11:02:39] [INFO]: 开始加载群列表... 
[2023-05-20 11:02:39] [INFO]: 共加载 1 个群. 
[2023-05-20 11:02:39] [INFO]: 资源初始化完成, 开始处理信息. 
[2023-05-20 11:02:39] [INFO]: アトリは、高性能ですから! 
[2023-05-20 11:02:39] [INFO]: 正在检查更新. 
[2023-05-20 11:02:39] [INFO]: CQ WebSocket 服务器已启动: 127.0.0.1:8000 
[2023-05-20 11:02:39] [INFO]: CQ HTTP 服务器已启动: 127.0.0.1:5700 
[2023-05-20 11:02:40] [INFO]: 当前有更新的 go-cqhttp 可供更新, 请前往 https://github.com/Mrs4s/go-cqhttp/releases 下载. 
[2023-05-20 11:02:40] [INFO]: 当前版本: v1.0.0 最新版本: v1.0.1 
[2023-05-20 11:02:40] [INFO]: 开始诊断网络情况 
[2023-05-20 11:02:40] [INFO]: 接受 WebSocket 连接: 127.0.0.1:8165 (/) 
[2023-05-20 11:02:40] [INFO]: 收到服务器地址更新通知, 将在下一次重连时应用.  
[2023-05-20 11:02:42] [INFO]: 网络诊断完成. 未发现问题 
[2023-05-20 11:02:55] [INFO]: 收到群 兔子的兔子开发群(679872429) 内 甲氧氯普胺(2822075626) 的消息: /echo a  q    dd        a (211978988) 
[2023-05-20 11:02:55] [INFO]: 发送群 兔子的兔子开发群(679872429) 的消息: [CQ:reply, ... (2074458746) 
[2023-05-20 11:03:45] [INFO]: 收到群 兔子的兔子开发群(679872429) 内 甲氧氯普胺(2822075626) 的消息: /键查询 Notice 吃饭 (-491983936) 
[2023-05-20 11:03:45] [INFO]: 发送群 兔子的兔子开发群(679872429) 的消息: 1吃饭1684509 ... (-1783899306) 
[2023-05-20 11:04:39] [INFO]: 当前版本:v1.0.0 
[2023-05-20 11:04:39] [INFO]: 将使用 device.json 内的设备信息运行Bot. 
[2023-05-20 11:04:39] [INFO]: 开始尝试登录并同步消息... 
[2023-05-20 11:04:39] [INFO]: 使用协议: Android Watch 2.0.8 
[2023-05-20 11:04:44] [INFO]: Protocol -> connect to server: 42.81.194.99:8080 
[2023-05-20 11:04:44] [WARNING]: Protocol -> device lock is disable. http api may fail. 
[2023-05-20 11:04:46] [INFO]: 登录成功 欢迎使用: 兔子的兔子 
[2023-05-20 11:04:46] [INFO]: 开始加载好友列表... 
[2023-05-20 11:04:46] [INFO]: 共加载 3 个好友. 
[2023-05-20 11:04:46] [INFO]: 开始加载群列表... 
[2023-05-20 11:04:47] [INFO]: 共加载 1 个群. 
[2023-05-20 11:04:47] [INFO]: 资源初始化完成, 开始处理信息. 
[2023-05-20 11:04:47] [INFO]: アトリは、高性能ですから! 
[2023-05-20 11:04:47] [INFO]: 正在检查更新. 
[2023-05-20 11:04:47] [INFO]: CQ WebSocket 服务器已启动: 127.0.0.1:8000 
[2023-05-20 11:04:47] [INFO]: CQ HTTP 服务器已启动: 127.0.0.1:5700 
[2023-05-20 11:04:47] [INFO]: 接受 WebSocket 连接: 127.0.0.1:8227 (/) 
[2023-05-20 11:04:47] [INFO]: 收到服务器地址更新通知, 将在下一次重连时应用.  
[2023-05-20 11:04:47] [INFO]: 当前有更新的 go-cqhttp 可供更新, 请前往 https://github.com/Mrs4s/go-cqhttp/releases 下载. 
[2023-05-20 11:04:47] [INFO]: 当前版本: v1.0.0 最新版本: v1.0.1 
[2023-05-20 11:04:47] [INFO]: 开始诊断网络情况 
[2023-05-20 11:04:50] [INFO]: 网络诊断完成. 未发现问题 
[2023-05-20 11:05:11] [INFO]: 收到群 兔子的兔子开发群(679872429) 内 甲氧氯普胺(2822075626) 的消息: /echo a  q    dd        a (198135541) 
[2023-05-20 11:05:11] [INFO]: 发送群 兔子的兔子开发群(679872429) 的消息: [CQ:reply, ... (2093514339) 
[2023-05-20 11:06:00] [INFO]: 收到群 兔子的兔子开发群(679872429) 内 甲氧氯普胺(2822075626) 的消息: /键查询 Notice 吃饭 (-440324135) 
[2023-05-20 11:06:00] [INFO]: 发送群 兔子的兔子开发群(679872429) 的消息: 吃饭 1684509 ... (-1832509617) 
[2023-05-20 11:11:17] [INFO]: 当前版本:v1.0.0 
[2023-05-20 11:11:17] [INFO]: 将使用 device.json 内的设备信息运行Bot. 
[2023-05-20 11:11:17] [INFO]: 开始尝试登录并同步消息... 
[2023-05-20 11:11:17] [INFO]: 使用协议: Android Watch 2.0.8 
[2023-05-20 11:11:17] [INFO]: Protocol -> connect to server: 123.151.54.38:8080 
[2023-05-20 11:11:18] [WARNING]: Protocol -> device lock is disable. http api may fail. 
[2023-05-20 11:11:19] [INFO]: 登录成功 欢迎使用: 兔子的兔子 
[2023-05-20 11:11:19] [INFO]: 开始加载好友列表... 
[2023-05-20 11:11:20] [INFO]: 共加载 3 个好友. 
[2023-05-20 11:11:20] [INFO]: 开始加载群列表... 
[2023-05-20 11:11:20] [INFO]: 共加载 1 个群. 
[2023-05-20 11:11:20] [INFO]: 资源初始化完成, 开始处理信息. 
[2023-05-20 11:11:20] [INFO]: アトリは、高性能ですから! 
[2023-05-20 11:11:20] [INFO]: 正在检查更新. 
[2023-05-20 11:11:20] [INFO]: CQ HTTP 服务器已启动: 127.0.0.1:5700 
[2023-05-20 11:11:20] [INFO]: CQ WebSocket 服务器已启动: 127.0.0.1:8000 
[2023-05-20 11:11:20] [INFO]: 接受 WebSocket 连接: 127.0.0.1:8309 (/) 
[2023-05-20 11:11:20] [INFO]: 当前有更新的 go-cqhttp 可供更新, 请前往 https://github.com/Mrs4s/go-cqhttp/releases 下载. 
[2023-05-20 11:11:20] [INFO]: 当前版本: v1.0.0 最新版本: v1.0.1 
[2023-05-20 11:11:20] [INFO]: 开始诊断网络情况 
[2023-05-20 11:11:21] [INFO]: 收到服务器地址更新通知, 将在下一次重连时应用.  
[2023-05-20 11:11:23] [INFO]: 网络诊断完成. 未发现问题 
[2023-05-20 11:11:28] [INFO]: 收到群 兔子的兔子开发群(679872429) 内 甲氧氯普胺(2822075626) 的消息: /echo a  q    dd        a (41485022) 
[2023-05-20 11:11:28] [INFO]: 发送群 兔子的兔子开发群(679872429) 的消息: [CQ:reply, ... (1971204680) 
[2023-05-20 11:11:43] [INFO]: 收到群 兔子的兔子开发群(679872429) 内 甲氧氯普胺(2822075626) 的消息: /键查询 Notice 吃饭 (663738671) 
[2023-05-20 11:11:43] [INFO]: 发送群 兔子的兔子开发群(679872429) 的消息: 吃饭明天别忘了吃饭
 ... (1351150009) 
[2023-05-20 11:12:07] [INFO]: 当前版本:v1.0.0 
[2023-05-20 11:12:07] [INFO]: 将使用 device.json 内的设备信息运行Bot. 
[2023-05-20 11:12:07] [INFO]: 开始尝试登录并同步消息... 
[2023-05-20 11:12:07] [INFO]: 使用协议: Android Watch 2.0.8 
[2023-05-20 11:12:12] [INFO]: Protocol -> connect to server: 42.81.192.181:8080 
[2023-05-20 11:12:13] [WARNING]: Protocol -> device lock is disable. http api may fail. 
[2023-05-20 11:12:14] [INFO]: 登录成功 欢迎使用: 兔子的兔子 
[2023-05-20 11:12:14] [INFO]: 开始加载好友列表... 
[2023-05-20 11:12:15] [INFO]: 共加载 3 个好友. 
[2023-05-20 11:12:15] [INFO]: 开始加载群列表... 
[2023-05-20 11:12:15] [INFO]: 共加载 1 个群. 
[2023-05-20 11:12:15] [INFO]: 资源初始化完成, 开始处理信息. 
[2023-05-20 11:12:15] [INFO]: アトリは、高性能ですから! 
[2023-05-20 11:12:15] [INFO]: 正在检查更新. 
[2023-05-20 11:12:15] [INFO]: CQ HTTP 服务器已启动: 127.0.0.1:5700 
[2023-05-20 11:12:15] [INFO]: CQ WebSocket 服务器已启动: 127.0.0.1:8000 
[2023-05-20 11:12:15] [INFO]: 接受 WebSocket 连接: 127.0.0.1:8363 (/) 
[2023-05-20 11:12:16] [INFO]: 当前有更新的 go-cqhttp 可供更新, 请前往 https://github.com/Mrs4s/go-cqhttp/releases 下载. 
[2023-05-20 11:12:16] [INFO]: 当前版本: v1.0.0 最新版本: v1.0.1 
[2023-05-20 11:12:16] [INFO]: 开始诊断网络情况 
[2023-05-20 11:12:16] [INFO]: 收到服务器地址更新通知, 将在下一次重连时应用.  
[2023-05-20 11:12:18] [INFO]: 网络诊断完成. 未发现问题 
[2023-05-20 11:12:26] [INFO]: 收到群 兔子的兔子开发群(679872429) 内 甲氧氯普胺(2822075626) 的消息: /键查询 Notice 吃饭 (-914245629) 
[2023-05-20 11:12:26] [INFO]: 发送群 兔子的兔子开发群(679872429) 的消息: 吃饭：明天别忘了吃饭 ... (-1098479467) 
[2023-05-20 11:13:07] [INFO]: 收到群 兔子的兔子开发群(679872429) 内 甲氧氯普胺(2822075626) 的消息: /键查询 Notice 喝水 (551689526) 
[2023-05-20 11:13:08] [INFO]: 发送群 兔子的兔子开发群(679872429) 的消息: 喝水：明天别忘了喝水 ... (1474637216) 
[2023-05-20 11:14:52] [INFO]: 当前版本:v1.0.0 
[2023-05-20 11:14:52] [INFO]: 将使用 device.json 内的设备信息运行Bot. 
[2023-05-20 11:14:52] [INFO]: 开始尝试登录并同步消息... 
[2023-05-20 11:14:52] [INFO]: 使用协议: Android Watch 2.0.8 
[2023-05-20 11:14:53] [INFO]: Protocol -> connect to server: 221.238.41.89:8080 
[2023-05-20 11:14:53] [WARNING]: Protocol -> device lock is disable. http api may fail. 
[2023-05-20 11:14:55] [INFO]: 登录成功 欢迎使用: 兔子的兔子 
[2023-05-20 11:14:55] [INFO]: 开始加载好友列表... 
[2023-05-20 11:14:55] [INFO]: 共加载 3 个好友. 
[2023-05-20 11:14:55] [INFO]: 开始加载群列表... 
[2023-05-20 11:14:55] [INFO]: 共加载 1 个群. 
[2023-05-20 11:14:55] [INFO]: 资源初始化完成, 开始处理信息. 
[2023-05-20 11:14:55] [INFO]: アトリは、高性能ですから! 
[2023-05-20 11:14:55] [INFO]: 正在检查更新. 
[2023-05-20 11:14:55] [INFO]: CQ WebSocket 服务器已启动: 127.0.0.1:8000 
[2023-05-20 11:14:55] [INFO]: CQ HTTP 服务器已启动: 127.0.0.1:5700 
[2023-05-20 11:14:55] [INFO]: 接受 WebSocket 连接: 127.0.0.1:8471 (/) 
[2023-05-20 11:14:56] [INFO]: 当前有更新的 go-cqhttp 可供更新, 请前往 https://github.com/Mrs4s/go-cqhttp/releases 下载. 
[2023-05-20 11:14:56] [INFO]: 当前版本: v1.0.0 最新版本: v1.0.1 
[2023-05-20 11:14:56] [INFO]: 开始诊断网络情况 
[2023-05-20 11:14:58] [INFO]: 网络诊断完成. 未发现问题 
[2023-05-20 11:15:01] [INFO]: 收到服务器地址更新通知, 将在下一次重连时应用.  
[2023-05-20 11:15:03] [INFO]: 收到群 兔子的兔子开发群(679872429) 内 甲氧氯普胺(2822075626) 的消息: /键查询 Notice 喝水 (-823362534) 
[2023-05-20 11:15:04] [INFO]: 发送群 兔子的兔子开发群(679872429) 的消息: 喝水：明天别忘了喝水 ... (-1175761780) 
[2023-05-20 11:15:11] [INFO]: 收到群 兔子的兔子开发群(679872429) 内 甲氧氯普胺(2822075626) 的消息: /键查询 Notice 吃饭 (693391645) 
[2023-05-20 11:15:11] [INFO]: 发送群 兔子的兔子开发群(679872429) 的消息: 吃饭：明天别忘了吃饭 ... (1582522763) 
[2023-05-20 11:16:20] [INFO]: 收到群 兔子的兔子开发群(679872429) 内 甲氧氯普胺(2822075626) 的消息: /键查询 Notice 吃饭 (1049946222) 
[2023-05-20 11:16:20] [INFO]: 发送群 兔子的兔子开发群(679872429) 的消息: 吃饭：明天别忘了吃饭 ... (1234426104) 
[2023-05-20 11:18:26] [INFO]: 当前版本:v1.0.0 
[2023-05-20 11:18:26] [INFO]: 将使用 device.json 内的设备信息运行Bot. 
[2023-05-20 11:18:26] [INFO]: 开始尝试登录并同步消息... 
[2023-05-20 11:18:26] [INFO]: 使用协议: Android Watch 2.0.8 
[2023-05-20 11:18:32] [INFO]: Protocol -> connect to server: 123.151.54.57:8080 
[2023-05-20 11:18:32] [WARNING]: Protocol -> device lock is disable. http api may fail. 
[2023-05-20 11:18:34] [INFO]: 登录成功 欢迎使用: 兔子的兔子 
[2023-05-20 11:18:34] [INFO]: 开始加载好友列表... 
[2023-05-20 11:18:34] [INFO]: 共加载 3 个好友. 
[2023-05-20 11:18:34] [INFO]: 开始加载群列表... 
[2023-05-20 11:18:34] [INFO]: 共加载 1 个群. 
[2023-05-20 11:18:34] [INFO]: 资源初始化完成, 开始处理信息. 
[2023-05-20 11:18:34] [INFO]: アトリは、高性能ですから! 
[2023-05-20 11:18:34] [INFO]: 正在检查更新. 
[2023-05-20 11:18:34] [INFO]: CQ HTTP 服务器已启动: 127.0.0.1:5700 
[2023-05-20 11:18:34] [INFO]: CQ WebSocket 服务器已启动: 127.0.0.1:8000 
[2023-05-20 11:18:34] [INFO]: 接受 WebSocket 连接: 127.0.0.1:8548 (/) 
[2023-05-20 11:18:35] [INFO]: 当前有更新的 go-cqhttp 可供更新, 请前往 https://github.com/Mrs4s/go-cqhttp/releases 下载. 
[2023-05-20 11:18:35] [INFO]: 当前版本: v1.0.0 最新版本: v1.0.1 
[2023-05-20 11:18:35] [INFO]: 开始诊断网络情况 
[2023-05-20 11:18:35] [INFO]: 收到服务器地址更新通知, 将在下一次重连时应用.  
[2023-05-20 11:18:37] [INFO]: 网络诊断完成. 未发现问题 
[2023-05-20 11:18:40] [INFO]: 收到群 兔子的兔子开发群(679872429) 内 甲氧氯普胺(2822075626) 的消息: /键查询 Notice 吃饭 (-795178686) 
[2023-05-20 11:18:41] [INFO]: 发送群 兔子的兔子开发群(679872429) 的消息: 吃饭：明天别忘了吃吃 ... (-1482835500) 
[2023-05-20 11:19:44] [INFO]: 当前版本:v1.0.0 
[2023-05-20 11:19:44] [INFO]: 将使用 device.json 内的设备信息运行Bot. 
[2023-05-20 11:19:44] [INFO]: 开始尝试登录并同步消息... 
[2023-05-20 11:19:44] [INFO]: 使用协议: Android Watch 2.0.8 
[2023-05-20 11:19:49] [INFO]: Protocol -> connect to server: 221.238.41.89:8080 
[2023-05-20 11:19:50] [WARNING]: Protocol -> device lock is disable. http api may fail. 
[2023-05-20 11:19:51] [INFO]: 登录成功 欢迎使用: 兔子的兔子 
[2023-05-20 11:19:51] [INFO]: 开始加载好友列表... 
[2023-05-20 11:19:52] [INFO]: 共加载 3 个好友. 
[2023-05-20 11:19:52] [INFO]: 开始加载群列表... 
[2023-05-20 11:19:52] [INFO]: 共加载 1 个群. 
[2023-05-20 11:19:52] [INFO]: 资源初始化完成, 开始处理信息. 
[2023-05-20 11:19:52] [INFO]: アトリは、高性能ですから! 
[2023-05-20 11:19:52] [INFO]: 正在检查更新. 
[2023-05-20 11:19:52] [INFO]: CQ HTTP 服务器已启动: 127.0.0.1:5700 
[2023-05-20 11:19:52] [INFO]: CQ WebSocket 服务器已启动: 127.0.0.1:8000 
[2023-05-20 11:19:52] [INFO]: 接受 WebSocket 连接: 127.0.0.1:8607 (/) 
[2023-05-20 11:19:52] [INFO]: 当前有更新的 go-cqhttp 可供更新, 请前往 https://github.com/Mrs4s/go-cqhttp/releases 下载. 
[2023-05-20 11:19:52] [INFO]: 当前版本: v1.0.0 最新版本: v1.0.1 
[2023-05-20 11:19:52] [INFO]: 开始诊断网络情况 
[2023-05-20 11:19:53] [INFO]: 收到服务器地址更新通知, 将在下一次重连时应用.  
[2023-05-20 11:19:55] [INFO]: 网络诊断完成. 未发现问题 
[2023-05-20 11:19:59] [INFO]: 收到群 兔子的兔子开发群(679872429) 内 甲氧氯普胺(2822075626) 的消息: /键查询 Notice 吃饭 (972631159) 
[2023-05-20 11:20:00] [INFO]: 发送群 兔子的兔子开发群(679872429) 的消息: 吃饭：明天别忘了吃饭 ... (1325276385) 
[2023-05-20 11:26:33] [INFO]: 当前版本:v1.0.0 
[2023-05-20 11:26:33] [INFO]: 将使用 device.json 内的设备信息运行Bot. 
[2023-05-20 11:26:33] [INFO]: 开始尝试登录并同步消息... 
[2023-05-20 11:26:33] [INFO]: 使用协议: Android Watch 2.0.8 
[2023-05-20 11:26:39] [INFO]: Protocol -> connect to server: 123.151.54.57:8080 
[2023-05-20 11:26:39] [WARNING]: Protocol -> device lock is disable. http api may fail. 
[2023-05-20 11:26:41] [INFO]: 登录成功 欢迎使用: 兔子的兔子 
[2023-05-20 11:26:41] [INFO]: 开始加载好友列表... 
[2023-05-20 11:26:41] [INFO]: 共加载 3 个好友. 
[2023-05-20 11:26:41] [INFO]: 开始加载群列表... 
[2023-05-20 11:26:41] [INFO]: 共加载 1 个群. 
[2023-05-20 11:26:41] [INFO]: 资源初始化完成, 开始处理信息. 
[2023-05-20 11:26:41] [INFO]: アトリは、高性能ですから! 
[2023-05-20 11:26:41] [INFO]: 正在检查更新. 
[2023-05-20 11:26:41] [INFO]: CQ WebSocket 服务器已启动: 127.0.0.1:8000 
[2023-05-20 11:26:41] [INFO]: CQ HTTP 服务器已启动: 127.0.0.1:5700 
[2023-05-20 11:26:41] [INFO]: 当前有更新的 go-cqhttp 可供更新, 请前往 https://github.com/Mrs4s/go-cqhttp/releases 下载. 
[2023-05-20 11:26:41] [INFO]: 当前版本: v1.0.0 最新版本: v1.0.1 
[2023-05-20 11:26:41] [INFO]: 开始诊断网络情况 
[2023-05-20 11:26:41] [INFO]: 接受 WebSocket 连接: 127.0.0.1:8695 (/) 
[2023-05-20 11:26:42] [INFO]: 收到服务器地址更新通知, 将在下一次重连时应用.  
[2023-05-20 11:26:44] [INFO]: 网络诊断完成. 未发现问题 
[2023-05-20 11:26:49] [INFO]: 收到群 兔子的兔子开发群(679872429) 内 甲氧氯普胺(2822075626) 的消息: /help (-671658661) 
[2023-05-20 11:26:49] [INFO]: 发送群 兔子的兔子开发群(679872429) 的消息: [CQ:reply, ... (-1594851891) 
[2023-05-20 11:27:24] [INFO]: 收到群 兔子的兔子开发群(679872429) 内 甲氧氯普胺(2822075626) 的消息: /键查询 Notice 吃饭 (810508380) 
[2023-05-20 11:27:24] [INFO]: 发送群 兔子的兔子开发群(679872429) 的消息: 吃饭：明天别忘了吃饭 ... (1195921610) 
[2023-05-20 11:27:50] [INFO]: 收到群 兔子的兔子开发群(679872429) 内 甲氧氯普胺(2822075626) 的消息: /删除 Notice 吃饭 (-1190333279) 
[2023-05-20 11:27:50] [INFO]: 发送群 兔子的兔子开发群(679872429) 的消息: [CQ:reply, ... (-838089673) 
[2023-05-20 11:27:54] [INFO]: 收到群 兔子的兔子开发群(679872429) 内 甲氧氯普胺(2822075626) 的消息: y (1459787149) 
[2023-05-20 11:28:07] [INFO]: 收到群 兔子的兔子开发群(679872429) 内 甲氧氯普胺(2822075626) 的消息: y (537240859) 
[2023-05-20 11:28:10] [INFO]: 发送群 兔子的兔子开发群(679872429) 的消息: [CQ:reply, ... (-1100926792) 
[2023-05-20 11:28:10] [INFO]: 收到群 兔子的兔子开发群(679872429) 内 甲氧氯普胺(2822075626) 的消息: Y (-916062162) 
[2023-05-20 11:28:39] [INFO]: 收到群 兔子的兔子开发群(679872429) 内 甲氧氯普胺(2822075626) 的消息: /列出关键字 Notice (1349472660) 
[2023-05-20 11:28:40] [INFO]: 发送群 兔子的兔子开发群(679872429) 的消息: 吃饭、喝水、吃饭、 (661152002) 
[2023-05-20 11:32:43] [INFO]: 当前版本:v1.0.0 
[2023-05-20 11:32:43] [INFO]: 将使用 device.json 内的设备信息运行Bot. 
[2023-05-20 11:32:43] [INFO]: 开始尝试登录并同步消息... 
[2023-05-20 11:32:43] [INFO]: 使用协议: Android Watch 2.0.8 
[2023-05-20 11:32:44] [INFO]: Protocol -> connect to server: 42.81.194.99:8080 
[2023-05-20 11:32:44] [WARNING]: Protocol -> device lock is disable. http api may fail. 
[2023-05-20 11:32:46] [INFO]: 登录成功 欢迎使用: 兔子的兔子 
[2023-05-20 11:32:46] [INFO]: 开始加载好友列表... 
[2023-05-20 11:32:46] [INFO]: 共加载 3 个好友. 
[2023-05-20 11:32:46] [INFO]: 开始加载群列表... 
[2023-05-20 11:32:46] [INFO]: 共加载 1 个群. 
[2023-05-20 11:32:46] [INFO]: 资源初始化完成, 开始处理信息. 
[2023-05-20 11:32:46] [INFO]: アトリは、高性能ですから! 
[2023-05-20 11:32:46] [INFO]: 正在检查更新. 
[2023-05-20 11:32:46] [INFO]: CQ HTTP 服务器已启动: 127.0.0.1:5700 
[2023-05-20 11:32:46] [INFO]: CQ WebSocket 服务器已启动: 127.0.0.1:8000 
[2023-05-20 11:32:46] [INFO]: 接受 WebSocket 连接: 127.0.0.1:8805 (/) 
[2023-05-20 11:32:47] [INFO]: 当前有更新的 go-cqhttp 可供更新, 请前往 https://github.com/Mrs4s/go-cqhttp/releases 下载. 
[2023-05-20 11:32:47] [INFO]: 当前版本: v1.0.0 最新版本: v1.0.1 
[2023-05-20 11:32:47] [INFO]: 开始诊断网络情况 
[2023-05-20 11:32:47] [INFO]: 收到服务器地址更新通知, 将在下一次重连时应用.  
[2023-05-20 11:32:49] [INFO]: 网络诊断完成. 未发现问题 
[2023-05-20 11:33:01] [INFO]: 收到群 兔子的兔子开发群(679872429) 内 甲氧氯普胺(2822075626) 的消息: /列出关键字 Notice (-1210614637) 
[2023-05-20 11:33:02] [INFO]: 发送群 兔子的兔子开发群(679872429) 的消息: 吃饭、喝水、吃饭、 (-1060090875) 
[2023-05-20 11:33:11] [INFO]: 收到群 兔子的兔子开发群(679872429) 内 甲氧氯普胺(2822075626) 的消息: /删除 Notice 吃饭 (-1609054752) 
[2023-05-20 11:33:12] [INFO]: 发送群 兔子的兔子开发群(679872429) 的消息: [CQ:reply, ... (-686754442) 
[2023-05-20 11:33:16] [INFO]: 收到群 兔子的兔子开发群(679872429) 内 甲氧氯普胺(2822075626) 的消息: y (1310303436) 
[2023-05-20 11:33:19] [INFO]: 收到群 兔子的兔子开发群(679872429) 内 甲氧氯普胺(2822075626) 的消息: y (958305370) 
[2023-05-20 11:33:22] [INFO]: 收到群 兔子的兔子开发群(679872429) 内 甲氧氯普胺(2822075626) 的消息: y (-1485176327) 
[2023-05-20 11:33:24] [INFO]: 收到群 兔子的兔子开发群(679872429) 内 甲氧氯普胺(2822075626) 的消息: y (-797101713) 
[2023-05-20 11:33:26] [INFO]: 收到群 兔子的兔子开发群(679872429) 内 甲氧氯普胺(2822075626) 的消息: Y (1232363733) 
[2023-05-20 11:33:31] [INFO]: 收到群 兔子的兔子开发群(679872429) 内 甲氧氯普胺(2822075626) 的消息: Y (1047744579) 
[2023-05-20 11:33:32] [INFO]: 发送群 兔子的兔子开发群(679872429) 的消息: [CQ:reply, ... (-1362342446) 
[2023-05-20 11:33:54] [INFO]: 收到群 兔子的兔子开发群(679872429) 内 甲氧氯普胺(2822075626) 的消息: /键查询 Notice 吃饭 (-640975548) 
[2023-05-20 11:33:54] [INFO]: 发送群 兔子的兔子开发群(679872429) 的消息: 吃饭：明天别忘了吃饭 ... (1880560798) 
[2023-05-20 11:37:30] [INFO]: 当前版本:v1.0.0 
[2023-05-20 11:37:30] [INFO]: 将使用 device.json 内的设备信息运行Bot. 
[2023-05-20 11:37:30] [INFO]: 开始尝试登录并同步消息... 
[2023-05-20 11:37:30] [INFO]: 使用协议: Android Watch 2.0.8 
[2023-05-20 11:37:30] [INFO]: Protocol -> connect to server: 42.81.184.206:8080 
[2023-05-20 11:37:31] [WARNING]: Protocol -> device lock is disable. http api may fail. 
[2023-05-20 11:37:33] [INFO]: 登录成功 欢迎使用: 兔子的兔子 
[2023-05-20 11:37:33] [INFO]: 开始加载好友列表... 
[2023-05-20 11:37:33] [INFO]: 共加载 3 个好友. 
[2023-05-20 11:37:33] [INFO]: 开始加载群列表... 
[2023-05-20 11:37:33] [INFO]: 共加载 1 个群. 
[2023-05-20 11:37:33] [INFO]: 资源初始化完成, 开始处理信息. 
[2023-05-20 11:37:33] [INFO]: アトリは、高性能ですから! 
[2023-05-20 11:37:33] [INFO]: 正在检查更新. 
[2023-05-20 11:37:33] [INFO]: CQ HTTP 服务器已启动: 127.0.0.1:5700 
[2023-05-20 11:37:33] [INFO]: CQ WebSocket 服务器已启动: 127.0.0.1:8000 
[2023-05-20 11:37:33] [INFO]: 接受 WebSocket 连接: 127.0.0.1:8909 (/) 
[2023-05-20 11:37:34] [INFO]: 当前有更新的 go-cqhttp 可供更新, 请前往 https://github.com/Mrs4s/go-cqhttp/releases 下载. 
[2023-05-20 11:37:34] [INFO]: 当前版本: v1.0.0 最新版本: v1.0.1 
[2023-05-20 11:37:34] [INFO]: 开始诊断网络情况 
[2023-05-20 11:37:34] [INFO]: 收到服务器地址更新通知, 将在下一次重连时应用.  
[2023-05-20 11:37:36] [INFO]: 网络诊断完成. 未发现问题 
[2023-05-20 11:37:46] [INFO]: 收到群 兔子的兔子开发群(679872429) 内 甲氧氯普胺(2822075626) 的消息: /删除 Notice 吃饭 (118498312) 
[2023-05-20 11:37:46] [INFO]: 发送群 兔子的兔子开发群(679872429) 的消息: [CQ:reply, ... (-1642498638) 
[2023-05-20 11:37:49] [INFO]: 收到群 兔子的兔子开发群(679872429) 内 甲氧氯普胺(2822075626) 的消息: y (-383892188) 
[2023-05-20 11:37:50] [INFO]: 发送群 兔子的兔子开发群(679872429) 的消息: [CQ:reply, ... (2004537479) 
[2023-05-20 11:38:01] [INFO]: 收到群 兔子的兔子开发群(679872429) 内 甲氧氯普胺(2822075626) 的消息: /列出关键字 Notice (8249361) 
[2023-05-20 11:38:02] [INFO]: 发送群 兔子的兔子开发群(679872429) 的消息: 喝水、吃饭、 (-1720405589) 
[2023-05-20 11:38:13] [INFO]: 收到群 兔子的兔子开发群(679872429) 内 甲氧氯普胺(2822075626) 的消息: /删除 Notice 吃饭 (-294420163) 
[2023-05-20 11:38:13] [INFO]: 发送群 兔子的兔子开发群(679872429) 的消息: [CQ:reply, ... (2127338668) 
[2023-05-20 11:38:15] [INFO]: 收到群 兔子的兔子开发群(679872429) 内 甲氧氯普胺(2822075626) 的消息: y (164342842) 
[2023-05-20 11:38:16] [INFO]: 发送群 兔子的兔子开发群(679872429) 的消息: [CQ:reply, ... (1762403807) 
[2023-05-20 11:38:22] [INFO]: 收到群 兔子的兔子开发群(679872429) 内 甲氧氯普胺(2822075626) 的消息: /列出关键字 Notice (504042825) 
[2023-05-20 11:38:22] [INFO]: 发送群 兔子的兔子开发群(679872429) 的消息: 喝水、 (-2029894413) 
[2023-05-20 11:38:38] [INFO]: 收到群 兔子的兔子开发群(679872429) 内 甲氧氯普胺(2822075626) 的消息: /help (-268077979) 
[2023-05-20 11:38:38] [INFO]: 发送群 兔子的兔子开发群(679872429) 的消息: [CQ:reply, ... (1851908550) 
[2023-05-20 11:38:57] [INFO]: 收到群 兔子的兔子开发群(679872429) 内 甲氧氯普胺(2822075626) 的消息: /存储 (426168656) 
[2023-05-20 11:38:58] [INFO]: 发送群 兔子的兔子开发群(679872429) 的消息: [CQ:reply, ... (-2140176150) 
[2023-05-20 11:39:17] [INFO]: 收到群 兔子的兔子开发群(679872429) 内 甲氧氯普胺(2822075626) 的消息: Notice-睡觉-我爱睡觉 (-144134020) 
[2023-05-20 11:39:18] [INFO]: 发送群 兔子的兔子开发群(679872429) 的消息: [CQ:reply, ... (1742188013) 
[2023-05-20 11:39:25] [INFO]: 收到群 兔子的兔子开发群(679872429) 内 甲氧氯普胺(2822075626) 的消息: /存储 (282107259) 
[2023-05-20 11:39:25] [INFO]: 发送群 兔子的兔子开发群(679872429) 的消息: [CQ:reply, ... (1109489180) 
[2023-05-20 11:39:45] [INFO]: 收到群 兔子的兔子开发群(679872429) 内 甲氧氯普胺(2822075626) 的消息: Notice-吃饭-讨厌吃饭 (891700874) 
[2023-05-20 11:39:46] [INFO]: 发送群 兔子的兔子开发群(679872429) 的消息: [CQ:reply, ... (-1406200016) 
[2023-05-20 11:39:53] [INFO]: 收到群 兔子的兔子开发群(679872429) 内 甲氧氯普胺(2822075626) 的消息: /存储 (-618125402) 
[2023-05-20 11:39:53] [INFO]: 发送群 兔子的兔子开发群(679872429) 的消息: [CQ:reply, ... (1162654213) 
[2023-05-20 11:40:16] [INFO]: 收到群 兔子的兔子开发群(679872429) 内 甲氧氯普胺(2822075626) 的消息: Notice-拉屎-我在拉屎 (843809427) 
[2023-05-20 11:40:16] [INFO]: 发送群 兔子的兔子开发群(679872429) 的消息: [CQ:reply, ... (-1421683927) 
[2023-05-20 11:40:25] [INFO]: 收到群 兔子的兔子开发群(679872429) 内 甲氧氯普胺(2822075626) 的消息: /列出所有关键字 (-599399489) 
[2023-05-20 11:40:25] [INFO]: 发送群 兔子的兔子开发群(679872429) 的消息: 指令 /列出所有关键 ... (1291517486) 
[2023-05-20 11:40:33] [INFO]: 收到群 兔子的兔子开发群(679872429) 内 甲氧氯普胺(2822075626) 的消息: /列出关键字 (1006489272) 
[2023-05-20 11:40:33] [INFO]: 发送群 兔子的兔子开发群(679872429) 的消息: 指令 /列出关键字  ... (1530546013) 
[2023-05-20 11:40:46] [INFO]: 收到群 兔子的兔子开发群(679872429) 内 甲氧氯普胺(2822075626) 的消息: /列出关键字 Notice (742225867) 
[2023-05-20 11:40:46] [INFO]: 发送群 兔子的兔子开发群(679872429) 的消息: 喝水、睡觉、吃饭、拉 ... (-1254873487) 
[2023-05-20 11:41:17] [INFO]: 收到群 兔子的兔子开发群(679872429) 内 甲氧氯普胺(2822075626) 的消息: /help (-1036839193) 
[2023-05-20 11:41:17] [INFO]: 发送群 兔子的兔子开发群(679872429) 的消息: [CQ:reply, ... (1549239108) 
[2023-05-20 11:41:41] [INFO]: 收到群 兔子的兔子开发群(679872429) 内 甲氧氯普胺(2822075626) 的消息: /键查询 Notice 拉屎 (726709202) 
[2023-05-20 11:41:41] [INFO]: 发送群 兔子的兔子开发群(679872429) 的消息: 拉屎：我在拉屎 (-1302732184) 
