[0m[2023-05-25 09:17:14,812][go-cqhttp/WARNING] PyCqBot: go-cqhttp ¾¯¸æ Protocol -> device lock is disable. http api may fail.[0m
[0m[2023-05-25 09:17:17,553][MainThread/DEBUG] PyCqBot: Using proactor: IocpProactor[0m
[0m[2023-05-25 09:17:17,562][MainThread/INFO] PyCqBot: ÕýÔÚÁ¬½Ó go-cqhttp websocket ·þÎñ[0m
[0m[2023-05-25 09:17:17,585][MainThread/DEBUG] PyCqBot: = connection is CONNECTING[0m
[0m[2023-05-25 09:17:17,585][MainThread/DEBUG] PyCqBot: > GET / HTTP/1.1[0m
[0m[2023-05-25 09:17:17,586][MainThread/DEBUG] PyCqBot: > Host: 127.0.0.1:8000[0m
[0m[2023-05-25 09:17:17,587][MainThread/DEBUG] PyCqBot: > Upgrade: websocket[0m
[0m[2023-05-25 09:17:17,587][MainThread/DEBUG] PyCqBot: > Connection: Upgrade[0m
[0m[2023-05-25 09:17:17,588][MainThread/DEBUG] PyCqBot: > Sec-WebSocket-Key: Df6723MaQaRfDVdQ0oqUNw==[0m
[0m[2023-05-25 09:17:17,589][MainThread/DEBUG] PyCqBot: > Sec-WebSocket-Version: 13[0m
[0m[2023-05-25 09:17:17,590][MainThread/DEBUG] PyCqBot: > Sec-WebSocket-Extensions: permessage-deflate; client_max_window_bits[0m
[0m[2023-05-25 09:17:17,590][MainThread/DEBUG] PyCqBot: > User-Agent: Python/3.9 websockets/11.0.3[0m
[0m[2023-05-25 09:17:17,592][MainThread/DEBUG] PyCqBot: < HTTP/1.1 101 Switching Protocols[0m
[0m[2023-05-25 09:17:17,592][MainThread/DEBUG] PyCqBot: < Upgrade: websocket[0m
[0m[2023-05-25 09:17:17,593][MainThread/DEBUG] PyCqBot: < Connection: Upgrade[0m
[0m[2023-05-25 09:17:17,594][MainThread/DEBUG] PyCqBot: < Sec-WebSocket-Accept: 2W/wLgdvudWDkz3QxZSUWdF53xE=[0m
[0m[2023-05-25 09:17:17,596][MainThread/DEBUG] PyCqBot: = connection is OPEN[0m
[0m[2023-05-25 09:17:17,597][MainThread/DEBUG] PyCqBot: < TEXT '{"_post_method":2,"meta_event_type":"lifecycle"...ect","time":1684977437}' [133 bytes][0m
[0m[2023-05-25 09:17:17,597][MainThread/DEBUG] PyCqBot: go-cqhttp ÉÏ±¨ meta_event_lifecycle_connect ÊÂ¼þ: {'_post_method': 2, 'meta_event_type': 'lifecycle', 'post_type': 'meta_event', 'self_id': 1330141479, 'sub_type': 'connect', 'time': 1684977437}[0m
[0m[2023-05-25 09:17:17,607][run_meta_event_lifecycle_connect_0/INFO] PyCqBot: ³É¹¦Á¬½Ó websocket ·þÎñ! bot qq:1330141479[0m
[0m[2023-05-25 09:17:34,422][MainThread/DEBUG] PyCqBot: < TEXT '{"post_type":"message","message_type":"group","...ssage_id":-469547538}\n' [399 bytes][0m
[0m[2023-05-25 09:17:34,423][MainThread/DEBUG] PyCqBot: go-cqhttp ÉÏ±¨ message_group_normal ÊÂ¼þ: {'post_type': 'message', 'message_type': 'group', 'time': 1684977454, 'self_id': 1330141479, 'sub_type': 'normal', 'font': 0, 'message': '/help', 'raw_message': '/help', 'user_id': 2822075626, 'anonymous': None, 'group_id': 679872429, 'message_seq': 3356, 'sender': {'age': 0, 'area': '', 'card': '', 'level': '', 'nickname': '¼×ÑõÂÈÆÕ°·', 'role': 'owner', 'sex': 'unknown', 'title': '', 'user_id': 2822075626}, 'message_id': -469547538}[0m
[0m[2023-05-25 09:17:34,426][command/INFO] PyCqBot: ¼×ÑõÂÈÆÕ°· (qq=2822075626,ÈººÅ=679872429) Ê¹ÓÃÖ¸Áî: /help[0m
[0m[2023-05-25 09:17:34,426][command/WARNING] PyCqBot: Ö¸Áî echo Î´Ìí¼Ó°ïÖúÎÄ±¾[0m
[0m[2023-05-25 09:17:34,928][asyncHttp_loop/DEBUG] PyCqBot: cqAPI ÏìÓ¦: {'data': {'message_id': -1828424328}, 'message': '', 'retcode': 0, 'status': 'ok'}[0m
[0m[2023-05-25 09:17:37,597][MainThread/DEBUG] PyCqBot: % sending keepalive ping[0m
[0m[2023-05-25 09:17:37,601][MainThread/DEBUG] PyCqBot: > PING 37 be a7 59 [binary, 4 bytes][0m
[0m[2023-05-25 09:17:37,615][MainThread/DEBUG] PyCqBot: < PONG 37 be a7 59 [binary, 4 bytes][0m
[0m[2023-05-25 09:17:37,615][MainThread/DEBUG] PyCqBot: % received keepalive pong[0m
[0m[2023-05-25 09:17:57,229][MainThread/DEBUG] PyCqBot: < TEXT '{"post_type":"meta_event","meta_event_type":"he...4}},"interval":40000}\n' [396 bytes][0m
[0m[2023-05-25 09:17:57,230][MainThread/DEBUG] PyCqBot: go-cqhttp ÉÏ±¨ meta_event_heartbeat ÊÂ¼þ: {'post_type': 'meta_event', 'meta_event_type': 'heartbeat', 'time': 1684977477, 'self_id': 1330141479, 'status': {'app_enabled': True, 'app_good': True, 'app_initialized': True, 'good': True, 'online': True, 'plugins_good': None, 'stat': {'packet_received': 29, 'packet_sent': 19, 'packet_lost': 0, 'message_received': 1, 'message_sent': 1, 'disconnect_times': 0, 'lost_times': 0, 'last_message_time': 1684977454}}, 'interval': 40000}[0m
[0m[2023-05-25 09:17:57,232][run_meta_event_heartbeat_0/DEBUG] PyCqBot: websocket ÐÄÌø: {'post_type': 'meta_event', 'meta_event_type': 'heartbeat', 'time': 1684977477, 'self_id': 1330141479, 'status': {'app_enabled': True, 'app_good': True, 'app_initialized': True, 'good': True, 'online': True, 'plugins_good': None, 'stat': {'packet_received': 29, 'packet_sent': 19, 'packet_lost': 0, 'message_received': 1, 'message_sent': 1, 'disconnect_times': 0, 'lost_times': 0, 'last_message_time': 1684977454}}, 'interval': 40000}[0m
[0m[2023-05-25 09:17:57,623][MainThread/DEBUG] PyCqBot: % sending keepalive ping[0m
[0m[2023-05-25 09:17:57,624][MainThread/DEBUG] PyCqBot: > PING 72 75 3e cc [binary, 4 bytes][0m
[0m[2023-05-25 09:17:57,626][MainThread/DEBUG] PyCqBot: < PONG 72 75 3e cc [binary, 4 bytes][0m
[0m[2023-05-25 09:17:57,626][MainThread/DEBUG] PyCqBot: % received keepalive pong[0m
[0m[2023-05-25 09:18:17,627][MainThread/DEBUG] PyCqBot: % sending keepalive ping[0m
[0m[2023-05-25 09:18:17,631][MainThread/DEBUG] PyCqBot: > PING 22 9a 2b 9a [binary, 4 bytes][0m
[0m[2023-05-25 09:18:17,633][MainThread/DEBUG] PyCqBot: < PONG 22 9a 2b 9a [binary, 4 bytes][0m
[0m[2023-05-25 09:18:17,634][MainThread/DEBUG] PyCqBot: % received keepalive pong[0m
[0m[2023-05-25 09:18:22,862][MainThread/DEBUG] PyCqBot: = connection is CLOSING[0m
[0m[2023-05-25 09:18:22,863][MainThread/DEBUG] PyCqBot: > CLOSE 1000 (OK) [2 bytes][0m
[0m[2023-05-25 09:18:22,924][MainThread/DEBUG] PyCqBot: = connection is CLOSED[0m
[0m[2023-05-25 09:20:51,423][go-cqhttp/WARNING] PyCqBot: go-cqhttp ¾¯¸æ Protocol -> device lock is disable. http api may fail.[0m
[0m[2023-05-25 09:20:54,210][MainThread/INFO] PyCqBot: ÕýÔÚÁ¬½Ó go-cqhttp websocket ·þÎñ[0m
[0m[2023-05-25 09:20:54,236][run_meta_event_lifecycle_connect_0/INFO] PyCqBot: ³É¹¦Á¬½Ó websocket ·þÎñ! bot qq:1330141479[0m
[0m[2023-05-25 09:21:07,849][command/INFO] PyCqBot: ¼×ÑõÂÈÆÕ°· (qq=2822075626,ÈººÅ=679872429) Ê¹ÓÃÖ¸Áî: /help[0m
[0m[2023-05-25 09:21:07,850][command/WARNING] PyCqBot: Ö¸Áî echo Î´Ìí¼Ó°ïÖúÎÄ±¾[0m
[0m[2023-05-25 09:21:21,868][command/INFO] PyCqBot: ¼×ÑõÂÈÆÕ°· (qq=2822075626,ÈººÅ=679872429) Ê¹ÓÃÖ¸Áî: /status[0m
[0m[2023-05-25 09:21:21,869][command/INFO] PyCqBot: ¼×ÑõÂÈÆÕ°· (qq=2822075626,ÈººÅ=679872429) È¨ÏÞ²»×ã... Ö¸Áî /status[0m
[0m[2023-05-25 11:05:42,492][go-cqhttp/WARNING] PyCqBot: go-cqhttp ¾¯¸æ Protocol -> device lock is disable. http api may fail.[0m
[0m[2023-05-25 11:05:45,317][MainThread/DEBUG] PyCqBot: Using proactor: IocpProactor[0m
[0m[2023-05-25 11:05:45,319][MainThread/INFO] PyCqBot: ÕýÔÚÁ¬½Ó go-cqhttp websocket ·þÎñ[0m
[0m[2023-05-25 11:05:45,337][MainThread/DEBUG] PyCqBot: = connection is CONNECTING[0m
[0m[2023-05-25 11:05:45,338][MainThread/DEBUG] PyCqBot: > GET / HTTP/1.1[0m
[0m[2023-05-25 11:05:45,338][MainThread/DEBUG] PyCqBot: > Host: 127.0.0.1:8000[0m
[0m[2023-05-25 11:05:45,338][MainThread/DEBUG] PyCqBot: > Upgrade: websocket[0m
[0m[2023-05-25 11:05:45,339][MainThread/DEBUG] PyCqBot: > Connection: Upgrade[0m
[0m[2023-05-25 11:05:45,339][MainThread/DEBUG] PyCqBot: > Sec-WebSocket-Key: zRgYoeTQ0Ss7ip9kC/QzUQ==[0m
[0m[2023-05-25 11:05:45,339][MainThread/DEBUG] PyCqBot: > Sec-WebSocket-Version: 13[0m
[0m[2023-05-25 11:05:45,339][MainThread/DEBUG] PyCqBot: > Sec-WebSocket-Extensions: permessage-deflate; client_max_window_bits[0m
[0m[2023-05-25 11:05:45,339][MainThread/DEBUG] PyCqBot: > User-Agent: Python/3.9 websockets/11.0.3[0m
[0m[2023-05-25 11:05:45,340][MainThread/DEBUG] PyCqBot: < HTTP/1.1 101 Switching Protocols[0m
[0m[2023-05-25 11:05:45,340][MainThread/DEBUG] PyCqBot: < Upgrade: websocket[0m
[0m[2023-05-25 11:05:45,341][MainThread/DEBUG] PyCqBot: < Connection: Upgrade[0m
[0m[2023-05-25 11:05:45,341][MainThread/DEBUG] PyCqBot: < Sec-WebSocket-Accept: sfujz08AJMRaMnJEmARfml2z4Qc=[0m
[0m[2023-05-25 11:05:45,341][MainThread/DEBUG] PyCqBot: = connection is OPEN[0m
[0m[2023-05-25 11:05:45,341][MainThread/DEBUG] PyCqBot: < TEXT '{"_post_method":2,"meta_event_type":"lifecycle"...ect","time":1684983944}' [133 bytes][0m
[0m[2023-05-25 11:05:45,342][MainThread/DEBUG] PyCqBot: go-cqhttp ÉÏ±¨ meta_event_lifecycle_connect ÊÂ¼þ: {'_post_method': 2, 'meta_event_type': 'lifecycle', 'post_type': 'meta_event', 'self_id': 1330141479, 'sub_type': 'connect', 'time': 1684983944}[0m
[0m[2023-05-25 11:05:45,442][run_meta_event_lifecycle_connect_0/INFO] PyCqBot: ³É¹¦Á¬½Ó websocket ·þÎñ! bot qq:1330141479[0m
[0m[2023-05-25 11:06:02,920][MainThread/DEBUG] PyCqBot: < TEXT '{"post_type":"message","message_type":"group","..."user_id":2822075626}\n' [399 bytes][0m
[0m[2023-05-25 11:06:02,920][MainThread/DEBUG] PyCqBot: go-cqhttp ÉÏ±¨ message_group_normal ÊÂ¼þ: {'post_type': 'message', 'message_type': 'group', 'time': 1684983961, 'self_id': 1330141479, 'sub_type': 'normal', 'message': '/help', 'message_seq': 3362, 'raw_message': '/help', 'message_id': -935079372, 'anonymous': None, 'font': 0, 'group_id': 679872429, 'sender': {'age': 0, 'area': '', 'card': '', 'level': '', 'nickname': '¼×ÑõÂÈÆÕ°·', 'role': 'owner', 'sex': 'unknown', 'title': '', 'user_id': 2822075626}, 'user_id': 2822075626}[0m
[0m[2023-05-25 11:06:05,337][MainThread/DEBUG] PyCqBot: % sending keepalive ping[0m
[0m[2023-05-25 11:06:05,337][MainThread/DEBUG] PyCqBot: > PING af c2 a8 b6 [binary, 4 bytes][0m
[0m[2023-05-25 11:06:05,338][MainThread/DEBUG] PyCqBot: < PONG af c2 a8 b6 [binary, 4 bytes][0m
[0m[2023-05-25 11:06:05,338][MainThread/DEBUG] PyCqBot: % received keepalive pong[0m
[0m[2023-05-25 11:06:15,222][MainThread/DEBUG] PyCqBot: < TEXT '{"post_type":"message","message_type":"group","...sage_id":-1086004574}\n' [400 bytes][0m
[0m[2023-05-25 11:06:15,223][MainThread/DEBUG] PyCqBot: go-cqhttp ÉÏ±¨ message_group_normal ÊÂ¼þ: {'post_type': 'message', 'message_type': 'group', 'time': 1684983973, 'self_id': 1330141479, 'sub_type': 'normal', 'font': 0, 'message': '#help', 'raw_message': '#help', 'sender': {'age': 0, 'area': '', 'card': '', 'level': '', 'nickname': '¼×ÑõÂÈÆÕ°·', 'role': 'owner', 'sex': 'unknown', 'title': '', 'user_id': 2822075626}, 'anonymous': None, 'group_id': 679872429, 'message_seq': 3363, 'user_id': 2822075626, 'message_id': -1086004574}[0m
[0m[2023-05-25 11:06:15,224][command/INFO] PyCqBot: ¼×ÑõÂÈÆÕ°· (qq=2822075626,ÈººÅ=679872429) Ê¹ÓÃÖ¸Áî: #help[0m
[0m[2023-05-25 11:06:15,690][asyncHttp_loop/DEBUG] PyCqBot: cqAPI ÏìÓ¦: {'data': {'message_id': 555775745}, 'message': '', 'retcode': 0, 'status': 'ok'}[0m
[0m[2023-05-25 11:06:24,818][MainThread/DEBUG] PyCqBot: < TEXT '{"post_type":"meta_event","meta_event_type":"he...5}},"interval":40000}\n' [396 bytes][0m
[0m[2023-05-25 11:06:24,818][MainThread/DEBUG] PyCqBot: go-cqhttp ÉÏ±¨ meta_event_heartbeat ÊÂ¼þ: {'post_type': 'meta_event', 'meta_event_type': 'heartbeat', 'time': 1684983984, 'self_id': 1330141479, 'status': {'app_enabled': True, 'app_good': True, 'app_initialized': True, 'good': True, 'online': True, 'plugins_good': None, 'stat': {'packet_received': 28, 'packet_sent': 17, 'packet_lost': 0, 'message_received': 2, 'message_sent': 1, 'disconnect_times': 0, 'lost_times': 0, 'last_message_time': 1684983975}}, 'interval': 40000}[0m
[0m[2023-05-25 11:06:24,819][run_meta_event_heartbeat_0/DEBUG] PyCqBot: websocket ÐÄÌø: {'post_type': 'meta_event', 'meta_event_type': 'heartbeat', 'time': 1684983984, 'self_id': 1330141479, 'status': {'app_enabled': True, 'app_good': True, 'app_initialized': True, 'good': True, 'online': True, 'plugins_good': None, 'stat': {'packet_received': 28, 'packet_sent': 17, 'packet_lost': 0, 'message_received': 2, 'message_sent': 1, 'disconnect_times': 0, 'lost_times': 0, 'last_message_time': 1684983975}}, 'interval': 40000}[0m
[0m[2023-05-25 11:06:25,335][MainThread/DEBUG] PyCqBot: % sending keepalive ping[0m
[0m[2023-05-25 11:06:25,335][MainThread/DEBUG] PyCqBot: > PING 1b 2d da 30 [binary, 4 bytes][0m
[0m[2023-05-25 11:06:25,336][MainThread/DEBUG] PyCqBot: < PONG 1b 2d da 30 [binary, 4 bytes][0m
[0m[2023-05-25 11:06:25,336][MainThread/DEBUG] PyCqBot: % received keepalive pong[0m
[0m[2023-05-25 11:06:43,260][MainThread/DEBUG] PyCqBot: < TEXT '{"post_type":"message","message_type":"group","...ssage_id":1445414807}\n' [399 bytes][0m
[0m[2023-05-25 11:06:43,260][MainThread/DEBUG] PyCqBot: go-cqhttp ÉÏ±¨ message_group_normal ÊÂ¼þ: {'post_type': 'message', 'message_type': 'group', 'time': 1684984001, 'self_id': 1330141479, 'sub_type': 'normal', 'anonymous': None, 'font': 0, 'message': '#test', 'message_seq': 3365, 'raw_message': '#test', 'group_id': 679872429, 'sender': {'age': 0, 'area': '', 'card': '', 'level': '', 'nickname': '¼×ÑõÂÈÆÕ°·', 'role': 'owner', 'sex': 'unknown', 'title': '', 'user_id': 2822075626}, 'user_id': 2822075626, 'message_id': 1445414807}[0m
[0m[2023-05-25 11:06:43,262][command/INFO] PyCqBot: ¼×ÑõÂÈÆÕ°· (qq=2822075626,ÈººÅ=679872429) Ê¹ÓÃÖ¸Áî: #test[0m
[0m[2023-05-25 11:06:43,263][go-cqhttp/WARNING] PyCqBot: go-cqhttp ¾¯¸æ ×ª»»ÏûÏ¢ [CQ:image,file=asset/µ³ÐÔ.png] µ½MiraiGo ElementÊ±³öÏÖ´íÎó: invalid image.[0m
[0m[2023-05-25 11:06:43,637][asyncHttp_loop/DEBUG] PyCqBot: cqAPI ÏìÓ¦: {'data': {'message_id': -819063251}, 'message': '', 'retcode': 0, 'status': 'ok'}[0m
[0m[2023-05-25 11:06:45,340][MainThread/DEBUG] PyCqBot: % sending keepalive ping[0m
[0m[2023-05-25 11:06:45,340][MainThread/DEBUG] PyCqBot: > PING 05 89 8b c5 [binary, 4 bytes][0m
[0m[2023-05-25 11:06:45,341][MainThread/DEBUG] PyCqBot: < PONG 05 89 8b c5 [binary, 4 bytes][0m
[0m[2023-05-25 11:06:45,341][MainThread/DEBUG] PyCqBot: % received keepalive pong[0m
[0m[2023-05-25 11:07:04,818][MainThread/DEBUG] PyCqBot: < TEXT '{"post_type":"meta_event","meta_event_type":"he...3}},"interval":40000}\n' [396 bytes][0m
[0m[2023-05-25 11:07:04,819][MainThread/DEBUG] PyCqBot: go-cqhttp ÉÏ±¨ meta_event_heartbeat ÊÂ¼þ: {'post_type': 'meta_event', 'meta_event_type': 'heartbeat', 'time': 1684984024, 'self_id': 1330141479, 'status': {'app_enabled': True, 'app_good': True, 'app_initialized': True, 'good': True, 'online': True, 'plugins_good': None, 'stat': {'packet_received': 32, 'packet_sent': 19, 'packet_lost': 0, 'message_received': 3, 'message_sent': 2, 'disconnect_times': 0, 'lost_times': 0, 'last_message_time': 1684984003}}, 'interval': 40000}[0m
[0m[2023-05-25 11:07:04,820][run_meta_event_heartbeat_0/DEBUG] PyCqBot: websocket ÐÄÌø: {'post_type': 'meta_event', 'meta_event_type': 'heartbeat', 'time': 1684984024, 'self_id': 1330141479, 'status': {'app_enabled': True, 'app_good': True, 'app_initialized': True, 'good': True, 'online': True, 'plugins_good': None, 'stat': {'packet_received': 32, 'packet_sent': 19, 'packet_lost': 0, 'message_received': 3, 'message_sent': 2, 'disconnect_times': 0, 'lost_times': 0, 'last_message_time': 1684984003}}, 'interval': 40000}[0m
[0m[2023-05-25 11:07:05,336][MainThread/DEBUG] PyCqBot: % sending keepalive ping[0m
[0m[2023-05-25 11:07:05,337][MainThread/DEBUG] PyCqBot: > PING d1 24 e8 4b [binary, 4 bytes][0m
[0m[2023-05-25 11:07:05,337][MainThread/DEBUG] PyCqBot: < PONG d1 24 e8 4b [binary, 4 bytes][0m
[0m[2023-05-25 11:07:05,340][MainThread/DEBUG] PyCqBot: % received keepalive pong[0m
[0m[2023-05-25 11:07:25,341][MainThread/DEBUG] PyCqBot: % sending keepalive ping[0m
[0m[2023-05-25 11:07:25,341][MainThread/DEBUG] PyCqBot: > PING 82 89 d2 8f [binary, 4 bytes][0m
[0m[2023-05-25 11:07:25,342][MainThread/DEBUG] PyCqBot: < PONG 82 89 d2 8f [binary, 4 bytes][0m
[0m[2023-05-25 11:07:25,342][MainThread/DEBUG] PyCqBot: % received keepalive pong[0m
[0m[2023-05-25 11:07:44,818][MainThread/DEBUG] PyCqBot: < TEXT '{"post_type":"meta_event","meta_event_type":"he...3}},"interval":40000}\n' [396 bytes][0m
[0m[2023-05-25 11:07:44,819][MainThread/DEBUG] PyCqBot: go-cqhttp ÉÏ±¨ meta_event_heartbeat ÊÂ¼þ: {'post_type': 'meta_event', 'meta_event_type': 'heartbeat', 'time': 1684984064, 'self_id': 1330141479, 'status': {'app_enabled': True, 'app_good': True, 'app_initialized': True, 'good': True, 'online': True, 'plugins_good': None, 'stat': {'packet_received': 34, 'packet_sent': 21, 'packet_lost': 0, 'message_received': 3, 'message_sent': 2, 'disconnect_times': 0, 'lost_times': 0, 'last_message_time': 1684984003}}, 'interval': 40000}[0m
[0m[2023-05-25 11:07:44,820][run_meta_event_heartbeat_0/DEBUG] PyCqBot: websocket ÐÄÌø: {'post_type': 'meta_event', 'meta_event_type': 'heartbeat', 'time': 1684984064, 'self_id': 1330141479, 'status': {'app_enabled': True, 'app_good': True, 'app_initialized': True, 'good': True, 'online': True, 'plugins_good': None, 'stat': {'packet_received': 34, 'packet_sent': 21, 'packet_lost': 0, 'message_received': 3, 'message_sent': 2, 'disconnect_times': 0, 'lost_times': 0, 'last_message_time': 1684984003}}, 'interval': 40000}[0m
[0m[2023-05-25 11:07:45,351][MainThread/DEBUG] PyCqBot: % sending keepalive ping[0m
[0m[2023-05-25 11:07:45,351][MainThread/DEBUG] PyCqBot: > PING bb 40 f7 59 [binary, 4 bytes][0m
[0m[2023-05-25 11:07:45,352][MainThread/DEBUG] PyCqBot: < PONG bb 40 f7 59 [binary, 4 bytes][0m
[0m[2023-05-25 11:07:45,352][MainThread/DEBUG] PyCqBot: % received keepalive pong[0m
[0m[2023-05-25 11:08:05,353][MainThread/DEBUG] PyCqBot: % sending keepalive ping[0m
[0m[2023-05-25 11:08:05,353][MainThread/DEBUG] PyCqBot: > PING dd 98 e5 06 [binary, 4 bytes][0m
[0m[2023-05-25 11:08:05,354][MainThread/DEBUG] PyCqBot: < PONG dd 98 e5 06 [binary, 4 bytes][0m
[0m[2023-05-25 11:08:05,354][MainThread/DEBUG] PyCqBot: % received keepalive pong[0m
[0m[2023-05-25 11:08:24,818][MainThread/DEBUG] PyCqBot: < TEXT '{"post_type":"meta_event","meta_event_type":"he...3}},"interval":40000}\n' [396 bytes][0m
[0m[2023-05-25 11:08:24,819][MainThread/DEBUG] PyCqBot: go-cqhttp ÉÏ±¨ meta_event_heartbeat ÊÂ¼þ: {'post_type': 'meta_event', 'meta_event_type': 'heartbeat', 'time': 1684984104, 'self_id': 1330141479, 'status': {'app_enabled': True, 'app_good': True, 'app_initialized': True, 'good': True, 'online': True, 'plugins_good': None, 'stat': {'packet_received': 35, 'packet_sent': 22, 'packet_lost': 0, 'message_received': 3, 'message_sent': 2, 'disconnect_times': 0, 'lost_times': 0, 'last_message_time': 1684984003}}, 'interval': 40000}[0m
[0m[2023-05-25 11:08:24,820][run_meta_event_heartbeat_0/DEBUG] PyCqBot: websocket ÐÄÌø: {'post_type': 'meta_event', 'meta_event_type': 'heartbeat', 'time': 1684984104, 'self_id': 1330141479, 'status': {'app_enabled': True, 'app_good': True, 'app_initialized': True, 'good': True, 'online': True, 'plugins_good': None, 'stat': {'packet_received': 35, 'packet_sent': 22, 'packet_lost': 0, 'message_received': 3, 'message_sent': 2, 'disconnect_times': 0, 'lost_times': 0, 'last_message_time': 1684984003}}, 'interval': 40000}[0m
[0m[2023-05-25 11:08:25,352][MainThread/DEBUG] PyCqBot: % sending keepalive ping[0m
[0m[2023-05-25 11:08:25,353][MainThread/DEBUG] PyCqBot: > PING '~{(x' [text, 4 bytes][0m
[0m[2023-05-25 11:08:25,356][MainThread/DEBUG] PyCqBot: < PONG '~{(x' [text, 4 bytes][0m
[0m[2023-05-25 11:08:25,357][MainThread/DEBUG] PyCqBot: % received keepalive pong[0m
[0m[2023-05-25 11:08:45,358][MainThread/DEBUG] PyCqBot: % sending keepalive ping[0m
[0m[2023-05-25 11:08:45,358][MainThread/DEBUG] PyCqBot: > PING 0a 4e c4 d0 [binary, 4 bytes][0m
[0m[2023-05-25 11:08:45,359][MainThread/DEBUG] PyCqBot: < PONG 0a 4e c4 d0 [binary, 4 bytes][0m
[0m[2023-05-25 11:08:45,359][MainThread/DEBUG] PyCqBot: % received keepalive pong[0m
[0m[2023-05-25 11:09:04,818][MainThread/DEBUG] PyCqBot: < TEXT '{"post_type":"meta_event","meta_event_type":"he...3}},"interval":40000}\n' [396 bytes][0m
[0m[2023-05-25 11:09:04,819][MainThread/DEBUG] PyCqBot: go-cqhttp ÉÏ±¨ meta_event_heartbeat ÊÂ¼þ: {'post_type': 'meta_event', 'meta_event_type': 'heartbeat', 'time': 1684984144, 'self_id': 1330141479, 'status': {'app_enabled': True, 'app_good': True, 'app_initialized': True, 'good': True, 'online': True, 'plugins_good': None, 'stat': {'packet_received': 36, 'packet_sent': 23, 'packet_lost': 0, 'message_received': 3, 'message_sent': 2, 'disconnect_times': 0, 'lost_times': 0, 'last_message_time': 1684984003}}, 'interval': 40000}[0m
[0m[2023-05-25 11:09:04,820][run_meta_event_heartbeat_0/DEBUG] PyCqBot: websocket ÐÄÌø: {'post_type': 'meta_event', 'meta_event_type': 'heartbeat', 'time': 1684984144, 'self_id': 1330141479, 'status': {'app_enabled': True, 'app_good': True, 'app_initialized': True, 'good': True, 'online': True, 'plugins_good': None, 'stat': {'packet_received': 36, 'packet_sent': 23, 'packet_lost': 0, 'message_received': 3, 'message_sent': 2, 'disconnect_times': 0, 'lost_times': 0, 'last_message_time': 1684984003}}, 'interval': 40000}[0m
[0m[2023-05-25 11:09:05,366][MainThread/DEBUG] PyCqBot: % sending keepalive ping[0m
[0m[2023-05-25 11:09:05,366][MainThread/DEBUG] PyCqBot: > PING '\x02.Z@' [text, 4 bytes][0m
[0m[2023-05-25 11:09:05,367][MainThread/DEBUG] PyCqBot: < PONG '\x02.Z@' [text, 4 bytes][0m
[0m[2023-05-25 11:09:05,367][MainThread/DEBUG] PyCqBot: % received keepalive pong[0m
[0m[2023-05-25 11:09:25,368][MainThread/DEBUG] PyCqBot: % sending keepalive ping[0m
[0m[2023-05-25 11:09:25,368][MainThread/DEBUG] PyCqBot: > PING 87 5e 9d b6 [binary, 4 bytes][0m
[0m[2023-05-25 11:09:25,369][MainThread/DEBUG] PyCqBot: < PONG 87 5e 9d b6 [binary, 4 bytes][0m
[0m[2023-05-25 11:09:25,369][MainThread/DEBUG] PyCqBot: % received keepalive pong[0m
[0m[2023-05-25 11:09:44,818][MainThread/DEBUG] PyCqBot: < TEXT '{"post_type":"meta_event","meta_event_type":"he...e_time":1684984003}}}\n' [396 bytes][0m
[0m[2023-05-25 11:09:44,819][MainThread/DEBUG] PyCqBot: go-cqhttp ÉÏ±¨ meta_event_heartbeat ÊÂ¼þ: {'post_type': 'meta_event', 'meta_event_type': 'heartbeat', 'time': 1684984184, 'self_id': 1330141479, 'interval': 40000, 'status': {'app_enabled': True, 'app_good': True, 'app_initialized': True, 'good': True, 'online': True, 'plugins_good': None, 'stat': {'packet_received': 39, 'packet_sent': 26, 'packet_lost': 0, 'message_received': 3, 'message_sent': 2, 'disconnect_times': 0, 'lost_times': 0, 'last_message_time': 1684984003}}}[0m
[0m[2023-05-25 11:09:44,819][run_meta_event_heartbeat_0/DEBUG] PyCqBot: websocket ÐÄÌø: {'post_type': 'meta_event', 'meta_event_type': 'heartbeat', 'time': 1684984184, 'self_id': 1330141479, 'interval': 40000, 'status': {'app_enabled': True, 'app_good': True, 'app_initialized': True, 'good': True, 'online': True, 'plugins_good': None, 'stat': {'packet_received': 39, 'packet_sent': 26, 'packet_lost': 0, 'message_received': 3, 'message_sent': 2, 'disconnect_times': 0, 'lost_times': 0, 'last_message_time': 1684984003}}}[0m
[0m[2023-05-25 11:09:45,367][MainThread/DEBUG] PyCqBot: % sending keepalive ping[0m
[0m[2023-05-25 11:09:45,367][MainThread/DEBUG] PyCqBot: > PING 66 e0 9b 93 [binary, 4 bytes][0m
[0m[2023-05-25 11:09:45,368][MainThread/DEBUG] PyCqBot: < PONG 66 e0 9b 93 [binary, 4 bytes][0m
[0m[2023-05-25 11:09:45,368][MainThread/DEBUG] PyCqBot: % received keepalive pong[0m
[0m[2023-05-25 11:10:05,368][MainThread/DEBUG] PyCqBot: % sending keepalive ping[0m
[0m[2023-05-25 11:10:05,368][MainThread/DEBUG] PyCqBot: > PING b8 65 12 5f [binary, 4 bytes][0m
[0m[2023-05-25 11:10:05,369][MainThread/DEBUG] PyCqBot: < PONG b8 65 12 5f [binary, 4 bytes][0m
[0m[2023-05-25 11:10:05,369][MainThread/DEBUG] PyCqBot: % received keepalive pong[0m
[0m[2023-05-25 11:10:24,819][MainThread/DEBUG] PyCqBot: < TEXT '{"post_type":"meta_event","meta_event_type":"he...e_time":1684984003}}}\n' [396 bytes][0m
[0m[2023-05-25 11:10:24,820][MainThread/DEBUG] PyCqBot: go-cqhttp ÉÏ±¨ meta_event_heartbeat ÊÂ¼þ: {'post_type': 'meta_event', 'meta_event_type': 'heartbeat', 'time': 1684984224, 'self_id': 1330141479, 'interval': 40000, 'status': {'app_enabled': True, 'app_good': True, 'app_initialized': True, 'good': True, 'online': True, 'plugins_good': None, 'stat': {'packet_received': 40, 'packet_sent': 27, 'packet_lost': 0, 'message_received': 3, 'message_sent': 2, 'disconnect_times': 0, 'lost_times': 0, 'last_message_time': 1684984003}}}[0m
[0m[2023-05-25 11:10:24,820][run_meta_event_heartbeat_0/DEBUG] PyCqBot: websocket ÐÄÌø: {'post_type': 'meta_event', 'meta_event_type': 'heartbeat', 'time': 1684984224, 'self_id': 1330141479, 'interval': 40000, 'status': {'app_enabled': True, 'app_good': True, 'app_initialized': True, 'good': True, 'online': True, 'plugins_good': None, 'stat': {'packet_received': 40, 'packet_sent': 27, 'packet_lost': 0, 'message_received': 3, 'message_sent': 2, 'disconnect_times': 0, 'lost_times': 0, 'last_message_time': 1684984003}}}[0m
[0m[2023-05-25 11:10:25,367][MainThread/DEBUG] PyCqBot: % sending keepalive ping[0m
[0m[2023-05-25 11:10:25,367][MainThread/DEBUG] PyCqBot: > PING ee b9 0b 1f [binary, 4 bytes][0m
[0m[2023-05-25 11:10:25,368][MainThread/DEBUG] PyCqBot: < PONG ee b9 0b 1f [binary, 4 bytes][0m
[0m[2023-05-25 11:10:25,368][MainThread/DEBUG] PyCqBot: % received keepalive pong[0m
[0m[2023-05-25 11:10:45,369][MainThread/DEBUG] PyCqBot: % sending keepalive ping[0m
[0m[2023-05-25 11:10:45,369][MainThread/DEBUG] PyCqBot: > PING dc 49 e6 d3 [binary, 4 bytes][0m
[0m[2023-05-25 11:10:45,370][MainThread/DEBUG] PyCqBot: < PONG dc 49 e6 d3 [binary, 4 bytes][0m
[0m[2023-05-25 11:10:45,370][MainThread/DEBUG] PyCqBot: % received keepalive pong[0m
[0m[2023-05-25 11:10:50,259][MainThread/DEBUG] PyCqBot: = connection is CLOSING[0m
[0m[2023-05-25 11:10:50,260][MainThread/DEBUG] PyCqBot: > CLOSE 1000 (OK) [2 bytes][0m
[0m[2023-05-25 11:10:50,295][MainThread/DEBUG] PyCqBot: = connection is CLOSED[0m
[0m[2023-05-25 11:10:52,354][go-cqhttp/WARNING] PyCqBot: go-cqhttp ¾¯¸æ Protocol -> device lock is disable. http api may fail.[0m
[0m[2023-05-25 11:10:54,718][MainThread/DEBUG] PyCqBot: Using proactor: IocpProactor[0m
[0m[2023-05-25 11:10:54,718][MainThread/INFO] PyCqBot: ÕýÔÚÁ¬½Ó go-cqhttp websocket ·þÎñ[0m
[0m[2023-05-25 11:10:54,733][MainThread/DEBUG] PyCqBot: = connection is CONNECTING[0m
[0m[2023-05-25 11:10:54,734][MainThread/DEBUG] PyCqBot: > GET / HTTP/1.1[0m
[0m[2023-05-25 11:10:54,734][MainThread/DEBUG] PyCqBot: > Host: 127.0.0.1:8000[0m
[0m[2023-05-25 11:10:54,734][MainThread/DEBUG] PyCqBot: > Upgrade: websocket[0m
[0m[2023-05-25 11:10:54,734][MainThread/DEBUG] PyCqBot: > Connection: Upgrade[0m
[0m[2023-05-25 11:10:54,734][MainThread/DEBUG] PyCqBot: > Sec-WebSocket-Key: 7t5jc1shxEnnabIhBy0qLA==[0m
[0m[2023-05-25 11:10:54,734][MainThread/DEBUG] PyCqBot: > Sec-WebSocket-Version: 13[0m
[0m[2023-05-25 11:10:54,735][MainThread/DEBUG] PyCqBot: > Sec-WebSocket-Extensions: permessage-deflate; client_max_window_bits[0m
[0m[2023-05-25 11:10:54,735][MainThread/DEBUG] PyCqBot: > User-Agent: Python/3.9 websockets/11.0.3[0m
[0m[2023-05-25 11:10:54,736][MainThread/DEBUG] PyCqBot: < HTTP/1.1 101 Switching Protocols[0m
[0m[2023-05-25 11:10:54,736][MainThread/DEBUG] PyCqBot: < Upgrade: websocket[0m
[0m[2023-05-25 11:10:54,736][MainThread/DEBUG] PyCqBot: < Connection: Upgrade[0m
[0m[2023-05-25 11:10:54,736][MainThread/DEBUG] PyCqBot: < Sec-WebSocket-Accept: EUhhEdraxHfTF3QwMplPvyLVGGY=[0m
[0m[2023-05-25 11:10:54,736][MainThread/DEBUG] PyCqBot: = connection is OPEN[0m
[0m[2023-05-25 11:10:54,737][MainThread/DEBUG] PyCqBot: < TEXT '{"_post_method":2,"meta_event_type":"lifecycle"...ect","time":1684984254}' [133 bytes][0m
[0m[2023-05-25 11:10:54,737][MainThread/DEBUG] PyCqBot: go-cqhttp ÉÏ±¨ meta_event_lifecycle_connect ÊÂ¼þ: {'_post_method': 2, 'meta_event_type': 'lifecycle', 'post_type': 'meta_event', 'self_id': 1330141479, 'sub_type': 'connect', 'time': 1684984254}[0m
[0m[2023-05-25 11:10:54,837][run_meta_event_lifecycle_connect_0/INFO] PyCqBot: ³É¹¦Á¬½Ó websocket ·þÎñ! bot qq:1330141479[0m
[0m[2023-05-25 11:11:12,357][MainThread/DEBUG] PyCqBot: < TEXT '{"post_type":"message","message_type":"group","...raw_message":"#test"}\n' [400 bytes][0m
[0m[2023-05-25 11:11:12,358][MainThread/DEBUG] PyCqBot: go-cqhttp ÉÏ±¨ message_group_normal ÊÂ¼þ: {'post_type': 'message', 'message_type': 'group', 'time': 1684984270, 'self_id': 1330141479, 'sub_type': 'normal', 'sender': {'age': 0, 'area': '', 'card': '', 'level': '', 'nickname': '¼×ÑõÂÈÆÕ°·', 'role': 'owner', 'sex': 'unknown', 'title': '', 'user_id': 2822075626}, 'user_id': 2822075626, 'message_id': -1205262661, 'anonymous': None, 'message': '#test', 'message_seq': 3367, 'font': 0, 'group_id': 679872429, 'raw_message': '#test'}[0m
[0m[2023-05-25 11:11:12,359][command/INFO] PyCqBot: ¼×ÑõÂÈÆÕ°· (qq=2822075626,ÈººÅ=679872429) Ê¹ÓÃÖ¸Áî: #test[0m
[0m[2023-05-25 11:11:14,320][asyncHttp_loop/DEBUG] PyCqBot: cqAPI ÏìÓ¦: {'data': {'message_id': 680934186}, 'message': '', 'retcode': 0, 'status': 'ok'}[0m
[0m[2023-05-25 11:11:14,734][MainThread/DEBUG] PyCqBot: % sending keepalive ping[0m
[0m[2023-05-25 11:11:14,734][MainThread/DEBUG] PyCqBot: > PING f8 13 b8 2b [binary, 4 bytes][0m
[0m[2023-05-25 11:11:14,735][MainThread/DEBUG] PyCqBot: < PONG f8 13 b8 2b [binary, 4 bytes][0m
[0m[2023-05-25 11:11:14,735][MainThread/DEBUG] PyCqBot: % received keepalive pong[0m
[0m[2023-05-25 11:11:25,215][MainThread/DEBUG] PyCqBot: < TEXT '{"post_type":"message","message_type":"group","...626,"anonymous":null}\n' [399 bytes][0m
[0m[2023-05-25 11:11:25,215][MainThread/DEBUG] PyCqBot: go-cqhttp ÉÏ±¨ message_group_normal ÊÂ¼þ: {'post_type': 'message', 'message_type': 'group', 'time': 1684984283, 'self_id': 1330141479, 'sub_type': 'normal', 'message_id': 1603341244, 'message': '#test', 'font': 0, 'group_id': 679872429, 'message_seq': 3369, 'raw_message': '#test', 'sender': {'age': 0, 'area': '', 'card': '', 'level': '', 'nickname': '¼×ÑõÂÈÆÕ°·', 'role': 'owner', 'sex': 'unknown', 'title': '', 'user_id': 2822075626}, 'user_id': 2822075626, 'anonymous': None}[0m
[0m[2023-05-25 11:11:25,216][command/INFO] PyCqBot: ¼×ÑõÂÈÆÕ°· (qq=2822075626,ÈººÅ=679872429) Ê¹ÓÃÖ¸Áî: #test[0m
[0m[2023-05-25 11:11:25,800][asyncHttp_loop/DEBUG] PyCqBot: cqAPI ÏìÓ¦: {'data': {'message_id': 1062634073}, 'message': '', 'retcode': 0, 'status': 'ok'}[0m
[0m[2023-05-25 11:11:34,717][MainThread/DEBUG] PyCqBot: < TEXT '{"post_type":"meta_event","meta_event_type":"he...5}},"interval":40000}\n' [396 bytes][0m
[0m[2023-05-25 11:11:34,717][MainThread/DEBUG] PyCqBot: go-cqhttp ÉÏ±¨ meta_event_heartbeat ÊÂ¼þ: {'post_type': 'meta_event', 'meta_event_type': 'heartbeat', 'time': 1684984294, 'self_id': 1330141479, 'status': {'app_enabled': True, 'app_good': True, 'app_initialized': True, 'good': True, 'online': True, 'plugins_good': None, 'stat': {'packet_received': 32, 'packet_sent': 20, 'packet_lost': 0, 'message_received': 2, 'message_sent': 2, 'disconnect_times': 0, 'lost_times': 0, 'last_message_time': 1684984285}}, 'interval': 40000}[0m
[0m[2023-05-25 11:11:34,718][MainThread/DEBUG] PyCqBot: % sending keepalive ping[0m
[0m[2023-05-25 11:11:34,718][run_meta_event_heartbeat_0/DEBUG] PyCqBot: websocket ÐÄÌø: {'post_type': 'meta_event', 'meta_event_type': 'heartbeat', 'time': 1684984294, 'self_id': 1330141479, 'status': {'app_enabled': True, 'app_good': True, 'app_initialized': True, 'good': True, 'online': True, 'plugins_good': None, 'stat': {'packet_received': 32, 'packet_sent': 20, 'packet_lost': 0, 'message_received': 2, 'message_sent': 2, 'disconnect_times': 0, 'lost_times': 0, 'last_message_time': 1684984285}}, 'interval': 40000}[0m
[0m[2023-05-25 11:11:34,719][MainThread/DEBUG] PyCqBot: > PING 29 74 b9 b6 [binary, 4 bytes][0m
[0m[2023-05-25 11:11:34,721][MainThread/DEBUG] PyCqBot: < PONG 29 74 b9 b6 [binary, 4 bytes][0m
[0m[2023-05-25 11:11:34,721][MainThread/DEBUG] PyCqBot: % received keepalive pong[0m
[0m[2023-05-25 11:11:54,722][MainThread/DEBUG] PyCqBot: % sending keepalive ping[0m
[0m[2023-05-25 11:11:54,722][MainThread/DEBUG] PyCqBot: > PING c9 b8 b0 33 [binary, 4 bytes][0m
[0m[2023-05-25 11:11:54,723][MainThread/DEBUG] PyCqBot: < PONG c9 b8 b0 33 [binary, 4 bytes][0m
[0m[2023-05-25 11:11:54,723][MainThread/DEBUG] PyCqBot: % received keepalive pong[0m
[0m[2023-05-25 11:12:00,723][MainThread/DEBUG] PyCqBot: < TEXT '{"post_type":"message","message_type":"group","..."user_id":2822075626}\n' [399 bytes][0m
[0m[2023-05-25 11:12:00,723][MainThread/DEBUG] PyCqBot: go-cqhttp ÉÏ±¨ message_group_normal ÊÂ¼þ: {'post_type': 'message', 'message_type': 'group', 'time': 1684984319, 'self_id': 1330141479, 'sub_type': 'normal', 'message_seq': 3371, 'raw_message': '#test', 'anonymous': None, 'font': 0, 'group_id': 679872429, 'message_id': 1213313743, 'message': '#test', 'sender': {'age': 0, 'area': '', 'card': '', 'level': '', 'nickname': '¼×ÑõÂÈÆÕ°·', 'role': 'owner', 'sex': 'unknown', 'title': '', 'user_id': 2822075626}, 'user_id': 2822075626}[0m
[0m[2023-05-25 11:12:00,725][command/INFO] PyCqBot: ¼×ÑõÂÈÆÕ°· (qq=2822075626,ÈººÅ=679872429) Ê¹ÓÃÖ¸Áî: #test[0m
[0m[2023-05-25 11:12:01,312][asyncHttp_loop/DEBUG] PyCqBot: cqAPI ÏìÓ¦: {'data': {'message_id': -782703755}, 'message': '', 'retcode': 0, 'status': 'ok'}[0m
[0m[2023-05-25 11:12:04,992][MainThread/DEBUG] PyCqBot: = connection is CLOSING[0m
[0m[2023-05-25 11:12:04,993][MainThread/DEBUG] PyCqBot: > CLOSE 1000 (OK) [2 bytes][0m
[0m[2023-05-25 11:12:05,064][MainThread/DEBUG] PyCqBot: = connection is CLOSED[0m
[0m[2023-05-25 11:12:21,061][go-cqhttp/WARNING] PyCqBot: go-cqhttp ¾¯¸æ Protocol -> device lock is disable. http api may fail.[0m
[0m[2023-05-25 11:12:25,736][MainThread/DEBUG] PyCqBot: Using proactor: IocpProactor[0m
[0m[2023-05-25 11:12:25,744][MainThread/INFO] PyCqBot: ÕýÔÚÁ¬½Ó go-cqhttp websocket ·þÎñ[0m
[0m[2023-05-25 11:12:25,759][MainThread/DEBUG] PyCqBot: = connection is CONNECTING[0m
[0m[2023-05-25 11:12:25,759][MainThread/DEBUG] PyCqBot: > GET / HTTP/1.1[0m
[0m[2023-05-25 11:12:25,760][MainThread/DEBUG] PyCqBot: > Host: 127.0.0.1:8000[0m
[0m[2023-05-25 11:12:25,762][MainThread/DEBUG] PyCqBot: > Upgrade: websocket[0m
[0m[2023-05-25 11:12:25,762][MainThread/DEBUG] PyCqBot: > Connection: Upgrade[0m
[0m[2023-05-25 11:12:25,763][MainThread/DEBUG] PyCqBot: > Sec-WebSocket-Key: MCOPqx9APO2clQMCVkaOkA==[0m
[0m[2023-05-25 11:12:25,763][MainThread/DEBUG] PyCqBot: > Sec-WebSocket-Version: 13[0m
[0m[2023-05-25 11:12:25,764][MainThread/DEBUG] PyCqBot: > Sec-WebSocket-Extensions: permessage-deflate; client_max_window_bits[0m
[0m[2023-05-25 11:12:25,765][MainThread/DEBUG] PyCqBot: > User-Agent: Python/3.9 websockets/11.0.3[0m
[0m[2023-05-25 11:12:25,766][MainThread/DEBUG] PyCqBot: < HTTP/1.1 101 Switching Protocols[0m
[0m[2023-05-25 11:12:25,767][MainThread/DEBUG] PyCqBot: < Upgrade: websocket[0m
[0m[2023-05-25 11:12:25,768][MainThread/DEBUG] PyCqBot: < Connection: Upgrade[0m
[0m[2023-05-25 11:12:25,769][MainThread/DEBUG] PyCqBot: < Sec-WebSocket-Accept: JHDiUiBFnzJ33mS3WGzSIADxgA4=[0m
[0m[2023-05-25 11:12:25,769][MainThread/DEBUG] PyCqBot: = connection is OPEN[0m
[0m[2023-05-25 11:12:25,770][MainThread/DEBUG] PyCqBot: < TEXT '{"_post_method":2,"meta_event_type":"lifecycle"...ect","time":1684984345}' [133 bytes][0m
[0m[2023-05-25 11:12:25,771][MainThread/DEBUG] PyCqBot: go-cqhttp ÉÏ±¨ meta_event_lifecycle_connect ÊÂ¼þ: {'_post_method': 2, 'meta_event_type': 'lifecycle', 'post_type': 'meta_event', 'self_id': 1330141479, 'sub_type': 'connect', 'time': 1684984345}[0m
[0m[2023-05-25 11:12:25,869][run_meta_event_lifecycle_connect_0/INFO] PyCqBot: ³É¹¦Á¬½Ó websocket ·þÎñ! bot qq:1330141479[0m
[0m[2023-05-25 11:12:31,471][MainThread/DEBUG] PyCqBot: < TEXT '{"post_type":"message","message_type":"group","...user_id":2822075626}}\n' [434 bytes][0m
[0m[2023-05-25 11:12:31,482][MainThread/DEBUG] PyCqBot: go-cqhttp ÉÏ±¨ message_group_normal ÊÂ¼þ: {'post_type': 'message', 'message_type': 'group', 'time': 1684984349, 'self_id': 1330141479, 'sub_type': 'normal', 'anonymous': None, 'group_id': 679872429, 'user_id': 2822075626, 'message_id': -1503669277, 'font': 0, 'message': '#ÎÒµÄµ³ÐÔÇ¿²»Ç¿', 'message_seq': 3373, 'raw_message': '#ÎÒµÄµ³ÐÔÇ¿²»Ç¿', 'sender': {'age': 0, 'area': '', 'card': '', 'level': '', 'nickname': '¼×ÑõÂÈÆÕ°·', 'role': 'owner', 'sex': 'unknown', 'title': '', 'user_id': 2822075626}}[0m
[0m[2023-05-25 11:12:31,484][command/INFO] PyCqBot: ¼×ÑõÂÈÆÕ°· (qq=2822075626,ÈººÅ=679872429) Ê¹ÓÃÖ¸Áî: #ÎÒµÄµ³ÐÔÇ¿²»Ç¿[0m
[0m[2023-05-25 11:12:32,053][asyncHttp_loop/DEBUG] PyCqBot: cqAPI ÏìÓ¦: {'data': {'message_id': 943408704}, 'message': '', 'retcode': 0, 'status': 'ok'}[0m
[0m[2023-05-25 11:12:45,780][MainThread/DEBUG] PyCqBot: % sending keepalive ping[0m
[0m[2023-05-25 11:12:45,781][MainThread/DEBUG] PyCqBot: > PING 3e 32 a2 18 [binary, 4 bytes][0m
[0m[2023-05-25 11:12:45,782][MainThread/DEBUG] PyCqBot: < PONG 3e 32 a2 18 [binary, 4 bytes][0m
[0m[2023-05-25 11:12:45,783][MainThread/DEBUG] PyCqBot: % received keepalive pong[0m
[0m[2023-05-25 11:13:05,292][MainThread/DEBUG] PyCqBot: < TEXT '{"post_type":"meta_event","meta_event_type":"he...1}},"interval":40000}\n' [396 bytes][0m
[0m[2023-05-25 11:13:05,294][MainThread/DEBUG] PyCqBot: go-cqhttp ÉÏ±¨ meta_event_heartbeat ÊÂ¼þ: {'post_type': 'meta_event', 'meta_event_type': 'heartbeat', 'time': 1684984385, 'self_id': 1330141479, 'status': {'app_enabled': True, 'app_good': True, 'app_initialized': True, 'good': True, 'online': True, 'plugins_good': None, 'stat': {'packet_received': 28, 'packet_sent': 18, 'packet_lost': 0, 'message_received': 1, 'message_sent': 1, 'disconnect_times': 0, 'lost_times': 0, 'last_message_time': 1684984351}}, 'interval': 40000}[0m
[0m[2023-05-25 11:13:05,295][run_meta_event_heartbeat_0/DEBUG] PyCqBot: websocket ÐÄÌø: {'post_type': 'meta_event', 'meta_event_type': 'heartbeat', 'time': 1684984385, 'self_id': 1330141479, 'status': {'app_enabled': True, 'app_good': True, 'app_initialized': True, 'good': True, 'online': True, 'plugins_good': None, 'stat': {'packet_received': 28, 'packet_sent': 18, 'packet_lost': 0, 'message_received': 1, 'message_sent': 1, 'disconnect_times': 0, 'lost_times': 0, 'last_message_time': 1684984351}}, 'interval': 40000}[0m
[0m[2023-05-25 11:13:05,796][MainThread/DEBUG] PyCqBot: % sending keepalive ping[0m
[0m[2023-05-25 11:13:05,797][MainThread/DEBUG] PyCqBot: > PING 6b 20 fd f7 [binary, 4 bytes][0m
[0m[2023-05-25 11:13:05,798][MainThread/DEBUG] PyCqBot: < PONG 6b 20 fd f7 [binary, 4 bytes][0m
[0m[2023-05-25 11:13:05,799][MainThread/DEBUG] PyCqBot: % received keepalive pong[0m
[0m[2023-05-25 11:13:25,800][MainThread/DEBUG] PyCqBot: % sending keepalive ping[0m
[0m[2023-05-25 11:13:25,810][MainThread/DEBUG] PyCqBot: > PING c7 c8 e3 00 [binary, 4 bytes][0m
[0m[2023-05-25 11:13:25,812][MainThread/DEBUG] PyCqBot: < PONG c7 c8 e3 00 [binary, 4 bytes][0m
[0m[2023-05-25 11:13:25,812][MainThread/DEBUG] PyCqBot: % received keepalive pong[0m
[0m[2023-05-25 11:13:45,294][MainThread/DEBUG] PyCqBot: < TEXT '{"post_type":"meta_event","meta_event_type":"he...1}},"interval":40000}\n' [396 bytes][0m
[0m[2023-05-25 11:13:45,295][MainThread/DEBUG] PyCqBot: go-cqhttp ÉÏ±¨ meta_event_heartbeat ÊÂ¼þ: {'post_type': 'meta_event', 'meta_event_type': 'heartbeat', 'time': 1684984425, 'self_id': 1330141479, 'status': {'app_enabled': True, 'app_good': True, 'app_initialized': True, 'good': True, 'online': True, 'plugins_good': None, 'stat': {'packet_received': 29, 'packet_sent': 19, 'packet_lost': 0, 'message_received': 1, 'message_sent': 1, 'disconnect_times': 0, 'lost_times': 0, 'last_message_time': 1684984351}}, 'interval': 40000}[0m
[0m[2023-05-25 11:13:45,296][run_meta_event_heartbeat_0/DEBUG] PyCqBot: websocket ÐÄÌø: {'post_type': 'meta_event', 'meta_event_type': 'heartbeat', 'time': 1684984425, 'self_id': 1330141479, 'status': {'app_enabled': True, 'app_good': True, 'app_initialized': True, 'good': True, 'online': True, 'plugins_good': None, 'stat': {'packet_received': 29, 'packet_sent': 19, 'packet_lost': 0, 'message_received': 1, 'message_sent': 1, 'disconnect_times': 0, 'lost_times': 0, 'last_message_time': 1684984351}}, 'interval': 40000}[0m
[0m[2023-05-25 11:13:45,813][MainThread/DEBUG] PyCqBot: % sending keepalive ping[0m
[0m[2023-05-25 11:13:45,824][MainThread/DEBUG] PyCqBot: > PING 89 3c d8 33 [binary, 4 bytes][0m
[0m[2023-05-25 11:13:45,825][MainThread/DEBUG] PyCqBot: < PONG 89 3c d8 33 [binary, 4 bytes][0m
[0m[2023-05-25 11:13:45,825][MainThread/DEBUG] PyCqBot: % received keepalive pong[0m
[0m[2023-05-25 11:14:05,827][MainThread/DEBUG] PyCqBot: % sending keepalive ping[0m
[0m[2023-05-25 11:14:05,828][MainThread/DEBUG] PyCqBot: > PING da d4 dd 8b [binary, 4 bytes][0m
[0m[2023-05-25 11:14:05,830][MainThread/DEBUG] PyCqBot: < PONG da d4 dd 8b [binary, 4 bytes][0m
[0m[2023-05-25 11:14:05,830][MainThread/DEBUG] PyCqBot: % received keepalive pong[0m
[0m[2023-05-25 11:14:25,292][MainThread/DEBUG] PyCqBot: < TEXT '{"post_type":"meta_event","meta_event_type":"he...1}},"interval":40000}\n' [396 bytes][0m
[0m[2023-05-25 11:14:25,303][MainThread/DEBUG] PyCqBot: go-cqhttp ÉÏ±¨ meta_event_heartbeat ÊÂ¼þ: {'post_type': 'meta_event', 'meta_event_type': 'heartbeat', 'time': 1684984465, 'self_id': 1330141479, 'status': {'app_enabled': True, 'app_good': True, 'app_initialized': True, 'good': True, 'online': True, 'plugins_good': None, 'stat': {'packet_received': 31, 'packet_sent': 21, 'packet_lost': 0, 'message_received': 1, 'message_sent': 1, 'disconnect_times': 0, 'lost_times': 0, 'last_message_time': 1684984351}}, 'interval': 40000}[0m
[0m[2023-05-25 11:14:25,304][run_meta_event_heartbeat_0/DEBUG] PyCqBot: websocket ÐÄÌø: {'post_type': 'meta_event', 'meta_event_type': 'heartbeat', 'time': 1684984465, 'self_id': 1330141479, 'status': {'app_enabled': True, 'app_good': True, 'app_initialized': True, 'good': True, 'online': True, 'plugins_good': None, 'stat': {'packet_received': 31, 'packet_sent': 21, 'packet_lost': 0, 'message_received': 1, 'message_sent': 1, 'disconnect_times': 0, 'lost_times': 0, 'last_message_time': 1684984351}}, 'interval': 40000}[0m
[0m[2023-05-25 11:14:25,836][MainThread/DEBUG] PyCqBot: % sending keepalive ping[0m
[0m[2023-05-25 11:14:25,855][MainThread/DEBUG] PyCqBot: % received keepalive pong[0m
[0m[2023-05-25 11:14:45,859][MainThread/DEBUG] PyCqBot: % sending keepalive ping[0m
[0m[2023-05-25 11:14:45,860][MainThread/DEBUG] PyCqBot: > PING dd e3 0c 98 [binary, 4 bytes][0m
[0m[2023-05-25 11:14:45,861][MainThread/DEBUG] PyCqBot: < PONG dd e3 0c 98 [binary, 4 bytes][0m
[0m[2023-05-25 11:14:45,862][MainThread/DEBUG] PyCqBot: % received keepalive pong[0m
[0m[2023-05-25 11:14:57,501][MainThread/DEBUG] PyCqBot: = connection is CLOSING[0m
[0m[2023-05-25 11:14:57,508][MainThread/DEBUG] PyCqBot: > CLOSE 1000 (OK) [2 bytes][0m
[0m[2023-05-25 11:14:57,586][MainThread/DEBUG] PyCqBot: = connection is CLOSED[0m
